{"total": {"lines":{"total":2173,"covered":729,"skipped":0,"pct":33.54},"statements":{"total":2215,"covered":752,"skipped":0,"pct":33.95},"functions":{"total":419,"covered":151,"skipped":0,"pct":36.03},"branches":{"total":1290,"covered":337,"skipped":0,"pct":26.12},"branchesTrue":{"total":0,"covered":0,"skipped":0,"pct":100}}
,"/Users/Kyle.Banashek/Source/app-sync-poc-working/amplify-datastore-todo/src/API.ts": {"lines":{"total":0,"covered":0,"skipped":0,"pct":100},"functions":{"total":0,"covered":0,"skipped":0,"pct":100},"statements":{"total":0,"covered":0,"skipped":0,"pct":100},"branches":{"total":0,"covered":0,"skipped":0,"pct":100}}
,"/Users/Kyle.Banashek/Source/app-sync-poc-working/amplify-datastore-todo/src/amplify-config.ts": {"lines":{"total":4,"covered":0,"skipped":0,"pct":0},"functions":{"total":1,"covered":0,"skipped":0,"pct":0},"statements":{"total":4,"covered":0,"skipped":0,"pct":0},"branches":{"total":0,"covered":0,"skipped":0,"pct":100}}
,"/Users/Kyle.Banashek/Source/app-sync-poc-working/amplify-datastore-todo/src/amplify-init-sync.ts": {"lines":{"total":5,"covered":0,"skipped":0,"pct":0},"functions":{"total":1,"covered":0,"skipped":0,"pct":0},"statements":{"total":5,"covered":0,"skipped":0,"pct":0},"branches":{"total":0,"covered":0,"skipped":0,"pct":100}}
,"/Users/Kyle.Banashek/Source/app-sync-poc-working/amplify-datastore-todo/src/amplify-init.ts": {"lines":{"total":3,"covered":0,"skipped":0,"pct":0},"functions":{"total":1,"covered":0,"skipped":0,"pct":0},"statements":{"total":3,"covered":0,"skipped":0,"pct":0},"branches":{"total":0,"covered":0,"skipped":0,"pct":100}}
,"/Users/Kyle.Banashek/Source/app-sync-poc-working/amplify-datastore-todo/src/components/NavigationMenu.tsx": {"lines":{"total":18,"covered":0,"skipped":0,"pct":0},"functions":{"total":5,"covered":0,"skipped":0,"pct":0},"statements":{"total":18,"covered":0,"skipped":0,"pct":0},"branches":{"total":6,"covered":0,"skipped":0,"pct":0}}
,"/Users/Kyle.Banashek/Source/app-sync-poc-working/amplify-datastore-todo/src/components/NetworkStatusIndicator.tsx": {"lines":{"total":4,"covered":0,"skipped":0,"pct":0},"functions":{"total":1,"covered":0,"skipped":0,"pct":0},"statements":{"total":4,"covered":0,"skipped":0,"pct":0},"branches":{"total":0,"covered":0,"skipped":0,"pct":100}}
,"/Users/Kyle.Banashek/Source/app-sync-poc-working/amplify-datastore-todo/src/components/TaskCard.tsx": {"lines":{"total":45,"covered":38,"skipped":0,"pct":84.44},"functions":{"total":6,"covered":5,"skipped":0,"pct":83.33},"statements":{"total":45,"covered":38,"skipped":0,"pct":84.44},"branches":{"total":54,"covered":46,"skipped":0,"pct":85.18}}
,"/Users/Kyle.Banashek/Source/app-sync-poc-working/amplify-datastore-todo/src/components/TaskFilters.tsx": {"lines":{"total":19,"covered":0,"skipped":0,"pct":0},"functions":{"total":9,"covered":0,"skipped":0,"pct":0},"statements":{"total":21,"covered":0,"skipped":0,"pct":0},"branches":{"total":20,"covered":0,"skipped":0,"pct":0}}
,"/Users/Kyle.Banashek/Source/app-sync-poc-working/amplify-datastore-todo/src/components/TaskForm.tsx": {"lines":{"total":8,"covered":0,"skipped":0,"pct":0},"functions":{"total":5,"covered":0,"skipped":0,"pct":0},"statements":{"total":8,"covered":0,"skipped":0,"pct":0},"branches":{"total":14,"covered":0,"skipped":0,"pct":0}}
,"/Users/Kyle.Banashek/Source/app-sync-poc-working/amplify-datastore-todo/src/components/TaskList.tsx": {"lines":{"total":106,"covered":0,"skipped":0,"pct":0},"functions":{"total":18,"covered":0,"skipped":0,"pct":0},"statements":{"total":106,"covered":0,"skipped":0,"pct":0},"branches":{"total":40,"covered":0,"skipped":0,"pct":0}}
,"/Users/Kyle.Banashek/Source/app-sync-poc-working/amplify-datastore-todo/src/components/TasksGroupedView.tsx": {"lines":{"total":13,"covered":13,"skipped":0,"pct":100},"functions":{"total":5,"covered":5,"skipped":0,"pct":100},"statements":{"total":13,"covered":13,"skipped":0,"pct":100},"branches":{"total":9,"covered":9,"skipped":0,"pct":100}}
,"/Users/Kyle.Banashek/Source/app-sync-poc-working/amplify-datastore-todo/src/components/TasksView.tsx": {"lines":{"total":59,"covered":0,"skipped":0,"pct":0},"functions":{"total":9,"covered":0,"skipped":0,"pct":0},"statements":{"total":60,"covered":0,"skipped":0,"pct":0},"branches":{"total":29,"covered":0,"skipped":0,"pct":0}}
,"/Users/Kyle.Banashek/Source/app-sync-poc-working/amplify-datastore-todo/src/components/TodoForm.tsx": {"lines":{"total":4,"covered":0,"skipped":0,"pct":0},"functions":{"total":1,"covered":0,"skipped":0,"pct":0},"statements":{"total":4,"covered":0,"skipped":0,"pct":0},"branches":{"total":6,"covered":0,"skipped":0,"pct":0}}
,"/Users/Kyle.Banashek/Source/app-sync-poc-working/amplify-datastore-todo/src/components/TodoList.tsx": {"lines":{"total":27,"covered":0,"skipped":0,"pct":0},"functions":{"total":8,"covered":0,"skipped":0,"pct":0},"statements":{"total":27,"covered":0,"skipped":0,"pct":0},"branches":{"total":26,"covered":0,"skipped":0,"pct":0}}
,"/Users/Kyle.Banashek/Source/app-sync-poc-working/amplify-datastore-todo/src/components/questions/CompletionScreen.tsx": {"lines":{"total":3,"covered":3,"skipped":0,"pct":100},"functions":{"total":1,"covered":1,"skipped":0,"pct":100},"statements":{"total":3,"covered":3,"skipped":0,"pct":100},"branches":{"total":4,"covered":4,"skipped":0,"pct":100}}
,"/Users/Kyle.Banashek/Source/app-sync-poc-working/amplify-datastore-todo/src/components/questions/DateQuestion.tsx": {"lines":{"total":32,"covered":0,"skipped":0,"pct":0},"functions":{"total":6,"covered":0,"skipped":0,"pct":0},"statements":{"total":34,"covered":0,"skipped":0,"pct":0},"branches":{"total":35,"covered":0,"skipped":0,"pct":0}}
,"/Users/Kyle.Banashek/Source/app-sync-poc-working/amplify-datastore-todo/src/components/questions/ErrorState.tsx": {"lines":{"total":3,"covered":0,"skipped":0,"pct":0},"functions":{"total":1,"covered":0,"skipped":0,"pct":0},"statements":{"total":3,"covered":0,"skipped":0,"pct":0},"branches":{"total":2,"covered":0,"skipped":0,"pct":0}}
,"/Users/Kyle.Banashek/Source/app-sync-poc-working/amplify-datastore-todo/src/components/questions/IntroductionScreen.tsx": {"lines":{"total":3,"covered":3,"skipped":0,"pct":100},"functions":{"total":1,"covered":1,"skipped":0,"pct":100},"statements":{"total":3,"covered":3,"skipped":0,"pct":100},"branches":{"total":6,"covered":6,"skipped":0,"pct":100}}
,"/Users/Kyle.Banashek/Source/app-sync-poc-working/amplify-datastore-todo/src/components/questions/LoadingState.tsx": {"lines":{"total":3,"covered":0,"skipped":0,"pct":0},"functions":{"total":1,"covered":0,"skipped":0,"pct":0},"statements":{"total":3,"covered":0,"skipped":0,"pct":0},"branches":{"total":2,"covered":0,"skipped":0,"pct":0}}
,"/Users/Kyle.Banashek/Source/app-sync-poc-working/amplify-datastore-todo/src/components/questions/MultiSelectQuestion.tsx": {"lines":{"total":20,"covered":20,"skipped":0,"pct":100},"functions":{"total":6,"covered":6,"skipped":0,"pct":100},"statements":{"total":22,"covered":22,"skipped":0,"pct":100},"branches":{"total":24,"covered":23,"skipped":0,"pct":95.83}}
,"/Users/Kyle.Banashek/Source/app-sync-poc-working/amplify-datastore-todo/src/components/questions/NavigationButtons.tsx": {"lines":{"total":5,"covered":5,"skipped":0,"pct":100},"functions":{"total":1,"covered":1,"skipped":0,"pct":100},"statements":{"total":5,"covered":5,"skipped":0,"pct":100},"branches":{"total":14,"covered":13,"skipped":0,"pct":92.85}}
,"/Users/Kyle.Banashek/Source/app-sync-poc-working/amplify-datastore-todo/src/components/questions/NumberQuestion.tsx": {"lines":{"total":26,"covered":26,"skipped":0,"pct":100},"functions":{"total":6,"covered":6,"skipped":0,"pct":100},"statements":{"total":28,"covered":28,"skipped":0,"pct":100},"branches":{"total":44,"covered":36,"skipped":0,"pct":81.81}}
,"/Users/Kyle.Banashek/Source/app-sync-poc-working/amplify-datastore-todo/src/components/questions/ProgressIndicator.tsx": {"lines":{"total":3,"covered":3,"skipped":0,"pct":100},"functions":{"total":1,"covered":1,"skipped":0,"pct":100},"statements":{"total":3,"covered":3,"skipped":0,"pct":100},"branches":{"total":0,"covered":0,"skipped":0,"pct":100}}
,"/Users/Kyle.Banashek/Source/app-sync-poc-working/amplify-datastore-todo/src/components/questions/QuestionRenderer.tsx": {"lines":{"total":45,"covered":0,"skipped":0,"pct":0},"functions":{"total":12,"covered":0,"skipped":0,"pct":0},"statements":{"total":45,"covered":0,"skipped":0,"pct":0},"branches":{"total":90,"covered":0,"skipped":0,"pct":0}}
,"/Users/Kyle.Banashek/Source/app-sync-poc-working/amplify-datastore-todo/src/components/questions/QuestionScreenContent.tsx": {"lines":{"total":7,"covered":0,"skipped":0,"pct":0},"functions":{"total":2,"covered":0,"skipped":0,"pct":0},"statements":{"total":7,"covered":0,"skipped":0,"pct":0},"branches":{"total":2,"covered":0,"skipped":0,"pct":0}}
,"/Users/Kyle.Banashek/Source/app-sync-poc-working/amplify-datastore-todo/src/components/questions/ReviewScreen.tsx": {"lines":{"total":25,"covered":0,"skipped":0,"pct":0},"functions":{"total":7,"covered":0,"skipped":0,"pct":0},"statements":{"total":27,"covered":0,"skipped":0,"pct":0},"branches":{"total":29,"covered":0,"skipped":0,"pct":0}}
,"/Users/Kyle.Banashek/Source/app-sync-poc-working/amplify-datastore-todo/src/components/questions/ReviewScreenContainer.tsx": {"lines":{"total":3,"covered":0,"skipped":0,"pct":0},"functions":{"total":1,"covered":0,"skipped":0,"pct":0},"statements":{"total":3,"covered":0,"skipped":0,"pct":0},"branches":{"total":2,"covered":0,"skipped":0,"pct":0}}
,"/Users/Kyle.Banashek/Source/app-sync-poc-working/amplify-datastore-todo/src/components/questions/SingleSelectQuestion.tsx": {"lines":{"total":12,"covered":12,"skipped":0,"pct":100},"functions":{"total":5,"covered":5,"skipped":0,"pct":100},"statements":{"total":12,"covered":12,"skipped":0,"pct":100},"branches":{"total":22,"covered":20,"skipped":0,"pct":90.9}}
,"/Users/Kyle.Banashek/Source/app-sync-poc-working/amplify-datastore-todo/src/components/questions/TextQuestion.tsx": {"lines":{"total":8,"covered":8,"skipped":0,"pct":100},"functions":{"total":2,"covered":2,"skipped":0,"pct":100},"statements":{"total":8,"covered":8,"skipped":0,"pct":100},"branches":{"total":10,"covered":10,"skipped":0,"pct":100}}
,"/Users/Kyle.Banashek/Source/app-sync-poc-working/amplify-datastore-todo/src/contexts/AmplifyContext.tsx": {"lines":{"total":9,"covered":0,"skipped":0,"pct":0},"functions":{"total":2,"covered":0,"skipped":0,"pct":0},"statements":{"total":9,"covered":0,"skipped":0,"pct":0},"branches":{"total":2,"covered":0,"skipped":0,"pct":0}}
,"/Users/Kyle.Banashek/Source/app-sync-poc-working/amplify-datastore-todo/src/graphql/mutations.ts": {"lines":{"total":27,"covered":0,"skipped":0,"pct":0},"functions":{"total":0,"covered":0,"skipped":0,"pct":100},"statements":{"total":27,"covered":0,"skipped":0,"pct":0},"branches":{"total":0,"covered":0,"skipped":0,"pct":100}}
,"/Users/Kyle.Banashek/Source/app-sync-poc-working/amplify-datastore-todo/src/graphql/queries.ts": {"lines":{"total":27,"covered":0,"skipped":0,"pct":0},"functions":{"total":0,"covered":0,"skipped":0,"pct":100},"statements":{"total":27,"covered":0,"skipped":0,"pct":0},"branches":{"total":0,"covered":0,"skipped":0,"pct":100}}
,"/Users/Kyle.Banashek/Source/app-sync-poc-working/amplify-datastore-todo/src/graphql/subscriptions.ts": {"lines":{"total":27,"covered":0,"skipped":0,"pct":0},"functions":{"total":0,"covered":0,"skipped":0,"pct":100},"statements":{"total":27,"covered":0,"skipped":0,"pct":0},"branches":{"total":0,"covered":0,"skipped":0,"pct":100}}
,"/Users/Kyle.Banashek/Source/app-sync-poc-working/amplify-datastore-todo/src/hooks/useActivityList.ts": {"lines":{"total":27,"covered":22,"skipped":0,"pct":81.48},"functions":{"total":6,"covered":6,"skipped":0,"pct":100},"statements":{"total":27,"covered":22,"skipped":0,"pct":81.48},"branches":{"total":2,"covered":1,"skipped":0,"pct":50}}
,"/Users/Kyle.Banashek/Source/app-sync-poc-working/amplify-datastore-todo/src/hooks/useAmplifyState.ts": {"lines":{"total":48,"covered":0,"skipped":0,"pct":0},"functions":{"total":8,"covered":0,"skipped":0,"pct":0},"statements":{"total":51,"covered":0,"skipped":0,"pct":0},"branches":{"total":26,"covered":0,"skipped":0,"pct":0}}
,"/Users/Kyle.Banashek/Source/app-sync-poc-working/amplify-datastore-todo/src/hooks/useDataPointList.ts": {"lines":{"total":37,"covered":30,"skipped":0,"pct":81.08},"functions":{"total":8,"covered":8,"skipped":0,"pct":100},"statements":{"total":37,"covered":30,"skipped":0,"pct":81.08},"branches":{"total":0,"covered":0,"skipped":0,"pct":100}}
,"/Users/Kyle.Banashek/Source/app-sync-poc-working/amplify-datastore-todo/src/hooks/useGroupedTasks.ts": {"lines":{"total":86,"covered":80,"skipped":0,"pct":93.02},"functions":{"total":14,"covered":14,"skipped":0,"pct":100},"statements":{"total":98,"covered":89,"skipped":0,"pct":90.81},"branches":{"total":36,"covered":27,"skipped":0,"pct":75}}
,"/Users/Kyle.Banashek/Source/app-sync-poc-working/amplify-datastore-todo/src/hooks/useNetworkStatus.ts": {"lines":{"total":15,"covered":15,"skipped":0,"pct":100},"functions":{"total":3,"covered":3,"skipped":0,"pct":100},"statements":{"total":23,"covered":23,"skipped":0,"pct":100},"branches":{"total":16,"covered":16,"skipped":0,"pct":100}}
,"/Users/Kyle.Banashek/Source/app-sync-poc-working/amplify-datastore-todo/src/hooks/useQuestionList.ts": {"lines":{"total":27,"covered":27,"skipped":0,"pct":100},"functions":{"total":6,"covered":6,"skipped":0,"pct":100},"statements":{"total":27,"covered":27,"skipped":0,"pct":100},"branches":{"total":2,"covered":1,"skipped":0,"pct":50}}
,"/Users/Kyle.Banashek/Source/app-sync-poc-working/amplify-datastore-todo/src/hooks/useQuestionsScreen.ts": {"lines":{"total":352,"covered":90,"skipped":0,"pct":25.56},"functions":{"total":40,"covered":11,"skipped":0,"pct":27.5},"statements":{"total":354,"covered":90,"skipped":0,"pct":25.42},"branches":{"total":277,"covered":28,"skipped":0,"pct":10.1}}
,"/Users/Kyle.Banashek/Source/app-sync-poc-working/amplify-datastore-todo/src/hooks/useTaskAnswerList.ts": {"lines":{"total":27,"covered":22,"skipped":0,"pct":81.48},"functions":{"total":6,"covered":6,"skipped":0,"pct":100},"statements":{"total":27,"covered":22,"skipped":0,"pct":81.48},"branches":{"total":2,"covered":1,"skipped":0,"pct":50}}
,"/Users/Kyle.Banashek/Source/app-sync-poc-working/amplify-datastore-todo/src/hooks/useTaskFilters.ts": {"lines":{"total":31,"covered":31,"skipped":0,"pct":100},"functions":{"total":5,"covered":5,"skipped":0,"pct":100},"statements":{"total":31,"covered":31,"skipped":0,"pct":100},"branches":{"total":15,"covered":15,"skipped":0,"pct":100}}
,"/Users/Kyle.Banashek/Source/app-sync-poc-working/amplify-datastore-todo/src/hooks/useTaskForm.ts": {"lines":{"total":65,"covered":61,"skipped":0,"pct":93.84},"functions":{"total":6,"covered":6,"skipped":0,"pct":100},"statements":{"total":65,"covered":61,"skipped":0,"pct":93.84},"branches":{"total":31,"covered":27,"skipped":0,"pct":87.09}}
,"/Users/Kyle.Banashek/Source/app-sync-poc-working/amplify-datastore-todo/src/hooks/useTaskHistoryList.ts": {"lines":{"total":27,"covered":22,"skipped":0,"pct":81.48},"functions":{"total":6,"covered":6,"skipped":0,"pct":100},"statements":{"total":27,"covered":22,"skipped":0,"pct":81.48},"branches":{"total":2,"covered":1,"skipped":0,"pct":50}}
,"/Users/Kyle.Banashek/Source/app-sync-poc-working/amplify-datastore-todo/src/hooks/useTaskList.ts": {"lines":{"total":86,"covered":1,"skipped":0,"pct":1.16},"functions":{"total":14,"covered":0,"skipped":0,"pct":0},"statements":{"total":88,"covered":1,"skipped":0,"pct":1.13},"branches":{"total":35,"covered":0,"skipped":0,"pct":0}}
,"/Users/Kyle.Banashek/Source/app-sync-poc-working/amplify-datastore-todo/src/hooks/useTaskResultList.ts": {"lines":{"total":27,"covered":22,"skipped":0,"pct":81.48},"functions":{"total":6,"covered":6,"skipped":0,"pct":100},"statements":{"total":27,"covered":22,"skipped":0,"pct":81.48},"branches":{"total":2,"covered":1,"skipped":0,"pct":50}}
,"/Users/Kyle.Banashek/Source/app-sync-poc-working/amplify-datastore-todo/src/hooks/useTodoForm.ts": {"lines":{"total":22,"covered":22,"skipped":0,"pct":100},"functions":{"total":2,"covered":2,"skipped":0,"pct":100},"statements":{"total":22,"covered":22,"skipped":0,"pct":100},"branches":{"total":6,"covered":6,"skipped":0,"pct":100}}
,"/Users/Kyle.Banashek/Source/app-sync-poc-working/amplify-datastore-todo/src/hooks/useTodoList.ts": {"lines":{"total":48,"covered":0,"skipped":0,"pct":0},"functions":{"total":8,"covered":0,"skipped":0,"pct":0},"statements":{"total":48,"covered":0,"skipped":0,"pct":0},"branches":{"total":6,"covered":0,"skipped":0,"pct":0}}
,"/Users/Kyle.Banashek/Source/app-sync-poc-working/amplify-datastore-todo/src/services/ActivityService.ts": {"lines":{"total":53,"covered":34,"skipped":0,"pct":64.15},"functions":{"total":13,"covered":9,"skipped":0,"pct":69.23},"statements":{"total":53,"covered":34,"skipped":0,"pct":64.15},"branches":{"total":14,"covered":4,"skipped":0,"pct":28.57}}
,"/Users/Kyle.Banashek/Source/app-sync-poc-working/amplify-datastore-todo/src/services/ConflictResolution.ts": {"lines":{"total":24,"covered":0,"skipped":0,"pct":0},"functions":{"total":2,"covered":0,"skipped":0,"pct":0},"statements":{"total":24,"covered":0,"skipped":0,"pct":0},"branches":{"total":38,"covered":0,"skipped":0,"pct":0}}
,"/Users/Kyle.Banashek/Source/app-sync-poc-working/amplify-datastore-todo/src/services/DataPointService.ts": {"lines":{"total":94,"covered":14,"skipped":0,"pct":14.89},"functions":{"total":23,"covered":4,"skipped":0,"pct":17.39},"statements":{"total":94,"covered":14,"skipped":0,"pct":14.89},"branches":{"total":20,"covered":0,"skipped":0,"pct":0}}
,"/Users/Kyle.Banashek/Source/app-sync-poc-working/amplify-datastore-todo/src/services/QuestionService.ts": {"lines":{"total":53,"covered":19,"skipped":0,"pct":35.84},"functions":{"total":13,"covered":6,"skipped":0,"pct":46.15},"statements":{"total":53,"covered":19,"skipped":0,"pct":35.84},"branches":{"total":14,"covered":2,"skipped":0,"pct":14.28}}
,"/Users/Kyle.Banashek/Source/app-sync-poc-working/amplify-datastore-todo/src/services/TaskAnswerService.ts": {"lines":{"total":56,"covered":21,"skipped":0,"pct":37.5},"functions":{"total":13,"covered":6,"skipped":0,"pct":46.15},"statements":{"total":56,"covered":21,"skipped":0,"pct":37.5},"branches":{"total":30,"covered":6,"skipped":0,"pct":20}}
,"/Users/Kyle.Banashek/Source/app-sync-poc-working/amplify-datastore-todo/src/services/TaskHistoryService.ts": {"lines":{"total":53,"covered":0,"skipped":0,"pct":0},"functions":{"total":13,"covered":0,"skipped":0,"pct":0},"statements":{"total":53,"covered":0,"skipped":0,"pct":0},"branches":{"total":14,"covered":0,"skipped":0,"pct":0}}
,"/Users/Kyle.Banashek/Source/app-sync-poc-working/amplify-datastore-todo/src/services/TaskResultService.ts": {"lines":{"total":53,"covered":0,"skipped":0,"pct":0},"functions":{"total":13,"covered":0,"skipped":0,"pct":0},"statements":{"total":53,"covered":0,"skipped":0,"pct":0},"branches":{"total":14,"covered":0,"skipped":0,"pct":0}}
,"/Users/Kyle.Banashek/Source/app-sync-poc-working/amplify-datastore-todo/src/services/TaskService.ts": {"lines":{"total":90,"covered":65,"skipped":0,"pct":72.22},"functions":{"total":18,"covered":14,"skipped":0,"pct":77.77},"statements":{"total":93,"covered":67,"skipped":0,"pct":72.04},"branches":{"total":59,"covered":34,"skipped":0,"pct":57.62}}
,"/Users/Kyle.Banashek/Source/app-sync-poc-working/amplify-datastore-todo/src/services/TodoService.ts": {"lines":{"total":63,"covered":0,"skipped":0,"pct":0},"functions":{"total":14,"covered":0,"skipped":0,"pct":0},"statements":{"total":63,"covered":0,"skipped":0,"pct":0},"branches":{"total":42,"covered":0,"skipped":0,"pct":0}}
,"/Users/Kyle.Banashek/Source/app-sync-poc-working/amplify-datastore-todo/src/types/Activity.ts": {"lines":{"total":0,"covered":0,"skipped":0,"pct":100},"functions":{"total":0,"covered":0,"skipped":0,"pct":100},"statements":{"total":0,"covered":0,"skipped":0,"pct":100},"branches":{"total":0,"covered":0,"skipped":0,"pct":100}}
,"/Users/Kyle.Banashek/Source/app-sync-poc-working/amplify-datastore-todo/src/types/ActivityConfig.ts": {"lines":{"total":0,"covered":0,"skipped":0,"pct":100},"functions":{"total":0,"covered":0,"skipped":0,"pct":100},"statements":{"total":0,"covered":0,"skipped":0,"pct":100},"branches":{"total":0,"covered":0,"skipped":0,"pct":100}}
,"/Users/Kyle.Banashek/Source/app-sync-poc-working/amplify-datastore-todo/src/types/DataPoint.ts": {"lines":{"total":0,"covered":0,"skipped":0,"pct":100},"functions":{"total":0,"covered":0,"skipped":0,"pct":100},"statements":{"total":0,"covered":0,"skipped":0,"pct":100},"branches":{"total":0,"covered":0,"skipped":0,"pct":100}}
,"/Users/Kyle.Banashek/Source/app-sync-poc-working/amplify-datastore-todo/src/types/Question.ts": {"lines":{"total":0,"covered":0,"skipped":0,"pct":100},"functions":{"total":0,"covered":0,"skipped":0,"pct":100},"statements":{"total":0,"covered":0,"skipped":0,"pct":100},"branches":{"total":0,"covered":0,"skipped":0,"pct":100}}
,"/Users/Kyle.Banashek/Source/app-sync-poc-working/amplify-datastore-todo/src/types/Task.ts": {"lines":{"total":0,"covered":0,"skipped":0,"pct":100},"functions":{"total":0,"covered":0,"skipped":0,"pct":100},"statements":{"total":0,"covered":0,"skipped":0,"pct":100},"branches":{"total":0,"covered":0,"skipped":0,"pct":100}}
,"/Users/Kyle.Banashek/Source/app-sync-poc-working/amplify-datastore-todo/src/types/TaskAnswer.ts": {"lines":{"total":0,"covered":0,"skipped":0,"pct":100},"functions":{"total":0,"covered":0,"skipped":0,"pct":100},"statements":{"total":0,"covered":0,"skipped":0,"pct":100},"branches":{"total":0,"covered":0,"skipped":0,"pct":100}}
,"/Users/Kyle.Banashek/Source/app-sync-poc-working/amplify-datastore-todo/src/types/TaskHistory.ts": {"lines":{"total":0,"covered":0,"skipped":0,"pct":100},"functions":{"total":0,"covered":0,"skipped":0,"pct":100},"statements":{"total":0,"covered":0,"skipped":0,"pct":100},"branches":{"total":0,"covered":0,"skipped":0,"pct":100}}
,"/Users/Kyle.Banashek/Source/app-sync-poc-working/amplify-datastore-todo/src/types/TaskResult.ts": {"lines":{"total":0,"covered":0,"skipped":0,"pct":100},"functions":{"total":0,"covered":0,"skipped":0,"pct":100},"statements":{"total":0,"covered":0,"skipped":0,"pct":100},"branches":{"total":0,"covered":0,"skipped":0,"pct":100}}
,"/Users/Kyle.Banashek/Source/app-sync-poc-working/amplify-datastore-todo/src/utils/activityParser.ts": {"lines":{"total":72,"covered":0,"skipped":0,"pct":0},"functions":{"total":16,"covered":0,"skipped":0,"pct":0},"statements":{"total":73,"covered":0,"skipped":0,"pct":0},"branches":{"total":88,"covered":0,"skipped":0,"pct":0}}
,"/Users/Kyle.Banashek/Source/app-sync-poc-working/amplify-datastore-todo/src/utils/logger.ts": {"lines":{"total":34,"covered":0,"skipped":0,"pct":0},"functions":{"total":18,"covered":0,"skipped":0,"pct":0},"statements":{"total":34,"covered":0,"skipped":0,"pct":0},"branches":{"total":7,"covered":0,"skipped":0,"pct":0}}
}
