{"/Users/Kyle.Banashek/Source/app-sync-poc-working/amplify-datastore-todo/src/API.ts": {"path":"/Users/Kyle.Banashek/Source/app-sync-poc-working/amplify-datastore-todo/src/API.ts","statementMap":{},"fnMap":{},"branchMap":{},"s":{},"f":{},"b":{}}
,"/Users/Kyle.Banashek/Source/app-sync-poc-working/amplify-datastore-todo/src/amplify-config.ts": {"path":"/Users/Kyle.Banashek/Source/app-sync-poc-working/amplify-datastore-todo/src/amplify-config.ts","statementMap":{"0":{"start":{"line":5,"column":32},"end":{"line":24,"column":1}},"1":{"start":{"line":6,"column":2},"end":{"line":23,"column":3}},"2":{"start":{"line":8,"column":4},"end":{"line":16,"column":7}},"3":{"start":{"line":22,"column":4},"end":{"line":22,"column":55}}},"fnMap":{"0":{"name":"(anonymous_0)","decl":{"start":{"line":5,"column":32},"end":{"line":5,"column":33}},"loc":{"start":{"line":5,"column":44},"end":{"line":24,"column":1}},"line":5}},"branchMap":{},"s":{"0":0,"1":0,"2":0,"3":0},"f":{"0":0},"b":{}}
,"/Users/Kyle.Banashek/Source/app-sync-poc-working/amplify-datastore-todo/src/amplify-init-sync.ts": {"path":"/Users/Kyle.Banashek/Source/app-sync-poc-working/amplify-datastore-todo/src/amplify-init-sync.ts","statementMap":{"0":{"start":{"line":9,"column":0},"end":{"line":17,"column":5}},"1":{"start":{"line":10,"column":2},"end":{"line":16,"column":3}},"2":{"start":{"line":12,"column":4},"end":{"line":12,"column":33}},"3":{"start":{"line":15,"column":4},"end":{"line":15,"column":72}},"4":{"start":{"line":20,"column":35},"end":{"line":20,"column":39}}},"fnMap":{"0":{"name":"initializeAmplify","decl":{"start":{"line":9,"column":10},"end":{"line":9,"column":27}},"loc":{"start":{"line":9,"column":30},"end":{"line":17,"column":1}},"line":9}},"branchMap":{},"s":{"0":0,"1":0,"2":0,"3":0,"4":0},"f":{"0":0},"b":{}}
,"/Users/Kyle.Banashek/Source/app-sync-poc-working/amplify-datastore-todo/src/amplify-init.ts": {"path":"/Users/Kyle.Banashek/Source/app-sync-poc-working/amplify-datastore-todo/src/amplify-init.ts","statementMap":{"0":{"start":{"line":6,"column":0},"end":{"line":6,"column":29}},"1":{"start":{"line":10,"column":40},"end":{"line":13,"column":1}},"2":{"start":{"line":12,"column":2},"end":{"line":12,"column":14}}},"fnMap":{"0":{"name":"(anonymous_0)","decl":{"start":{"line":10,"column":40},"end":{"line":10,"column":41}},"loc":{"start":{"line":10,"column":46},"end":{"line":13,"column":1}},"line":10}},"branchMap":{},"s":{"0":0,"1":0,"2":0},"f":{"0":0},"b":{}}
,"/Users/Kyle.Banashek/Source/app-sync-poc-working/amplify-datastore-todo/src/components/NavigationMenu.tsx": {"path":"/Users/Kyle.Banashek/Source/app-sync-poc-working/amplify-datastore-todo/src/components/NavigationMenu.tsx","statementMap":{"0":{"start":{"line":23,"column":30},"end":{"line":66,"column":1}},"1":{"start":{"line":73,"column":61},"end":{"line":191,"column":1}},"2":{"start":{"line":77,"column":17},"end":{"line":77,"column":28}},"3":{"start":{"line":78,"column":22},"end":{"line":78,"column":38}},"4":{"start":{"line":79,"column":17},"end":{"line":79,"column":47}},"5":{"start":{"line":81,"column":2},"end":{"line":86,"column":4}},"6":{"start":{"line":88,"column":25},"end":{"line":96,"column":3}},"7":{"start":{"line":89,"column":4},"end":{"line":89,"column":58}},"8":{"start":{"line":90,"column":4},"end":{"line":95,"column":5}},"9":{"start":{"line":91,"column":6},"end":{"line":91,"column":32}},"10":{"start":{"line":92,"column":6},"end":{"line":92,"column":16}},"11":{"start":{"line":94,"column":6},"end":{"line":94,"column":65}},"12":{"start":{"line":98,"column":2},"end":{"line":190,"column":4}},"13":{"start":{"line":114,"column":12},"end":{"line":114,"column":32}},"14":{"start":{"line":141,"column":16},"end":{"line":145,"column":18}},"15":{"start":{"line":146,"column":16},"end":{"line":183,"column":18}},"16":{"start":{"line":150,"column":35},"end":{"line":150,"column":61}},"17":{"start":{"line":193,"column":15},"end":{"line":276,"column":2}}},"fnMap":{"0":{"name":"(anonymous_0)","decl":{"start":{"line":73,"column":61},"end":{"line":73,"column":62}},"loc":{"start":{"line":76,"column":6},"end":{"line":191,"column":1}},"line":76},"1":{"name":"(anonymous_1)","decl":{"start":{"line":88,"column":25},"end":{"line":88,"column":26}},"loc":{"start":{"line":88,"column":44},"end":{"line":96,"column":3}},"line":88},"2":{"name":"(anonymous_2)","decl":{"start":{"line":113,"column":19},"end":{"line":113,"column":20}},"loc":{"start":{"line":113,"column":26},"end":{"line":115,"column":11}},"line":113},"3":{"name":"(anonymous_3)","decl":{"start":{"line":140,"column":28},"end":{"line":140,"column":29}},"loc":{"start":{"line":140,"column":45},"end":{"line":184,"column":15}},"line":140},"4":{"name":"(anonymous_4)","decl":{"start":{"line":150,"column":29},"end":{"line":150,"column":30}},"loc":{"start":{"line":150,"column":35},"end":{"line":150,"column":61}},"line":150}},"branchMap":{"0":{"loc":{"start":{"line":79,"column":24},"end":{"line":79,"column":46}},"type":"binary-expr","locations":[{"start":{"line":79,"column":24},"end":{"line":79,"column":35}},{"start":{"line":79,"column":39},"end":{"line":79,"column":46}}],"line":79},"1":{"loc":{"start":{"line":133,"column":13},"end":{"line":185,"column":13}},"type":"cond-expr","locations":[{"start":{"line":134,"column":14},"end":{"line":138,"column":21}},{"start":{"line":140,"column":14},"end":{"line":184,"column":16}}],"line":133},"2":{"loc":{"start":{"line":166,"column":23},"end":{"line":175,"column":23}},"type":"binary-expr","locations":[{"start":{"line":166,"column":23},"end":{"line":166,"column":39}},{"start":{"line":167,"column":24},"end":{"line":174,"column":31}}],"line":166}},"s":{"0":0,"1":0,"2":0,"3":0,"4":0,"5":0,"6":0,"7":0,"8":0,"9":0,"10":0,"11":0,"12":0,"13":0,"14":0,"15":0,"16":0,"17":0},"f":{"0":0,"1":0,"2":0,"3":0,"4":0},"b":{"0":[0,0],"1":[0,0],"2":[0,0]}}
,"/Users/Kyle.Banashek/Source/app-sync-poc-working/amplify-datastore-todo/src/components/NetworkStatusIndicator.tsx": {"path":"/Users/Kyle.Banashek/Source/app-sync-poc-working/amplify-datastore-todo/src/components/NetworkStatusIndicator.tsx","statementMap":{"0":{"start":{"line":5,"column":48},"end":{"line":15,"column":1}},"1":{"start":{"line":7,"column":38},"end":{"line":7,"column":56}},"2":{"start":{"line":9,"column":2},"end":{"line":14,"column":4}},"3":{"start":{"line":17,"column":15},"end":{"line":37,"column":2}}},"fnMap":{"0":{"name":"(anonymous_0)","decl":{"start":{"line":5,"column":48},"end":{"line":5,"column":49}},"loc":{"start":{"line":5,"column":54},"end":{"line":15,"column":1}},"line":5}},"branchMap":{},"s":{"0":0,"1":0,"2":0,"3":0},"f":{"0":0},"b":{}}
,"/Users/Kyle.Banashek/Source/app-sync-poc-working/amplify-datastore-todo/src/components/TaskCard.tsx": {"path":"/Users/Kyle.Banashek/Source/app-sync-poc-working/amplify-datastore-todo/src/components/TaskCard.tsx","statementMap":{"0":{"start":{"line":15,"column":20},"end":{"line":50,"column":1}},"1":{"start":{"line":16,"column":16},"end":{"line":16,"column":48}},"2":{"start":{"line":19,"column":2},"end":{"line":21,"column":3}},"3":{"start":{"line":20,"column":4},"end":{"line":20,"column":47}},"4":{"start":{"line":22,"column":2},"end":{"line":24,"column":3}},"5":{"start":{"line":23,"column":4},"end":{"line":23,"column":61}},"6":{"start":{"line":25,"column":2},"end":{"line":27,"column":3}},"7":{"start":{"line":26,"column":4},"end":{"line":26,"column":56}},"8":{"start":{"line":28,"column":2},"end":{"line":30,"column":3}},"9":{"start":{"line":29,"column":4},"end":{"line":29,"column":46}},"10":{"start":{"line":31,"column":2},"end":{"line":37,"column":3}},"11":{"start":{"line":36,"column":4},"end":{"line":36,"column":61}},"12":{"start":{"line":40,"column":2},"end":{"line":49,"column":3}},"13":{"start":{"line":42,"column":6},"end":{"line":42,"column":52}},"14":{"start":{"line":44,"column":6},"end":{"line":44,"column":49}},"15":{"start":{"line":46,"column":6},"end":{"line":46,"column":50}},"16":{"start":{"line":48,"column":6},"end":{"line":48,"column":52}},"17":{"start":{"line":52,"column":49},"end":{"line":216,"column":1}},"18":{"start":{"line":58,"column":2},"end":{"line":65,"column":5}},"19":{"start":{"line":67,"column":15},"end":{"line":67,"column":32}},"20":{"start":{"line":70,"column":24},"end":{"line":81,"column":3}},"21":{"start":{"line":71,"column":4},"end":{"line":80,"column":5}},"22":{"start":{"line":73,"column":8},"end":{"line":73,"column":76}},"23":{"start":{"line":75,"column":8},"end":{"line":75,"column":78}},"24":{"start":{"line":77,"column":8},"end":{"line":77,"column":74}},"25":{"start":{"line":79,"column":8},"end":{"line":79,"column":20}},"26":{"start":{"line":83,"column":21},"end":{"line":83,"column":47}},"27":{"start":{"line":85,"column":27},"end":{"line":132,"column":3}},"28":{"start":{"line":86,"column":4},"end":{"line":91,"column":7}},"29":{"start":{"line":93,"column":4},"end":{"line":131,"column":5}},"30":{"start":{"line":95,"column":6},"end":{"line":118,"column":7}},"31":{"start":{"line":99,"column":8},"end":{"line":102,"column":11}},"32":{"start":{"line":103,"column":8},"end":{"line":105,"column":11}},"33":{"start":{"line":106,"column":8},"end":{"line":109,"column":11}},"34":{"start":{"line":111,"column":8},"end":{"line":117,"column":10}},"35":{"start":{"line":120,"column":6},"end":{"line":123,"column":9}},"36":{"start":{"line":124,"column":6},"end":{"line":124,"column":22}},"37":{"start":{"line":126,"column":6},"end":{"line":130,"column":9}},"38":{"start":{"line":134,"column":26},"end":{"line":142,"column":3}},"39":{"start":{"line":135,"column":4},"end":{"line":140,"column":7}},"40":{"start":{"line":141,"column":4},"end":{"line":141,"column":20}},"41":{"start":{"line":144,"column":2},"end":{"line":215,"column":4}},"42":{"start":{"line":201,"column":16},"end":{"line":204,"column":19}},"43":{"start":{"line":205,"column":16},"end":{"line":205,"column":32}},"44":{"start":{"line":218,"column":15},"end":{"line":312,"column":2}}},"fnMap":{"0":{"name":"(anonymous_0)","decl":{"start":{"line":15,"column":20},"end":{"line":15,"column":21}},"loc":{"start":{"line":15,"column":69},"end":{"line":50,"column":1}},"line":15},"1":{"name":"(anonymous_1)","decl":{"start":{"line":52,"column":49},"end":{"line":52,"column":50}},"loc":{"start":{"line":57,"column":6},"end":{"line":216,"column":1}},"line":57},"2":{"name":"(anonymous_2)","decl":{"start":{"line":70,"column":24},"end":{"line":70,"column":25}},"loc":{"start":{"line":70,"column":48},"end":{"line":81,"column":3}},"line":70},"3":{"name":"(anonymous_3)","decl":{"start":{"line":85,"column":27},"end":{"line":85,"column":28}},"loc":{"start":{"line":85,"column":39},"end":{"line":132,"column":3}},"line":85},"4":{"name":"(anonymous_4)","decl":{"start":{"line":134,"column":26},"end":{"line":134,"column":27}},"loc":{"start":{"line":134,"column":32},"end":{"line":142,"column":3}},"line":134},"5":{"name":"(anonymous_5)","decl":{"start":{"line":200,"column":23},"end":{"line":200,"column":24}},"loc":{"start":{"line":200,"column":29},"end":{"line":206,"column":15}},"line":200}},"branchMap":{"0":{"loc":{"start":{"line":16,"column":17},"end":{"line":16,"column":33}},"type":"binary-expr","locations":[{"start":{"line":16,"column":17},"end":{"line":16,"column":27}},{"start":{"line":16,"column":31},"end":{"line":16,"column":33}}],"line":16},"1":{"loc":{"start":{"line":19,"column":2},"end":{"line":21,"column":3}},"type":"if","locations":[{"start":{"line":19,"column":2},"end":{"line":21,"column":3}},{"start":{},"end":{}}],"line":19},"2":{"loc":{"start":{"line":19,"column":6},"end":{"line":19,"column":61}},"type":"binary-expr","locations":[{"start":{"line":19,"column":6},"end":{"line":19,"column":34}},{"start":{"line":19,"column":38},"end":{"line":19,"column":61}}],"line":19},"3":{"loc":{"start":{"line":22,"column":2},"end":{"line":24,"column":3}},"type":"if","locations":[{"start":{"line":22,"column":2},"end":{"line":24,"column":3}},{"start":{},"end":{}}],"line":22},"4":{"loc":{"start":{"line":22,"column":6},"end":{"line":22,"column":58}},"type":"binary-expr","locations":[{"start":{"line":22,"column":6},"end":{"line":22,"column":30}},{"start":{"line":22,"column":34},"end":{"line":22,"column":58}}],"line":22},"5":{"loc":{"start":{"line":25,"column":2},"end":{"line":27,"column":3}},"type":"if","locations":[{"start":{"line":25,"column":2},"end":{"line":27,"column":3}},{"start":{},"end":{}}],"line":25},"6":{"loc":{"start":{"line":25,"column":6},"end":{"line":25,"column":57}},"type":"binary-expr","locations":[{"start":{"line":25,"column":6},"end":{"line":25,"column":31}},{"start":{"line":25,"column":35},"end":{"line":25,"column":57}}],"line":25},"7":{"loc":{"start":{"line":28,"column":2},"end":{"line":30,"column":3}},"type":"if","locations":[{"start":{"line":28,"column":2},"end":{"line":30,"column":3}},{"start":{},"end":{}}],"line":28},"8":{"loc":{"start":{"line":28,"column":6},"end":{"line":28,"column":63}},"type":"binary-expr","locations":[{"start":{"line":28,"column":6},"end":{"line":28,"column":30}},{"start":{"line":28,"column":34},"end":{"line":28,"column":63}}],"line":28},"9":{"loc":{"start":{"line":31,"column":2},"end":{"line":37,"column":3}},"type":"if","locations":[{"start":{"line":31,"column":2},"end":{"line":37,"column":3}},{"start":{},"end":{}}],"line":31},"10":{"loc":{"start":{"line":32,"column":4},"end":{"line":34,"column":33}},"type":"binary-expr","locations":[{"start":{"line":32,"column":4},"end":{"line":32,"column":29}},{"start":{"line":33,"column":4},"end":{"line":33,"column":26}},{"start":{"line":34,"column":4},"end":{"line":34,"column":33}}],"line":32},"11":{"loc":{"start":{"line":40,"column":2},"end":{"line":49,"column":3}},"type":"switch","locations":[{"start":{"line":41,"column":4},"end":{"line":42,"column":52}},{"start":{"line":43,"column":4},"end":{"line":44,"column":49}},{"start":{"line":45,"column":4},"end":{"line":46,"column":50}},{"start":{"line":47,"column":4},"end":{"line":48,"column":52}}],"line":40},"12":{"loc":{"start":{"line":56,"column":2},"end":{"line":56,"column":16}},"type":"default-arg","locations":[{"start":{"line":56,"column":11},"end":{"line":56,"column":16}}],"line":56},"13":{"loc":{"start":{"line":62,"column":17},"end":{"line":62,"column":40}},"type":"binary-expr","locations":[{"start":{"line":62,"column":17},"end":{"line":62,"column":35}},{"start":{"line":62,"column":39},"end":{"line":62,"column":40}}],"line":62},"14":{"loc":{"start":{"line":71,"column":4},"end":{"line":80,"column":5}},"type":"switch","locations":[{"start":{"line":72,"column":6},"end":{"line":73,"column":76}},{"start":{"line":74,"column":6},"end":{"line":75,"column":78}},{"start":{"line":76,"column":6},"end":{"line":77,"column":74}},{"start":{"line":78,"column":6},"end":{"line":79,"column":20}}],"line":71},"15":{"loc":{"start":{"line":95,"column":6},"end":{"line":118,"column":7}},"type":"if","locations":[{"start":{"line":95,"column":6},"end":{"line":118,"column":7}},{"start":{"line":110,"column":13},"end":{"line":118,"column":7}}],"line":95},"16":{"loc":{"start":{"line":96,"column":8},"end":{"line":97,"column":45}},"type":"binary-expr","locations":[{"start":{"line":96,"column":8},"end":{"line":96,"column":42}},{"start":{"line":97,"column":8},"end":{"line":97,"column":45}}],"line":96},"17":{"loc":{"start":{"line":128,"column":15},"end":{"line":128,"column":69}},"type":"cond-expr","locations":[{"start":{"line":128,"column":40},"end":{"line":128,"column":53}},{"start":{"line":128,"column":56},"end":{"line":128,"column":69}}],"line":128},"18":{"loc":{"start":{"line":129,"column":15},"end":{"line":129,"column":63}},"type":"cond-expr","locations":[{"start":{"line":129,"column":40},"end":{"line":129,"column":51}},{"start":{"line":129,"column":54},"end":{"line":129,"column":63}}],"line":129},"19":{"loc":{"start":{"line":152,"column":39},"end":{"line":152,"column":74}},"type":"binary-expr","locations":[{"start":{"line":152,"column":39},"end":{"line":152,"column":45}},{"start":{"line":152,"column":49},"end":{"line":152,"column":74}}],"line":152},"20":{"loc":{"start":{"line":164,"column":17},"end":{"line":164,"column":46}},"type":"binary-expr","locations":[{"start":{"line":164,"column":17},"end":{"line":164,"column":27}},{"start":{"line":164,"column":31},"end":{"line":164,"column":46}}],"line":164},"21":{"loc":{"start":{"line":166,"column":15},"end":{"line":179,"column":15}},"type":"binary-expr","locations":[{"start":{"line":166,"column":15},"end":{"line":166,"column":25}},{"start":{"line":167,"column":16},"end":{"line":178,"column":23}}],"line":166},"22":{"loc":{"start":{"line":184,"column":9},"end":{"line":212,"column":9}},"type":"binary-expr","locations":[{"start":{"line":184,"column":9},"end":{"line":184,"column":16}},{"start":{"line":185,"column":10},"end":{"line":211,"column":17}}],"line":184},"23":{"loc":{"start":{"line":192,"column":17},"end":{"line":195,"column":27}},"type":"cond-expr","locations":[{"start":{"line":194,"column":20},"end":{"line":194,"column":28}},{"start":{"line":195,"column":20},"end":{"line":195,"column":27}}],"line":192},"24":{"loc":{"start":{"line":192,"column":17},"end":{"line":193,"column":53}},"type":"binary-expr","locations":[{"start":{"line":192,"column":17},"end":{"line":192,"column":51}},{"start":{"line":193,"column":16},"end":{"line":193,"column":53}}],"line":192}},"s":{"0":1,"1":19,"2":19,"3":1,"4":18,"5":1,"6":17,"7":0,"8":17,"9":0,"10":17,"11":0,"12":17,"13":15,"14":1,"15":1,"16":0,"17":1,"18":19,"19":19,"20":19,"21":19,"22":1,"23":2,"24":3,"25":13,"26":19,"27":19,"28":3,"29":3,"30":3,"31":2,"32":2,"33":2,"34":1,"35":3,"36":3,"37":0,"38":19,"39":1,"40":1,"41":19,"42":0,"43":0,"44":1},"f":{"0":19,"1":19,"2":19,"3":3,"4":1,"5":0},"b":{"0":[19,1],"1":[1,18],"2":[19,18],"3":[1,17],"4":[18,17],"5":[0,17],"6":[17,17],"7":[0,17],"8":[17,17],"9":[0,17],"10":[17,17,17],"11":[15,1,1,0],"12":[12],"13":[19,1],"14":[1,2,3,13],"15":[2,1],"16":[3,2],"17":[0,0],"18":[0,0],"19":[19,1],"20":[19,1],"21":[19,6],"22":[19,18],"23":[5,13],"24":[18,15]},"_coverageSchema":"1a1c01bbd47fc00a2c39e90264f33305004495a9","hash":"8b28399746b396b4e5c0ce5484a5559cd4cdcabd"}
,"/Users/Kyle.Banashek/Source/app-sync-poc-working/amplify-datastore-todo/src/components/TaskFilters.tsx": {"path":"/Users/Kyle.Banashek/Source/app-sync-poc-working/amplify-datastore-todo/src/components/TaskFilters.tsx","statementMap":{"0":{"start":{"line":14,"column":55},"end":{"line":114,"column":1}},"1":{"start":{"line":23,"column":23},"end":{"line":30,"column":3}},"2":{"start":{"line":24,"column":20},"end":{"line":24,"column":40}},"3":{"start":{"line":25,"column":4},"end":{"line":29,"column":5}},"4":{"start":{"line":26,"column":6},"end":{"line":26,"column":62}},"5":{"start":{"line":26,"column":47},"end":{"line":26,"column":59}},"6":{"start":{"line":28,"column":6},"end":{"line":28,"column":49}},"7":{"start":{"line":32,"column":25},"end":{"line":39,"column":3}},"8":{"start":{"line":33,"column":20},"end":{"line":33,"column":42}},"9":{"start":{"line":34,"column":4},"end":{"line":38,"column":5}},"10":{"start":{"line":35,"column":6},"end":{"line":35,"column":62}},"11":{"start":{"line":35,"column":49},"end":{"line":35,"column":59}},"12":{"start":{"line":37,"column":6},"end":{"line":37,"column":49}},"13":{"start":{"line":41,"column":2},"end":{"line":113,"column":4}},"14":{"start":{"line":64,"column":29},"end":{"line":64,"column":61}},"15":{"start":{"line":65,"column":10},"end":{"line":83,"column":12}},"16":{"start":{"line":72,"column":29},"end":{"line":72,"column":49}},"17":{"start":{"line":90,"column":29},"end":{"line":90,"column":61}},"18":{"start":{"line":91,"column":10},"end":{"line":109,"column":12}},"19":{"start":{"line":98,"column":29},"end":{"line":98,"column":49}},"20":{"start":{"line":116,"column":15},"end":{"line":193,"column":2}}},"fnMap":{"0":{"name":"(anonymous_0)","decl":{"start":{"line":14,"column":55},"end":{"line":14,"column":56}},"loc":{"start":{"line":21,"column":6},"end":{"line":114,"column":1}},"line":21},"1":{"name":"(anonymous_1)","decl":{"start":{"line":23,"column":23},"end":{"line":23,"column":24}},"loc":{"start":{"line":23,"column":47},"end":{"line":30,"column":3}},"line":23},"2":{"name":"(anonymous_2)","decl":{"start":{"line":26,"column":42},"end":{"line":26,"column":43}},"loc":{"start":{"line":26,"column":47},"end":{"line":26,"column":59}},"line":26},"3":{"name":"(anonymous_3)","decl":{"start":{"line":32,"column":25},"end":{"line":32,"column":26}},"loc":{"start":{"line":32,"column":45},"end":{"line":39,"column":3}},"line":32},"4":{"name":"(anonymous_4)","decl":{"start":{"line":35,"column":44},"end":{"line":35,"column":45}},"loc":{"start":{"line":35,"column":49},"end":{"line":35,"column":59}},"line":35},"5":{"name":"(anonymous_5)","decl":{"start":{"line":63,"column":39},"end":{"line":63,"column":40}},"loc":{"start":{"line":63,"column":51},"end":{"line":84,"column":9}},"line":63},"6":{"name":"(anonymous_6)","decl":{"start":{"line":72,"column":23},"end":{"line":72,"column":24}},"loc":{"start":{"line":72,"column":29},"end":{"line":72,"column":49}},"line":72},"7":{"name":"(anonymous_7)","decl":{"start":{"line":89,"column":37},"end":{"line":89,"column":38}},"loc":{"start":{"line":89,"column":47},"end":{"line":110,"column":9}},"line":89},"8":{"name":"(anonymous_8)","decl":{"start":{"line":98,"column":23},"end":{"line":98,"column":24}},"loc":{"start":{"line":98,"column":29},"end":{"line":98,"column":49}},"line":98}},"branchMap":{"0":{"loc":{"start":{"line":24,"column":20},"end":{"line":24,"column":40}},"type":"binary-expr","locations":[{"start":{"line":24,"column":20},"end":{"line":24,"column":34}},{"start":{"line":24,"column":38},"end":{"line":24,"column":40}}],"line":24},"1":{"loc":{"start":{"line":25,"column":4},"end":{"line":29,"column":5}},"type":"if","locations":[{"start":{"line":25,"column":4},"end":{"line":29,"column":5}},{"start":{"line":27,"column":11},"end":{"line":29,"column":5}}],"line":25},"2":{"loc":{"start":{"line":33,"column":20},"end":{"line":33,"column":42}},"type":"binary-expr","locations":[{"start":{"line":33,"column":20},"end":{"line":33,"column":36}},{"start":{"line":33,"column":40},"end":{"line":33,"column":42}}],"line":33},"3":{"loc":{"start":{"line":34,"column":4},"end":{"line":38,"column":5}},"type":"if","locations":[{"start":{"line":34,"column":4},"end":{"line":38,"column":5}},{"start":{"line":36,"column":11},"end":{"line":38,"column":5}}],"line":34},"4":{"loc":{"start":{"line":45,"column":9},"end":{"line":49,"column":9}},"type":"binary-expr","locations":[{"start":{"line":45,"column":9},"end":{"line":45,"column":25}},{"start":{"line":46,"column":10},"end":{"line":48,"column":29}}],"line":45},"5":{"loc":{"start":{"line":55,"column":15},"end":{"line":55,"column":39}},"type":"binary-expr","locations":[{"start":{"line":55,"column":15},"end":{"line":55,"column":33}},{"start":{"line":55,"column":37},"end":{"line":55,"column":39}}],"line":55},"6":{"loc":{"start":{"line":70,"column":16},"end":{"line":70,"column":55}},"type":"binary-expr","locations":[{"start":{"line":70,"column":16},"end":{"line":70,"column":26}},{"start":{"line":70,"column":30},"end":{"line":70,"column":55}}],"line":70},"7":{"loc":{"start":{"line":77,"column":18},"end":{"line":77,"column":61}},"type":"binary-expr","locations":[{"start":{"line":77,"column":18},"end":{"line":77,"column":28}},{"start":{"line":77,"column":32},"end":{"line":77,"column":61}}],"line":77},"8":{"loc":{"start":{"line":96,"column":16},"end":{"line":96,"column":55}},"type":"binary-expr","locations":[{"start":{"line":96,"column":16},"end":{"line":96,"column":26}},{"start":{"line":96,"column":30},"end":{"line":96,"column":55}}],"line":96},"9":{"loc":{"start":{"line":103,"column":18},"end":{"line":103,"column":61}},"type":"binary-expr","locations":[{"start":{"line":103,"column":18},"end":{"line":103,"column":28}},{"start":{"line":103,"column":32},"end":{"line":103,"column":61}}],"line":103}},"s":{"0":0,"1":0,"2":0,"3":0,"4":0,"5":0,"6":0,"7":0,"8":0,"9":0,"10":0,"11":0,"12":0,"13":0,"14":0,"15":0,"16":0,"17":0,"18":0,"19":0,"20":0},"f":{"0":0,"1":0,"2":0,"3":0,"4":0,"5":0,"6":0,"7":0,"8":0},"b":{"0":[0,0],"1":[0,0],"2":[0,0],"3":[0,0],"4":[0,0],"5":[0,0],"6":[0,0],"7":[0,0],"8":[0,0],"9":[0,0]}}
,"/Users/Kyle.Banashek/Source/app-sync-poc-working/amplify-datastore-todo/src/components/TaskForm.tsx": {"path":"/Users/Kyle.Banashek/Source/app-sync-poc-working/amplify-datastore-todo/src/components/TaskForm.tsx","statementMap":{"0":{"start":{"line":18,"column":49},"end":{"line":164,"column":1}},"1":{"start":{"line":36,"column":6},"end":{"line":36,"column":36}},"2":{"start":{"line":38,"column":2},"end":{"line":163,"column":4}},"3":{"start":{"line":76,"column":10},"end":{"line":93,"column":29}},"4":{"start":{"line":82,"column":27},"end":{"line":82,"column":44}},"5":{"start":{"line":100,"column":10},"end":{"line":117,"column":29}},"6":{"start":{"line":106,"column":27},"end":{"line":106,"column":42}},"7":{"start":{"line":166,"column":15},"end":{"line":265,"column":2}}},"fnMap":{"0":{"name":"(anonymous_0)","decl":{"start":{"line":18,"column":49},"end":{"line":18,"column":50}},"loc":{"start":{"line":18,"column":72},"end":{"line":164,"column":1}},"line":18},"1":{"name":"(anonymous_1)","decl":{"start":{"line":75,"column":37},"end":{"line":75,"column":38}},"loc":{"start":{"line":76,"column":10},"end":{"line":93,"column":29}},"line":76},"2":{"name":"(anonymous_2)","decl":{"start":{"line":82,"column":21},"end":{"line":82,"column":22}},"loc":{"start":{"line":82,"column":27},"end":{"line":82,"column":44}},"line":82},"3":{"name":"(anonymous_3)","decl":{"start":{"line":99,"column":39},"end":{"line":99,"column":40}},"loc":{"start":{"line":100,"column":10},"end":{"line":117,"column":29}},"line":100},"4":{"name":"(anonymous_4)","decl":{"start":{"line":106,"column":21},"end":{"line":106,"column":22}},"loc":{"start":{"line":106,"column":27},"end":{"line":106,"column":42}},"line":106}},"branchMap":{"0":{"loc":{"start":{"line":42,"column":7},"end":{"line":42,"column":61}},"type":"binary-expr","locations":[{"start":{"line":42,"column":7},"end":{"line":42,"column":12}},{"start":{"line":42,"column":16},"end":{"line":42,"column":61}}],"line":42},"1":{"loc":{"start":{"line":80,"column":14},"end":{"line":80,"column":61}},"type":"binary-expr","locations":[{"start":{"line":80,"column":14},"end":{"line":80,"column":31}},{"start":{"line":80,"column":35},"end":{"line":80,"column":61}}],"line":80},"2":{"loc":{"start":{"line":88,"column":16},"end":{"line":88,"column":67}},"type":"binary-expr","locations":[{"start":{"line":88,"column":16},"end":{"line":88,"column":33}},{"start":{"line":88,"column":37},"end":{"line":88,"column":67}}],"line":88},"3":{"loc":{"start":{"line":104,"column":14},"end":{"line":104,"column":59}},"type":"binary-expr","locations":[{"start":{"line":104,"column":14},"end":{"line":104,"column":29}},{"start":{"line":104,"column":33},"end":{"line":104,"column":59}}],"line":104},"4":{"loc":{"start":{"line":112,"column":16},"end":{"line":112,"column":65}},"type":"binary-expr","locations":[{"start":{"line":112,"column":16},"end":{"line":112,"column":31}},{"start":{"line":112,"column":35},"end":{"line":112,"column":65}}],"line":112},"5":{"loc":{"start":{"line":151,"column":33},"end":{"line":151,"column":70}},"type":"binary-expr","locations":[{"start":{"line":151,"column":33},"end":{"line":151,"column":45}},{"start":{"line":151,"column":49},"end":{"line":151,"column":70}}],"line":151},"6":{"loc":{"start":{"line":155,"column":11},"end":{"line":159,"column":11}},"type":"cond-expr","locations":[{"start":{"line":156,"column":12},"end":{"line":156,"column":59}},{"start":{"line":158,"column":12},"end":{"line":158,"column":62}}],"line":155}},"s":{"0":0,"1":0,"2":0,"3":0,"4":0,"5":0,"6":0,"7":0},"f":{"0":0,"1":0,"2":0,"3":0,"4":0},"b":{"0":[0,0],"1":[0,0],"2":[0,0],"3":[0,0],"4":[0,0],"5":[0,0],"6":[0,0]}}
,"/Users/Kyle.Banashek/Source/app-sync-poc-working/amplify-datastore-todo/src/components/TaskList.tsx": {"path":"/Users/Kyle.Banashek/Source/app-sync-poc-working/amplify-datastore-todo/src/components/TaskList.tsx","statementMap":{"0":{"start":{"line":25,"column":25},"end":{"line":82,"column":1}},"1":{"start":{"line":26,"column":14},"end":{"line":26,"column":24}},"2":{"start":{"line":27,"column":21},"end":{"line":27,"column":79}},"3":{"start":{"line":28,"column":19},"end":{"line":28,"column":39}},"4":{"start":{"line":29,"column":2},"end":{"line":29,"column":43}},"5":{"start":{"line":31,"column":32},"end":{"line":35,"column":3}},"6":{"start":{"line":37,"column":2},"end":{"line":68,"column":5}},"7":{"start":{"line":39,"column":4},"end":{"line":47,"column":5}},"8":{"start":{"line":40,"column":6},"end":{"line":44,"column":8}},"9":{"start":{"line":45,"column":6},"end":{"line":45,"column":34}},"10":{"start":{"line":46,"column":6},"end":{"line":46,"column":13}},"11":{"start":{"line":49,"column":21},"end":{"line":49,"column":54}},"12":{"start":{"line":50,"column":4},"end":{"line":59,"column":6}},"13":{"start":{"line":61,"column":4},"end":{"line":67,"column":5}},"14":{"start":{"line":62,"column":6},"end":{"line":62,"column":31}},"15":{"start":{"line":63,"column":11},"end":{"line":67,"column":5}},"16":{"start":{"line":64,"column":6},"end":{"line":64,"column":34}},"17":{"start":{"line":66,"column":6},"end":{"line":66,"column":30}},"18":{"start":{"line":71,"column":26},"end":{"line":75,"column":3}},"19":{"start":{"line":72,"column":18},"end":{"line":72,"column":43}},"20":{"start":{"line":73,"column":18},"end":{"line":73,"column":43}},"21":{"start":{"line":74,"column":4},"end":{"line":74,"column":25}},"22":{"start":{"line":77,"column":2},"end":{"line":77,"column":38}},"23":{"start":{"line":78,"column":2},"end":{"line":78,"column":41}},"24":{"start":{"line":79,"column":2},"end":{"line":79,"column":37}},"25":{"start":{"line":81,"column":2},"end":{"line":81,"column":17}},"26":{"start":{"line":84,"column":49},"end":{"line":366,"column":1}},"27":{"start":{"line":86,"column":4},"end":{"line":86,"column":24}},"28":{"start":{"line":88,"column":2},"end":{"line":88,"column":58}},"29":{"start":{"line":89,"column":2},"end":{"line":89,"column":41}},"30":{"start":{"line":90,"column":2},"end":{"line":90,"column":58}},"31":{"start":{"line":91,"column":2},"end":{"line":91,"column":46}},"32":{"start":{"line":92,"column":2},"end":{"line":92,"column":42}},"33":{"start":{"line":93,"column":2},"end":{"line":93,"column":48}},"34":{"start":{"line":94,"column":2},"end":{"line":94,"column":72}},"35":{"start":{"line":95,"column":2},"end":{"line":95,"column":58}},"36":{"start":{"line":97,"column":23},"end":{"line":106,"column":13}},"37":{"start":{"line":98,"column":4},"end":{"line":98,"column":56}},"38":{"start":{"line":99,"column":20},"end":{"line":99,"column":43}},"39":{"start":{"line":100,"column":4},"end":{"line":104,"column":7}},"40":{"start":{"line":105,"column":4},"end":{"line":105,"column":19}},"41":{"start":{"line":108,"column":19},"end":{"line":166,"column":20}},"42":{"start":{"line":109,"column":4},"end":{"line":109,"column":51}},"43":{"start":{"line":110,"column":77},"end":{"line":110,"column":79}},"44":{"start":{"line":115,"column":6},"end":{"line":126,"column":11}},"45":{"start":{"line":128,"column":25},"end":{"line":132,"column":5}},"46":{"start":{"line":133,"column":4},"end":{"line":138,"column":7}},"47":{"start":{"line":139,"column":4},"end":{"line":139,"column":32}},"48":{"start":{"line":141,"column":4},"end":{"line":147,"column":5}},"49":{"start":{"line":142,"column":6},"end":{"line":142,"column":72}},"50":{"start":{"line":143,"column":6},"end":{"line":146,"column":8}},"51":{"start":{"line":149,"column":4},"end":{"line":152,"column":5}},"52":{"start":{"line":150,"column":6},"end":{"line":150,"column":64}},"53":{"start":{"line":151,"column":6},"end":{"line":151,"column":78}},"54":{"start":{"line":154,"column":4},"end":{"line":154,"column":59}},"55":{"start":{"line":155,"column":4},"end":{"line":155,"column":63}},"56":{"start":{"line":156,"column":4},"end":{"line":163,"column":7}},"57":{"start":{"line":157,"column":6},"end":{"line":162,"column":9}},"58":{"start":{"line":164,"column":4},"end":{"line":164,"column":59}},"59":{"start":{"line":165,"column":4},"end":{"line":165,"column":20}},"60":{"start":{"line":168,"column":30},"end":{"line":227,"column":3}},"61":{"start":{"line":173,"column":4},"end":{"line":177,"column":7}},"62":{"start":{"line":180,"column":4},"end":{"line":215,"column":5}},"63":{"start":{"line":181,"column":6},"end":{"line":181,"column":78}},"64":{"start":{"line":182,"column":6},"end":{"line":182,"column":63}},"65":{"start":{"line":183,"column":6},"end":{"line":214,"column":8}},"66":{"start":{"line":187,"column":12},"end":{"line":192,"column":15}},"67":{"start":{"line":199,"column":16},"end":{"line":202,"column":19}},"68":{"start":{"line":218,"column":4},"end":{"line":218,"column":72}},"69":{"start":{"line":219,"column":4},"end":{"line":226,"column":6}},"70":{"start":{"line":229,"column":21},"end":{"line":244,"column":3}},"71":{"start":{"line":230,"column":4},"end":{"line":234,"column":7}},"72":{"start":{"line":237,"column":4},"end":{"line":239,"column":5}},"73":{"start":{"line":238,"column":6},"end":{"line":238,"column":18}},"74":{"start":{"line":241,"column":4},"end":{"line":243,"column":6}},"75":{"start":{"line":246,"column":22},"end":{"line":270,"column":3}},"76":{"start":{"line":247,"column":4},"end":{"line":254,"column":5}},"77":{"start":{"line":248,"column":6},"end":{"line":253,"column":8}},"78":{"start":{"line":256,"column":4},"end":{"line":263,"column":5}},"79":{"start":{"line":257,"column":6},"end":{"line":262,"column":8}},"80":{"start":{"line":265,"column":4},"end":{"line":269,"column":6}},"81":{"start":{"line":273,"column":2},"end":{"line":273,"column":56}},"82":{"start":{"line":274,"column":2},"end":{"line":274,"column":61}},"83":{"start":{"line":275,"column":2},"end":{"line":275,"column":55}},"84":{"start":{"line":276,"column":2},"end":{"line":276,"column":46}},"85":{"start":{"line":277,"column":2},"end":{"line":277,"column":74}},"86":{"start":{"line":278,"column":2},"end":{"line":278,"column":56}},"87":{"start":{"line":281,"column":2},"end":{"line":302,"column":3}},"88":{"start":{"line":282,"column":4},"end":{"line":284,"column":6}},"89":{"start":{"line":286,"column":4},"end":{"line":286,"column":75}},"90":{"start":{"line":288,"column":29},"end":{"line":290,"column":5}},"91":{"start":{"line":291,"column":4},"end":{"line":301,"column":6}},"92":{"start":{"line":297,"column":34},"end":{"line":297,"column":41}},"93":{"start":{"line":305,"column":2},"end":{"line":307,"column":3}},"94":{"start":{"line":306,"column":4},"end":{"line":306,"column":25}},"95":{"start":{"line":309,"column":2},"end":{"line":309,"column":55}},"96":{"start":{"line":310,"column":2},"end":{"line":317,"column":4}},"97":{"start":{"line":312,"column":25},"end":{"line":316,"column":5}},"98":{"start":{"line":319,"column":2},"end":{"line":365,"column":4}},"99":{"start":{"line":332,"column":10},"end":{"line":338,"column":12}},"100":{"start":{"line":339,"column":10},"end":{"line":339,"column":43}},"101":{"start":{"line":342,"column":10},"end":{"line":342,"column":70}},"102":{"start":{"line":343,"column":10},"end":{"line":343,"column":25}},"103":{"start":{"line":354,"column":41},"end":{"line":354,"column":71}},"104":{"start":{"line":358,"column":10},"end":{"line":361,"column":12}},"105":{"start":{"line":368,"column":15},"end":{"line":514,"column":2}}},"fnMap":{"0":{"name":"(anonymous_0)","decl":{"start":{"line":25,"column":25},"end":{"line":25,"column":26}},"loc":{"start":{"line":25,"column":58},"end":{"line":82,"column":1}},"line":25},"1":{"name":"(anonymous_1)","decl":{"start":{"line":37,"column":16},"end":{"line":37,"column":17}},"loc":{"start":{"line":37,"column":26},"end":{"line":68,"column":3}},"line":37},"2":{"name":"(anonymous_2)","decl":{"start":{"line":71,"column":26},"end":{"line":71,"column":27}},"loc":{"start":{"line":71,"column":48},"end":{"line":75,"column":3}},"line":71},"3":{"name":"(anonymous_3)","decl":{"start":{"line":84,"column":49},"end":{"line":84,"column":50}},"loc":{"start":{"line":84,"column":79},"end":{"line":366,"column":1}},"line":84},"4":{"name":"(anonymous_4)","decl":{"start":{"line":97,"column":31},"end":{"line":97,"column":32}},"loc":{"start":{"line":97,"column":37},"end":{"line":106,"column":3}},"line":97},"5":{"name":"(anonymous_5)","decl":{"start":{"line":108,"column":27},"end":{"line":108,"column":28}},"loc":{"start":{"line":108,"column":33},"end":{"line":166,"column":3}},"line":108},"6":{"name":"(anonymous_6)","decl":{"start":{"line":156,"column":21},"end":{"line":156,"column":22}},"loc":{"start":{"line":156,"column":39},"end":{"line":163,"column":5}},"line":156},"7":{"name":"(anonymous_7)","decl":{"start":{"line":168,"column":30},"end":{"line":168,"column":31}},"loc":{"start":{"line":172,"column":8},"end":{"line":227,"column":3}},"line":172},"8":{"name":"(anonymous_8)","decl":{"start":{"line":186,"column":20},"end":{"line":186,"column":21}},"loc":{"start":{"line":186,"column":27},"end":{"line":193,"column":11}},"line":186},"9":{"name":"(anonymous_9)","decl":{"start":{"line":198,"column":24},"end":{"line":198,"column":25}},"loc":{"start":{"line":198,"column":31},"end":{"line":203,"column":15}},"line":198},"10":{"name":"(anonymous_10)","decl":{"start":{"line":229,"column":21},"end":{"line":229,"column":22}},"loc":{"start":{"line":229,"column":51},"end":{"line":244,"column":3}},"line":229},"11":{"name":"(anonymous_11)","decl":{"start":{"line":246,"column":22},"end":{"line":246,"column":23}},"loc":{"start":{"line":246,"column":28},"end":{"line":270,"column":3}},"line":246},"12":{"name":"(anonymous_12)","decl":{"start":{"line":297,"column":24},"end":{"line":297,"column":25}},"loc":{"start":{"line":297,"column":34},"end":{"line":297,"column":41}},"line":297},"13":{"name":"(anonymous_13)","decl":{"start":{"line":312,"column":17},"end":{"line":312,"column":18}},"loc":{"start":{"line":312,"column":25},"end":{"line":316,"column":5}},"line":312},"14":{"name":"(anonymous_14)","decl":{"start":{"line":331,"column":29},"end":{"line":331,"column":30}},"loc":{"start":{"line":331,"column":39},"end":{"line":340,"column":9}},"line":331},"15":{"name":"(anonymous_15)","decl":{"start":{"line":341,"column":22},"end":{"line":341,"column":23}},"loc":{"start":{"line":341,"column":32},"end":{"line":344,"column":9}},"line":341},"16":{"name":"(anonymous_16)","decl":{"start":{"line":354,"column":35},"end":{"line":354,"column":36}},"loc":{"start":{"line":354,"column":41},"end":{"line":354,"column":71}},"line":354},"17":{"name":"(anonymous_17)","decl":{"start":{"line":357,"column":32},"end":{"line":357,"column":33}},"loc":{"start":{"line":357,"column":42},"end":{"line":362,"column":9}},"line":357}},"branchMap":{"0":{"loc":{"start":{"line":39,"column":4},"end":{"line":47,"column":5}},"type":"if","locations":[{"start":{"line":39,"column":4},"end":{"line":47,"column":5}},{"start":{},"end":{}}],"line":39},"1":{"loc":{"start":{"line":61,"column":4},"end":{"line":67,"column":5}},"type":"if","locations":[{"start":{"line":61,"column":4},"end":{"line":67,"column":5}},{"start":{"line":63,"column":11},"end":{"line":67,"column":5}}],"line":61},"2":{"loc":{"start":{"line":61,"column":8},"end":{"line":61,"column":53}},"type":"binary-expr","locations":[{"start":{"line":61,"column":8},"end":{"line":61,"column":30}},{"start":{"line":61,"column":34},"end":{"line":61,"column":53}}],"line":61},"3":{"loc":{"start":{"line":63,"column":11},"end":{"line":67,"column":5}},"type":"if","locations":[{"start":{"line":63,"column":11},"end":{"line":67,"column":5}},{"start":{"line":65,"column":11},"end":{"line":67,"column":5}}],"line":63},"4":{"loc":{"start":{"line":72,"column":18},"end":{"line":72,"column":43}},"type":"binary-expr","locations":[{"start":{"line":72,"column":18},"end":{"line":72,"column":38}},{"start":{"line":72,"column":42},"end":{"line":72,"column":43}}],"line":72},"5":{"loc":{"start":{"line":73,"column":18},"end":{"line":73,"column":43}},"type":"binary-expr","locations":[{"start":{"line":73,"column":18},"end":{"line":73,"column":38}},{"start":{"line":73,"column":42},"end":{"line":73,"column":43}}],"line":73},"6":{"loc":{"start":{"line":115,"column":6},"end":{"line":126,"column":11}},"type":"cond-expr","locations":[{"start":{"line":116,"column":10},"end":{"line":116,"column":28}},{"start":{"line":117,"column":10},"end":{"line":126,"column":11}}],"line":115},"7":{"loc":{"start":{"line":137,"column":17},"end":{"line":137,"column":54}},"type":"binary-expr","locations":[{"start":{"line":137,"column":17},"end":{"line":137,"column":44}},{"start":{"line":137,"column":48},"end":{"line":137,"column":54}}],"line":137},"8":{"loc":{"start":{"line":141,"column":4},"end":{"line":147,"column":5}},"type":"if","locations":[{"start":{"line":141,"column":4},"end":{"line":147,"column":5}},{"start":{},"end":{}}],"line":141},"9":{"loc":{"start":{"line":149,"column":4},"end":{"line":152,"column":5}},"type":"if","locations":[{"start":{"line":149,"column":4},"end":{"line":152,"column":5}},{"start":{},"end":{}}],"line":149},"10":{"loc":{"start":{"line":180,"column":4},"end":{"line":215,"column":5}},"type":"if","locations":[{"start":{"line":180,"column":4},"end":{"line":215,"column":5}},{"start":{},"end":{}}],"line":180},"11":{"loc":{"start":{"line":237,"column":4},"end":{"line":239,"column":5}},"type":"if","locations":[{"start":{"line":237,"column":4},"end":{"line":239,"column":5}},{"start":{},"end":{}}],"line":237},"12":{"loc":{"start":{"line":247,"column":4},"end":{"line":254,"column":5}},"type":"if","locations":[{"start":{"line":247,"column":4},"end":{"line":254,"column":5}},{"start":{},"end":{}}],"line":247},"13":{"loc":{"start":{"line":256,"column":4},"end":{"line":263,"column":5}},"type":"if","locations":[{"start":{"line":256,"column":4},"end":{"line":263,"column":5}},{"start":{},"end":{}}],"line":256},"14":{"loc":{"start":{"line":281,"column":2},"end":{"line":302,"column":3}},"type":"if","locations":[{"start":{"line":281,"column":2},"end":{"line":302,"column":3}},{"start":{},"end":{}}],"line":281},"15":{"loc":{"start":{"line":281,"column":6},"end":{"line":281,"column":59}},"type":"binary-expr","locations":[{"start":{"line":281,"column":6},"end":{"line":281,"column":27}},{"start":{"line":281,"column":31},"end":{"line":281,"column":39}},{"start":{"line":281,"column":43},"end":{"line":281,"column":59}}],"line":281},"16":{"loc":{"start":{"line":305,"column":2},"end":{"line":307,"column":3}},"type":"if","locations":[{"start":{"line":305,"column":2},"end":{"line":307,"column":3}},{"start":{},"end":{}}],"line":305},"17":{"loc":{"start":{"line":305,"column":6},"end":{"line":305,"column":61}},"type":"binary-expr","locations":[{"start":{"line":305,"column":6},"end":{"line":305,"column":27}},{"start":{"line":305,"column":31},"end":{"line":305,"column":39}},{"start":{"line":305,"column":43},"end":{"line":305,"column":61}}],"line":305},"18":{"loc":{"start":{"line":321,"column":7},"end":{"line":326,"column":7}},"type":"binary-expr","locations":[{"start":{"line":321,"column":7},"end":{"line":321,"column":15}},{"start":{"line":322,"column":8},"end":{"line":325,"column":15}}],"line":321}},"s":{"0":0,"1":0,"2":0,"3":0,"4":0,"5":0,"6":0,"7":0,"8":0,"9":0,"10":0,"11":0,"12":0,"13":0,"14":0,"15":0,"16":0,"17":0,"18":0,"19":0,"20":0,"21":0,"22":0,"23":0,"24":0,"25":0,"26":0,"27":0,"28":0,"29":0,"30":0,"31":0,"32":0,"33":0,"34":0,"35":0,"36":0,"37":0,"38":0,"39":0,"40":0,"41":0,"42":0,"43":0,"44":0,"45":0,"46":0,"47":0,"48":0,"49":0,"50":0,"51":0,"52":0,"53":0,"54":0,"55":0,"56":0,"57":0,"58":0,"59":0,"60":0,"61":0,"62":0,"63":0,"64":0,"65":0,"66":0,"67":0,"68":0,"69":0,"70":0,"71":0,"72":0,"73":0,"74":0,"75":0,"76":0,"77":0,"78":0,"79":0,"80":0,"81":0,"82":0,"83":0,"84":0,"85":0,"86":0,"87":0,"88":0,"89":0,"90":0,"91":0,"92":0,"93":0,"94":0,"95":0,"96":0,"97":0,"98":0,"99":0,"100":0,"101":0,"102":0,"103":0,"104":0,"105":0},"f":{"0":0,"1":0,"2":0,"3":0,"4":0,"5":0,"6":0,"7":0,"8":0,"9":0,"10":0,"11":0,"12":0,"13":0,"14":0,"15":0,"16":0,"17":0},"b":{"0":[0,0],"1":[0,0],"2":[0,0],"3":[0,0],"4":[0,0],"5":[0,0],"6":[0,0],"7":[0,0],"8":[0,0],"9":[0,0],"10":[0,0],"11":[0,0],"12":[0,0],"13":[0,0],"14":[0,0],"15":[0,0,0],"16":[0,0],"17":[0,0,0],"18":[0,0]}}
,"/Users/Kyle.Banashek/Source/app-sync-poc-working/amplify-datastore-todo/src/components/TasksGroupedView.tsx": {"path":"/Users/Kyle.Banashek/Source/app-sync-poc-working/amplify-datastore-todo/src/components/TasksGroupedView.tsx","statementMap":{"0":{"start":{"line":21,"column":65},"end":{"line":94,"column":1}},"1":{"start":{"line":28,"column":2},"end":{"line":35,"column":3}},"2":{"start":{"line":29,"column":4},"end":{"line":34,"column":6}},"3":{"start":{"line":37,"column":2},"end":{"line":43,"column":3}},"4":{"start":{"line":38,"column":4},"end":{"line":42,"column":6}},"5":{"start":{"line":45,"column":2},"end":{"line":51,"column":3}},"6":{"start":{"line":46,"column":4},"end":{"line":50,"column":6}},"7":{"start":{"line":53,"column":2},"end":{"line":93,"column":4}},"8":{"start":{"line":56,"column":8},"end":{"line":90,"column":15}},"9":{"start":{"line":67,"column":12},"end":{"line":73,"column":14}},"10":{"start":{"line":77,"column":12},"end":{"line":88,"column":19}},"11":{"start":{"line":80,"column":16},"end":{"line":86,"column":18}},"12":{"start":{"line":96,"column":15},"end":{"line":148,"column":2}}},"fnMap":{"0":{"name":"(anonymous_0)","decl":{"start":{"line":21,"column":65},"end":{"line":21,"column":66}},"loc":{"start":{"line":27,"column":6},"end":{"line":94,"column":1}},"line":27},"1":{"name":"(anonymous_1)","decl":{"start":{"line":55,"column":24},"end":{"line":55,"column":25}},"loc":{"start":{"line":56,"column":8},"end":{"line":90,"column":15}},"line":56},"2":{"name":"(anonymous_2)","decl":{"start":{"line":66,"column":41},"end":{"line":66,"column":42}},"loc":{"start":{"line":67,"column":12},"end":{"line":73,"column":14}},"line":67},"3":{"name":"(anonymous_3)","decl":{"start":{"line":76,"column":35},"end":{"line":76,"column":36}},"loc":{"start":{"line":77,"column":12},"end":{"line":88,"column":19}},"line":77},"4":{"name":"(anonymous_4)","decl":{"start":{"line":79,"column":35},"end":{"line":79,"column":36}},"loc":{"start":{"line":80,"column":16},"end":{"line":86,"column":18}},"line":80}},"branchMap":{"0":{"loc":{"start":{"line":28,"column":2},"end":{"line":35,"column":3}},"type":"if","locations":[{"start":{"line":28,"column":2},"end":{"line":35,"column":3}},{"start":{},"end":{}}],"line":28},"1":{"loc":{"start":{"line":37,"column":2},"end":{"line":43,"column":3}},"type":"if","locations":[{"start":{"line":37,"column":2},"end":{"line":43,"column":3}},{"start":{},"end":{}}],"line":37},"2":{"loc":{"start":{"line":45,"column":2},"end":{"line":51,"column":3}},"type":"if","locations":[{"start":{"line":45,"column":2},"end":{"line":51,"column":3}},{"start":{},"end":{}}],"line":45},"3":{"loc":{"start":{"line":60,"column":13},"end":{"line":63,"column":13}},"type":"binary-expr","locations":[{"start":{"line":60,"column":14},"end":{"line":60,"column":43}},{"start":{"line":61,"column":14},"end":{"line":61,"column":46}},{"start":{"line":62,"column":14},"end":{"line":62,"column":68}}],"line":60}},"s":{"0":1,"1":9,"2":1,"3":8,"4":1,"5":7,"6":1,"7":6,"8":7,"9":1,"10":4,"11":4,"12":1},"f":{"0":9,"1":7,"2":1,"3":4,"4":4},"b":{"0":[1,8],"1":[1,7],"2":[1,6],"3":[7,3,6]},"_coverageSchema":"1a1c01bbd47fc00a2c39e90264f33305004495a9","hash":"30459d9f182e97a10de55979b62a002e6c208139"}
,"/Users/Kyle.Banashek/Source/app-sync-poc-working/amplify-datastore-todo/src/components/TasksView.tsx": {"path":"/Users/Kyle.Banashek/Source/app-sync-poc-working/amplify-datastore-todo/src/components/TasksView.tsx","statementMap":{"0":{"start":{"line":18,"column":51},"end":{"line":214,"column":1}},"1":{"start":{"line":19,"column":78},"end":{"line":19,"column":98}},"2":{"start":{"line":20,"column":38},"end":{"line":20,"column":59}},"3":{"start":{"line":23,"column":2},"end":{"line":41,"column":30}},"4":{"start":{"line":24,"column":4},"end":{"line":40,"column":5}},"5":{"start":{"line":25,"column":6},"end":{"line":25,"column":61}},"6":{"start":{"line":26,"column":29},"end":{"line":37,"column":7}},"7":{"start":{"line":38,"column":30},"end":{"line":38,"column":64}},"8":{"start":{"line":39,"column":6},"end":{"line":39,"column":60}},"9":{"start":{"line":43,"column":2},"end":{"line":43,"column":58}},"10":{"start":{"line":44,"column":2},"end":{"line":44,"column":42}},"11":{"start":{"line":45,"column":2},"end":{"line":45,"column":56}},"12":{"start":{"line":46,"column":2},"end":{"line":46,"column":102}},"13":{"start":{"line":46,"column":52},"end":{"line":46,"column":98}},"14":{"start":{"line":47,"column":2},"end":{"line":47,"column":47}},"15":{"start":{"line":48,"column":2},"end":{"line":48,"column":43}},"16":{"start":{"line":49,"column":2},"end":{"line":49,"column":58}},"17":{"start":{"line":52,"column":14},"end":{"line":52,"column":24}},"18":{"start":{"line":53,"column":21},"end":{"line":53,"column":79}},"19":{"start":{"line":54,"column":19},"end":{"line":54,"column":39}},"20":{"start":{"line":55,"column":2},"end":{"line":55,"column":43}},"21":{"start":{"line":57,"column":29},"end":{"line":57,"column":31}},"22":{"start":{"line":58,"column":32},"end":{"line":58,"column":34}},"23":{"start":{"line":59,"column":28},"end":{"line":59,"column":30}},"24":{"start":{"line":61,"column":2},"end":{"line":78,"column":5}},"25":{"start":{"line":62,"column":4},"end":{"line":66,"column":5}},"26":{"start":{"line":63,"column":6},"end":{"line":63,"column":107}},"27":{"start":{"line":64,"column":6},"end":{"line":64,"column":31}},"28":{"start":{"line":65,"column":6},"end":{"line":65,"column":13}},"29":{"start":{"line":68,"column":21},"end":{"line":68,"column":54}},"30":{"start":{"line":69,"column":4},"end":{"line":69,"column":84}},"31":{"start":{"line":71,"column":4},"end":{"line":77,"column":5}},"32":{"start":{"line":72,"column":6},"end":{"line":72,"column":28}},"33":{"start":{"line":73,"column":11},"end":{"line":77,"column":5}},"34":{"start":{"line":74,"column":6},"end":{"line":74,"column":31}},"35":{"start":{"line":76,"column":6},"end":{"line":76,"column":27}},"36":{"start":{"line":80,"column":2},"end":{"line":84,"column":5}},"37":{"start":{"line":86,"column":20},"end":{"line":91,"column":3}},"38":{"start":{"line":87,"column":4},"end":{"line":87,"column":56}},"39":{"start":{"line":88,"column":4},"end":{"line":88,"column":24}},"40":{"start":{"line":89,"column":4},"end":{"line":89,"column":25}},"41":{"start":{"line":90,"column":4},"end":{"line":90,"column":25}},"42":{"start":{"line":93,"column":2},"end":{"line":100,"column":3}},"43":{"start":{"line":94,"column":4},"end":{"line":99,"column":6}},"44":{"start":{"line":102,"column":2},"end":{"line":109,"column":3}},"45":{"start":{"line":103,"column":4},"end":{"line":108,"column":6}},"46":{"start":{"line":111,"column":2},"end":{"line":111,"column":78}},"47":{"start":{"line":112,"column":2},"end":{"line":112,"column":67}},"48":{"start":{"line":113,"column":2},"end":{"line":113,"column":73}},"49":{"start":{"line":114,"column":2},"end":{"line":114,"column":65}},"50":{"start":{"line":116,"column":2},"end":{"line":213,"column":4}},"51":{"start":{"line":137,"column":8},"end":{"line":137,"column":87}},"52":{"start":{"line":138,"column":8},"end":{"line":162,"column":10}},"53":{"start":{"line":150,"column":16},"end":{"line":150,"column":100}},"54":{"start":{"line":151,"column":16},"end":{"line":158,"column":18}},"55":{"start":{"line":173,"column":12},"end":{"line":173,"column":99}},"56":{"start":{"line":174,"column":12},"end":{"line":181,"column":14}},"57":{"start":{"line":194,"column":12},"end":{"line":194,"column":95}},"58":{"start":{"line":195,"column":12},"end":{"line":202,"column":14}},"59":{"start":{"line":216,"column":15},"end":{"line":345,"column":2}}},"fnMap":{"0":{"name":"(anonymous_0)","decl":{"start":{"line":18,"column":51},"end":{"line":18,"column":52}},"loc":{"start":{"line":18,"column":81},"end":{"line":214,"column":1}},"line":18},"1":{"name":"(anonymous_1)","decl":{"start":{"line":23,"column":18},"end":{"line":23,"column":19}},"loc":{"start":{"line":23,"column":24},"end":{"line":41,"column":3}},"line":23},"2":{"name":"(anonymous_2)","decl":{"start":{"line":46,"column":46},"end":{"line":46,"column":47}},"loc":{"start":{"line":46,"column":52},"end":{"line":46,"column":98}},"line":46},"3":{"name":"(anonymous_3)","decl":{"start":{"line":61,"column":16},"end":{"line":61,"column":17}},"loc":{"start":{"line":61,"column":24},"end":{"line":78,"column":3}},"line":61},"4":{"name":"(anonymous_4)","decl":{"start":{"line":86,"column":20},"end":{"line":86,"column":21}},"loc":{"start":{"line":86,"column":32},"end":{"line":91,"column":3}},"line":86},"5":{"name":"(anonymous_5)","decl":{"start":{"line":136,"column":8},"end":{"line":136,"column":9}},"loc":{"start":{"line":136,"column":14},"end":{"line":163,"column":7}},"line":136},"6":{"name":"(anonymous_6)","decl":{"start":{"line":149,"column":29},"end":{"line":149,"column":30}},"loc":{"start":{"line":149,"column":37},"end":{"line":159,"column":15}},"line":149},"7":{"name":"(anonymous_7)","decl":{"start":{"line":172,"column":29},"end":{"line":172,"column":30}},"loc":{"start":{"line":172,"column":37},"end":{"line":182,"column":11}},"line":172},"8":{"name":"(anonymous_8)","decl":{"start":{"line":193,"column":25},"end":{"line":193,"column":26}},"loc":{"start":{"line":193,"column":33},"end":{"line":203,"column":11}},"line":193}},"branchMap":{"0":{"loc":{"start":{"line":24,"column":4},"end":{"line":40,"column":5}},"type":"if","locations":[{"start":{"line":24,"column":4},"end":{"line":40,"column":5}},{"start":{},"end":{}}],"line":24},"1":{"loc":{"start":{"line":24,"column":8},"end":{"line":24,"column":38}},"type":"binary-expr","locations":[{"start":{"line":24,"column":8},"end":{"line":24,"column":26}},{"start":{"line":24,"column":30},"end":{"line":24,"column":38}}],"line":24},"2":{"loc":{"start":{"line":62,"column":4},"end":{"line":66,"column":5}},"type":"if","locations":[{"start":{"line":62,"column":4},"end":{"line":66,"column":5}},{"start":{},"end":{}}],"line":62},"3":{"loc":{"start":{"line":71,"column":4},"end":{"line":77,"column":5}},"type":"if","locations":[{"start":{"line":71,"column":4},"end":{"line":77,"column":5}},{"start":{"line":73,"column":11},"end":{"line":77,"column":5}}],"line":71},"4":{"loc":{"start":{"line":71,"column":8},"end":{"line":71,"column":53}},"type":"binary-expr","locations":[{"start":{"line":71,"column":8},"end":{"line":71,"column":30}},{"start":{"line":71,"column":34},"end":{"line":71,"column":53}}],"line":71},"5":{"loc":{"start":{"line":73,"column":11},"end":{"line":77,"column":5}},"type":"if","locations":[{"start":{"line":73,"column":11},"end":{"line":77,"column":5}},{"start":{"line":75,"column":11},"end":{"line":77,"column":5}}],"line":73},"6":{"loc":{"start":{"line":93,"column":2},"end":{"line":100,"column":3}},"type":"if","locations":[{"start":{"line":93,"column":2},"end":{"line":100,"column":3}},{"start":{},"end":{}}],"line":93},"7":{"loc":{"start":{"line":93,"column":6},"end":{"line":93,"column":28}},"type":"binary-expr","locations":[{"start":{"line":93,"column":6},"end":{"line":93,"column":13}},{"start":{"line":93,"column":17},"end":{"line":93,"column":28}}],"line":93},"8":{"loc":{"start":{"line":102,"column":2},"end":{"line":109,"column":3}},"type":"if","locations":[{"start":{"line":102,"column":2},"end":{"line":109,"column":3}},{"start":{},"end":{}}],"line":102},"9":{"loc":{"start":{"line":128,"column":7},"end":{"line":133,"column":7}},"type":"binary-expr","locations":[{"start":{"line":128,"column":7},"end":{"line":128,"column":15}},{"start":{"line":129,"column":8},"end":{"line":132,"column":15}}],"line":128},"10":{"loc":{"start":{"line":146,"column":13},"end":{"line":160,"column":13}},"type":"cond-expr","locations":[{"start":{"line":147,"column":14},"end":{"line":147,"column":77}},{"start":{"line":149,"column":14},"end":{"line":159,"column":16}}],"line":146},"11":{"loc":{"start":{"line":166,"column":7},"end":{"line":184,"column":7}},"type":"binary-expr","locations":[{"start":{"line":166,"column":7},"end":{"line":166,"column":31}},{"start":{"line":167,"column":8},"end":{"line":183,"column":15}}],"line":166},"12":{"loc":{"start":{"line":187,"column":7},"end":{"line":205,"column":7}},"type":"binary-expr","locations":[{"start":{"line":187,"column":7},"end":{"line":187,"column":27}},{"start":{"line":188,"column":8},"end":{"line":204,"column":15}}],"line":187},"13":{"loc":{"start":{"line":207,"column":7},"end":{"line":211,"column":7}},"type":"binary-expr","locations":[{"start":{"line":207,"column":7},"end":{"line":207,"column":25}},{"start":{"line":207,"column":29},"end":{"line":207,"column":37}},{"start":{"line":208,"column":8},"end":{"line":210,"column":15}}],"line":207}},"s":{"0":0,"1":0,"2":0,"3":0,"4":0,"5":0,"6":0,"7":0,"8":0,"9":0,"10":0,"11":0,"12":0,"13":0,"14":0,"15":0,"16":0,"17":0,"18":0,"19":0,"20":0,"21":0,"22":0,"23":0,"24":0,"25":0,"26":0,"27":0,"28":0,"29":0,"30":0,"31":0,"32":0,"33":0,"34":0,"35":0,"36":0,"37":0,"38":0,"39":0,"40":0,"41":0,"42":0,"43":0,"44":0,"45":0,"46":0,"47":0,"48":0,"49":0,"50":0,"51":0,"52":0,"53":0,"54":0,"55":0,"56":0,"57":0,"58":0,"59":0},"f":{"0":0,"1":0,"2":0,"3":0,"4":0,"5":0,"6":0,"7":0,"8":0},"b":{"0":[0,0],"1":[0,0],"2":[0,0],"3":[0,0],"4":[0,0],"5":[0,0],"6":[0,0],"7":[0,0],"8":[0,0],"9":[0,0],"10":[0,0],"11":[0,0],"12":[0,0],"13":[0,0,0]}}
,"/Users/Kyle.Banashek/Source/app-sync-poc-working/amplify-datastore-todo/src/components/TodoForm.tsx": {"path":"/Users/Kyle.Banashek/Source/app-sync-poc-working/amplify-datastore-todo/src/components/TodoForm.tsx","statementMap":{"0":{"start":{"line":17,"column":49},"end":{"line":78,"column":1}},"1":{"start":{"line":27,"column":6},"end":{"line":27,"column":32}},"2":{"start":{"line":29,"column":2},"end":{"line":77,"column":4}},"3":{"start":{"line":80,"column":15},"end":{"line":129,"column":2}}},"fnMap":{"0":{"name":"(anonymous_0)","decl":{"start":{"line":17,"column":49},"end":{"line":17,"column":50}},"loc":{"start":{"line":17,"column":72},"end":{"line":78,"column":1}},"line":17}},"branchMap":{"0":{"loc":{"start":{"line":33,"column":7},"end":{"line":33,"column":61}},"type":"binary-expr","locations":[{"start":{"line":33,"column":7},"end":{"line":33,"column":12}},{"start":{"line":33,"column":16},"end":{"line":33,"column":61}}],"line":33},"1":{"loc":{"start":{"line":66,"column":31},"end":{"line":66,"column":68}},"type":"binary-expr","locations":[{"start":{"line":66,"column":31},"end":{"line":66,"column":43}},{"start":{"line":66,"column":47},"end":{"line":66,"column":68}}],"line":66},"2":{"loc":{"start":{"line":70,"column":9},"end":{"line":74,"column":9}},"type":"cond-expr","locations":[{"start":{"line":71,"column":10},"end":{"line":71,"column":57}},{"start":{"line":73,"column":10},"end":{"line":73,"column":60}}],"line":70}},"s":{"0":0,"1":0,"2":0,"3":0},"f":{"0":0},"b":{"0":[0,0],"1":[0,0],"2":[0,0]}}
,"/Users/Kyle.Banashek/Source/app-sync-poc-working/amplify-datastore-todo/src/components/TodoList.tsx": {"path":"/Users/Kyle.Banashek/Source/app-sync-poc-working/amplify-datastore-todo/src/components/TodoList.tsx","statementMap":{"0":{"start":{"line":12,"column":42},"end":{"line":54,"column":1}},"1":{"start":{"line":14,"column":29},"end":{"line":28,"column":3}},"2":{"start":{"line":19,"column":4},"end":{"line":24,"column":5}},"3":{"start":{"line":21,"column":6},"end":{"line":23,"column":7}},"4":{"start":{"line":22,"column":8},"end":{"line":22,"column":25}},"5":{"start":{"line":27,"column":4},"end":{"line":27,"column":21}},"6":{"start":{"line":30,"column":2},"end":{"line":53,"column":4}},"7":{"start":{"line":48,"column":23},"end":{"line":48,"column":40}},"8":{"start":{"line":56,"column":34},"end":{"line":168,"column":1}},"9":{"start":{"line":57,"column":38},"end":{"line":57,"column":53}},"10":{"start":{"line":68,"column":6},"end":{"line":68,"column":19}},"11":{"start":{"line":70,"column":2},"end":{"line":77,"column":3}},"12":{"start":{"line":71,"column":4},"end":{"line":76,"column":6}},"13":{"start":{"line":79,"column":2},"end":{"line":91,"column":3}},"14":{"start":{"line":80,"column":4},"end":{"line":90,"column":6}},"15":{"start":{"line":93,"column":31},"end":{"line":116,"column":3}},"16":{"start":{"line":94,"column":4},"end":{"line":115,"column":6}},"17":{"start":{"line":103,"column":12},"end":{"line":103,"column":32}},"18":{"start":{"line":104,"column":12},"end":{"line":111,"column":13}},"19":{"start":{"line":105,"column":14},"end":{"line":105,"column":37}},"20":{"start":{"line":107,"column":14},"end":{"line":107,"column":64}},"21":{"start":{"line":108,"column":14},"end":{"line":108,"column":64}},"22":{"start":{"line":110,"column":14},"end":{"line":110,"column":35}},"23":{"start":{"line":118,"column":2},"end":{"line":167,"column":4}},"24":{"start":{"line":158,"column":36},"end":{"line":158,"column":43}},"25":{"start":{"line":160,"column":14},"end":{"line":160,"column":86}},"26":{"start":{"line":170,"column":15},"end":{"line":312,"column":2}}},"fnMap":{"0":{"name":"(anonymous_0)","decl":{"start":{"line":12,"column":42},"end":{"line":12,"column":43}},"loc":{"start":{"line":12,"column":76},"end":{"line":54,"column":1}},"line":12},"1":{"name":"(anonymous_1)","decl":{"start":{"line":14,"column":29},"end":{"line":14,"column":30}},"loc":{"start":{"line":14,"column":35},"end":{"line":28,"column":3}},"line":14},"2":{"name":"(anonymous_2)","decl":{"start":{"line":48,"column":17},"end":{"line":48,"column":18}},"loc":{"start":{"line":48,"column":23},"end":{"line":48,"column":40}},"line":48},"3":{"name":"(anonymous_3)","decl":{"start":{"line":56,"column":34},"end":{"line":56,"column":35}},"loc":{"start":{"line":56,"column":40},"end":{"line":168,"column":1}},"line":56},"4":{"name":"(anonymous_4)","decl":{"start":{"line":93,"column":31},"end":{"line":93,"column":32}},"loc":{"start":{"line":93,"column":37},"end":{"line":116,"column":3}},"line":93},"5":{"name":"(anonymous_5)","decl":{"start":{"line":102,"column":19},"end":{"line":102,"column":20}},"loc":{"start":{"line":102,"column":31},"end":{"line":112,"column":11}},"line":102},"6":{"name":"(anonymous_6)","decl":{"start":{"line":158,"column":26},"end":{"line":158,"column":27}},"loc":{"start":{"line":158,"column":36},"end":{"line":158,"column":43}},"line":158},"7":{"name":"(anonymous_7)","decl":{"start":{"line":159,"column":24},"end":{"line":159,"column":25}},"loc":{"start":{"line":160,"column":14},"end":{"line":160,"column":86}},"line":160}},"branchMap":{"0":{"loc":{"start":{"line":19,"column":4},"end":{"line":24,"column":5}},"type":"if","locations":[{"start":{"line":19,"column":4},"end":{"line":24,"column":5}},{"start":{},"end":{}}],"line":19},"1":{"loc":{"start":{"line":21,"column":6},"end":{"line":23,"column":7}},"type":"if","locations":[{"start":{"line":21,"column":6},"end":{"line":23,"column":7}},{"start":{},"end":{}}],"line":21},"2":{"loc":{"start":{"line":39,"column":9},"end":{"line":41,"column":9}},"type":"binary-expr","locations":[{"start":{"line":39,"column":9},"end":{"line":39,"column":25}},{"start":{"line":40,"column":10},"end":{"line":40,"column":72}}],"line":39},"3":{"loc":{"start":{"line":43,"column":29},"end":{"line":43,"column":57}},"type":"binary-expr","locations":[{"start":{"line":43,"column":29},"end":{"line":43,"column":43}},{"start":{"line":43,"column":47},"end":{"line":43,"column":57}}],"line":43},"4":{"loc":{"start":{"line":70,"column":2},"end":{"line":77,"column":3}},"type":"if","locations":[{"start":{"line":70,"column":2},"end":{"line":77,"column":3}},{"start":{},"end":{}}],"line":70},"5":{"loc":{"start":{"line":79,"column":2},"end":{"line":91,"column":3}},"type":"if","locations":[{"start":{"line":79,"column":2},"end":{"line":91,"column":3}},{"start":{},"end":{}}],"line":79},"6":{"loc":{"start":{"line":126,"column":33},"end":{"line":126,"column":90}},"type":"cond-expr","locations":[{"start":{"line":126,"column":45},"end":{"line":126,"column":77}},{"start":{"line":126,"column":81},"end":{"line":126,"column":90}}],"line":126},"7":{"loc":{"start":{"line":126,"column":45},"end":{"line":126,"column":77}},"type":"cond-expr","locations":[{"start":{"line":126,"column":56},"end":{"line":126,"column":65}},{"start":{"line":126,"column":68},"end":{"line":126,"column":77}}],"line":126},"8":{"loc":{"start":{"line":130,"column":13},"end":{"line":134,"column":28}},"type":"cond-expr","locations":[{"start":{"line":131,"column":16},"end":{"line":131,"column":25}},{"start":{"line":132,"column":16},"end":{"line":134,"column":28}}],"line":130},"9":{"loc":{"start":{"line":132,"column":16},"end":{"line":134,"column":28}},"type":"cond-expr","locations":[{"start":{"line":133,"column":16},"end":{"line":133,"column":24}},{"start":{"line":134,"column":16},"end":{"line":134,"column":28}}],"line":132},"10":{"loc":{"start":{"line":142,"column":18},"end":{"line":142,"column":39}},"type":"binary-expr","locations":[{"start":{"line":142,"column":18},"end":{"line":142,"column":28}},{"start":{"line":142,"column":32},"end":{"line":142,"column":39}}],"line":142},"11":{"loc":{"start":{"line":145,"column":11},"end":{"line":145,"column":57}},"type":"cond-expr","locations":[{"start":{"line":145,"column":24},"end":{"line":145,"column":37}},{"start":{"line":145,"column":40},"end":{"line":145,"column":57}}],"line":145},"12":{"loc":{"start":{"line":149,"column":7},"end":{"line":165,"column":7}},"type":"cond-expr","locations":[{"start":{"line":150,"column":8},"end":{"line":152,"column":15}},{"start":{"line":155,"column":8},"end":{"line":164,"column":15}}],"line":149}},"s":{"0":0,"1":0,"2":0,"3":0,"4":0,"5":0,"6":0,"7":0,"8":0,"9":0,"10":0,"11":0,"12":0,"13":0,"14":0,"15":0,"16":0,"17":0,"18":0,"19":0,"20":0,"21":0,"22":0,"23":0,"24":0,"25":0,"26":0},"f":{"0":0,"1":0,"2":0,"3":0,"4":0,"5":0,"6":0,"7":0},"b":{"0":[0,0],"1":[0,0],"2":[0,0],"3":[0,0],"4":[0,0],"5":[0,0],"6":[0,0],"7":[0,0],"8":[0,0],"9":[0,0],"10":[0,0],"11":[0,0],"12":[0,0]}}
,"/Users/Kyle.Banashek/Source/app-sync-poc-working/amplify-datastore-todo/src/components/questions/CompletionScreen.tsx": {"path":"/Users/Kyle.Banashek/Source/app-sync-poc-working/amplify-datastore-todo/src/components/questions/CompletionScreen.tsx","statementMap":{"0":{"start":{"line":16,"column":65},"end":{"line":39,"column":1}},"1":{"start":{"line":20,"column":2},"end":{"line":38,"column":4}},"2":{"start":{"line":41,"column":15},"end":{"line":82,"column":2}}},"fnMap":{"0":{"name":"(anonymous_0)","decl":{"start":{"line":16,"column":65},"end":{"line":16,"column":66}},"loc":{"start":{"line":19,"column":6},"end":{"line":39,"column":1}},"line":19}},"branchMap":{"0":{"loc":{"start":{"line":27,"column":11},"end":{"line":27,"column":65}},"type":"binary-expr","locations":[{"start":{"line":27,"column":11},"end":{"line":27,"column":49}},{"start":{"line":27,"column":53},"end":{"line":27,"column":65}}],"line":27},"1":{"loc":{"start":{"line":30,"column":11},"end":{"line":31,"column":62}},"type":"binary-expr","locations":[{"start":{"line":30,"column":11},"end":{"line":30,"column":55}},{"start":{"line":31,"column":12},"end":{"line":31,"column":62}}],"line":30}},"s":{"0":1,"1":3,"2":1},"f":{"0":3},"b":{"0":[3,2],"1":[3,2]},"_coverageSchema":"1a1c01bbd47fc00a2c39e90264f33305004495a9","hash":"05c7c96ee148656546418382d0ed283319b39754"}
,"/Users/Kyle.Banashek/Source/app-sync-poc-working/amplify-datastore-todo/src/components/questions/DateQuestion.tsx": {"path":"/Users/Kyle.Banashek/Source/app-sync-poc-working/amplify-datastore-todo/src/components/questions/DateQuestion.tsx","statementMap":{"0":{"start":{"line":14,"column":57},"end":{"line":139,"column":1}},"1":{"start":{"line":21,"column":38},"end":{"line":21,"column":53}},"2":{"start":{"line":22,"column":23},"end":{"line":22,"column":57}},"3":{"start":{"line":25,"column":23},"end":{"line":33,"column":3}},"4":{"start":{"line":26,"column":4},"end":{"line":26,"column":34}},"5":{"start":{"line":26,"column":16},"end":{"line":26,"column":34}},"6":{"start":{"line":27,"column":4},"end":{"line":27,"column":44}},"7":{"start":{"line":27,"column":31},"end":{"line":27,"column":44}},"8":{"start":{"line":28,"column":4},"end":{"line":31,"column":5}},"9":{"start":{"line":29,"column":21},"end":{"line":29,"column":36}},"10":{"start":{"line":30,"column":6},"end":{"line":30,"column":59}},"11":{"start":{"line":32,"column":4},"end":{"line":32,"column":22}},"12":{"start":{"line":35,"column":42},"end":{"line":35,"column":72}},"13":{"start":{"line":37,"column":21},"end":{"line":60,"column":3}},"14":{"start":{"line":38,"column":4},"end":{"line":44,"column":5}},"15":{"start":{"line":39,"column":6},"end":{"line":43,"column":9}},"16":{"start":{"line":45,"column":4},"end":{"line":54,"column":5}},"17":{"start":{"line":46,"column":6},"end":{"line":53,"column":9}},"18":{"start":{"line":55,"column":4},"end":{"line":59,"column":7}},"19":{"start":{"line":62,"column":27},"end":{"line":82,"column":3}},"20":{"start":{"line":63,"column":4},"end":{"line":68,"column":7}},"21":{"start":{"line":70,"column":4},"end":{"line":72,"column":5}},"22":{"start":{"line":71,"column":6},"end":{"line":71,"column":27}},"23":{"start":{"line":73,"column":4},"end":{"line":81,"column":5}},"24":{"start":{"line":74,"column":6},"end":{"line":74,"column":28}},"25":{"start":{"line":75,"column":6},"end":{"line":75,"column":35}},"26":{"start":{"line":76,"column":6},"end":{"line":80,"column":9}},"27":{"start":{"line":84,"column":23},"end":{"line":84,"column":78}},"28":{"start":{"line":86,"column":2},"end":{"line":138,"column":4}},"29":{"start":{"line":94,"column":10},"end":{"line":98,"column":13}},"30":{"start":{"line":99,"column":10},"end":{"line":99,"column":30}},"31":{"start":{"line":125,"column":14},"end":{"line":129,"column":17}},"32":{"start":{"line":130,"column":14},"end":{"line":130,"column":35}},"33":{"start":{"line":141,"column":15},"end":{"line":176,"column":2}}},"fnMap":{"0":{"name":"(anonymous_0)","decl":{"start":{"line":14,"column":57},"end":{"line":14,"column":58}},"loc":{"start":{"line":20,"column":6},"end":{"line":139,"column":1}},"line":20},"1":{"name":"(anonymous_1)","decl":{"start":{"line":25,"column":23},"end":{"line":25,"column":24}},"loc":{"start":{"line":25,"column":35},"end":{"line":33,"column":3}},"line":25},"2":{"name":"(anonymous_2)","decl":{"start":{"line":37,"column":21},"end":{"line":37,"column":22}},"loc":{"start":{"line":37,"column":45},"end":{"line":60,"column":3}},"line":37},"3":{"name":"(anonymous_3)","decl":{"start":{"line":62,"column":27},"end":{"line":62,"column":28}},"loc":{"start":{"line":62,"column":56},"end":{"line":82,"column":3}},"line":62},"4":{"name":"(anonymous_4)","decl":{"start":{"line":93,"column":17},"end":{"line":93,"column":18}},"loc":{"start":{"line":93,"column":23},"end":{"line":100,"column":9}},"line":93},"5":{"name":"(anonymous_5)","decl":{"start":{"line":124,"column":21},"end":{"line":124,"column":22}},"loc":{"start":{"line":124,"column":27},"end":{"line":131,"column":13}},"line":124}},"branchMap":{"0":{"loc":{"start":{"line":22,"column":23},"end":{"line":22,"column":57}},"type":"binary-expr","locations":[{"start":{"line":22,"column":23},"end":{"line":22,"column":51}},{"start":{"line":22,"column":55},"end":{"line":22,"column":57}}],"line":22},"1":{"loc":{"start":{"line":26,"column":4},"end":{"line":26,"column":34}},"type":"if","locations":[{"start":{"line":26,"column":4},"end":{"line":26,"column":34}},{"start":{},"end":{}}],"line":26},"2":{"loc":{"start":{"line":27,"column":4},"end":{"line":27,"column":44}},"type":"if","locations":[{"start":{"line":27,"column":4},"end":{"line":27,"column":44}},{"start":{},"end":{}}],"line":27},"3":{"loc":{"start":{"line":28,"column":4},"end":{"line":31,"column":5}},"type":"if","locations":[{"start":{"line":28,"column":4},"end":{"line":31,"column":5}},{"start":{},"end":{}}],"line":28},"4":{"loc":{"start":{"line":30,"column":13},"end":{"line":30,"column":58}},"type":"cond-expr","locations":[{"start":{"line":30,"column":39},"end":{"line":30,"column":49}},{"start":{"line":30,"column":52},"end":{"line":30,"column":58}}],"line":30},"5":{"loc":{"start":{"line":38,"column":4},"end":{"line":44,"column":5}},"type":"if","locations":[{"start":{"line":38,"column":4},"end":{"line":44,"column":5}},{"start":{},"end":{}}],"line":38},"6":{"loc":{"start":{"line":45,"column":4},"end":{"line":54,"column":5}},"type":"if","locations":[{"start":{"line":45,"column":4},"end":{"line":54,"column":5}},{"start":{},"end":{}}],"line":45},"7":{"loc":{"start":{"line":70,"column":4},"end":{"line":72,"column":5}},"type":"if","locations":[{"start":{"line":70,"column":4},"end":{"line":72,"column":5}},{"start":{},"end":{}}],"line":70},"8":{"loc":{"start":{"line":73,"column":4},"end":{"line":81,"column":5}},"type":"if","locations":[{"start":{"line":73,"column":4},"end":{"line":81,"column":5}},{"start":{},"end":{}}],"line":73},"9":{"loc":{"start":{"line":84,"column":23},"end":{"line":84,"column":78}},"type":"cond-expr","locations":[{"start":{"line":84,"column":31},"end":{"line":84,"column":57}},{"start":{"line":84,"column":60},"end":{"line":84,"column":78}}],"line":84},"10":{"loc":{"start":{"line":91,"column":10},"end":{"line":91,"column":53}},"type":"binary-expr","locations":[{"start":{"line":91,"column":10},"end":{"line":91,"column":27}},{"start":{"line":91,"column":31},"end":{"line":91,"column":53}}],"line":91},"11":{"loc":{"start":{"line":105,"column":7},"end":{"line":118,"column":7}},"type":"binary-expr","locations":[{"start":{"line":105,"column":7},"end":{"line":105,"column":17}},{"start":{"line":106,"column":8},"end":{"line":117,"column":10}}],"line":105},"12":{"loc":{"start":{"line":109,"column":12},"end":{"line":113,"column":22}},"type":"cond-expr","locations":[{"start":{"line":110,"column":16},"end":{"line":110,"column":22}},{"start":{"line":111,"column":16},"end":{"line":113,"column":22}}],"line":109},"13":{"loc":{"start":{"line":109,"column":12},"end":{"line":109,"column":75}},"type":"binary-expr","locations":[{"start":{"line":109,"column":12},"end":{"line":109,"column":41}},{"start":{"line":109,"column":45},"end":{"line":109,"column":75}}],"line":109},"14":{"loc":{"start":{"line":111,"column":16},"end":{"line":113,"column":22}},"type":"cond-expr","locations":[{"start":{"line":112,"column":16},"end":{"line":112,"column":26}},{"start":{"line":113,"column":16},"end":{"line":113,"column":22}}],"line":111},"15":{"loc":{"start":{"line":115,"column":19},"end":{"line":115,"column":64}},"type":"cond-expr","locations":[{"start":{"line":115,"column":43},"end":{"line":115,"column":52}},{"start":{"line":115,"column":55},"end":{"line":115,"column":64}}],"line":115},"16":{"loc":{"start":{"line":120,"column":7},"end":{"line":136,"column":7}},"type":"binary-expr","locations":[{"start":{"line":120,"column":7},"end":{"line":120,"column":28}},{"start":{"line":120,"column":32},"end":{"line":120,"column":42}},{"start":{"line":121,"column":8},"end":{"line":135,"column":15}}],"line":120}},"s":{"0":0,"1":0,"2":0,"3":0,"4":0,"5":0,"6":0,"7":0,"8":0,"9":0,"10":0,"11":0,"12":0,"13":0,"14":0,"15":0,"16":0,"17":0,"18":0,"19":0,"20":0,"21":0,"22":0,"23":0,"24":0,"25":0,"26":0,"27":0,"28":0,"29":0,"30":0,"31":0,"32":0,"33":0},"f":{"0":0,"1":0,"2":0,"3":0,"4":0,"5":0},"b":{"0":[0,0],"1":[0,0],"2":[0,0],"3":[0,0],"4":[0,0],"5":[0,0],"6":[0,0],"7":[0,0],"8":[0,0],"9":[0,0],"10":[0,0],"11":[0,0],"12":[0,0],"13":[0,0],"14":[0,0],"15":[0,0],"16":[0,0,0]}}
,"/Users/Kyle.Banashek/Source/app-sync-poc-working/amplify-datastore-todo/src/components/questions/ErrorState.tsx": {"path":"/Users/Kyle.Banashek/Source/app-sync-poc-working/amplify-datastore-todo/src/components/questions/ErrorState.tsx","statementMap":{"0":{"start":{"line":12,"column":53},"end":{"line":46,"column":1}},"1":{"start":{"line":18,"column":2},"end":{"line":45,"column":4}},"2":{"start":{"line":48,"column":15},"end":{"line":111,"column":2}}},"fnMap":{"0":{"name":"(anonymous_0)","decl":{"start":{"line":12,"column":53},"end":{"line":12,"column":54}},"loc":{"start":{"line":17,"column":6},"end":{"line":46,"column":1}},"line":17}},"branchMap":{"0":{"loc":{"start":{"line":26,"column":9},"end":{"line":39,"column":9}},"type":"binary-expr","locations":[{"start":{"line":26,"column":9},"end":{"line":26,"column":35}},{"start":{"line":27,"column":10},"end":{"line":38,"column":17}}],"line":26}},"s":{"0":0,"1":0,"2":0},"f":{"0":0},"b":{"0":[0,0]}}
,"/Users/Kyle.Banashek/Source/app-sync-poc-working/amplify-datastore-todo/src/components/questions/IntroductionScreen.tsx": {"path":"/Users/Kyle.Banashek/Source/app-sync-poc-working/amplify-datastore-todo/src/components/questions/IntroductionScreen.tsx","statementMap":{"0":{"start":{"line":10,"column":69},"end":{"line":35,"column":1}},"1":{"start":{"line":14,"column":2},"end":{"line":34,"column":4}},"2":{"start":{"line":37,"column":15},"end":{"line":78,"column":2}}},"fnMap":{"0":{"name":"(anonymous_0)","decl":{"start":{"line":10,"column":69},"end":{"line":10,"column":70}},"loc":{"start":{"line":13,"column":6},"end":{"line":35,"column":1}},"line":13}},"branchMap":{"0":{"loc":{"start":{"line":21,"column":11},"end":{"line":21,"column":64}},"type":"binary-expr","locations":[{"start":{"line":21,"column":11},"end":{"line":21,"column":51}},{"start":{"line":21,"column":55},"end":{"line":21,"column":64}}],"line":21},"1":{"loc":{"start":{"line":24,"column":11},"end":{"line":25,"column":44}},"type":"binary-expr","locations":[{"start":{"line":24,"column":11},"end":{"line":24,"column":57}},{"start":{"line":25,"column":12},"end":{"line":25,"column":44}}],"line":24},"2":{"loc":{"start":{"line":29,"column":13},"end":{"line":29,"column":69}},"type":"binary-expr","locations":[{"start":{"line":29,"column":13},"end":{"line":29,"column":58}},{"start":{"line":29,"column":62},"end":{"line":29,"column":69}}],"line":29}},"s":{"0":1,"1":4,"2":1},"f":{"0":4},"b":{"0":[4,1],"1":[4,1],"2":[4,2]},"_coverageSchema":"1a1c01bbd47fc00a2c39e90264f33305004495a9","hash":"ba14a7015d139d14bac667ebda159cc9cc64d527"}
,"/Users/Kyle.Banashek/Source/app-sync-poc-working/amplify-datastore-todo/src/components/questions/LoadingState.tsx": {"path":"/Users/Kyle.Banashek/Source/app-sync-poc-working/amplify-datastore-todo/src/components/questions/LoadingState.tsx","statementMap":{"0":{"start":{"line":10,"column":57},"end":{"line":28,"column":1}},"1":{"start":{"line":14,"column":2},"end":{"line":27,"column":4}},"2":{"start":{"line":30,"column":15},"end":{"line":59,"column":2}}},"fnMap":{"0":{"name":"(anonymous_0)","decl":{"start":{"line":10,"column":57},"end":{"line":10,"column":58}},"loc":{"start":{"line":13,"column":6},"end":{"line":28,"column":1}},"line":13}},"branchMap":{"0":{"loc":{"start":{"line":18,"column":11},"end":{"line":18,"column":52}},"type":"cond-expr","locations":[{"start":{"line":18,"column":20},"end":{"line":18,"column":38}},{"start":{"line":18,"column":41},"end":{"line":18,"column":52}}],"line":18}},"s":{"0":0,"1":0,"2":0},"f":{"0":0},"b":{"0":[0,0]}}
[...]
:{"line":124,"column":36}},"loc":{"start":{"line":124,"column":55},"end":{"line":189,"column":5}},"line":124},"10":{"name":"(anonymous_10)","decl":{"start":{"line":129,"column":10},"end":{"line":129,"column":11}},"loc":{"start":{"line":129,"column":20},"end":{"line":129,"column":51}},"line":129},"11":{"name":"(anonymous_11)","decl":{"start":{"line":132,"column":31},"end":{"line":132,"column":32}},"loc":{"start":{"line":132,"column":53},"end":{"line":163,"column":9}},"line":132},"12":{"name":"(anonymous_12)","decl":{"start":{"line":142,"column":48},"end":{"line":142,"column":49}},"loc":{"start":{"line":142,"column":75},"end":{"line":150,"column":15}},"line":142},"13":{"name":"(anonymous_13)","decl":{"start":{"line":170,"column":43},"end":{"line":170,"column":44}},"loc":{"start":{"line":170,"column":70},"end":{"line":178,"column":11}},"line":170},"14":{"name":"(anonymous_14)","decl":{"start":{"line":193,"column":15},"end":{"line":193,"column":16}},"loc":{"start":{"line":193,"column":25},"end":{"line":193,"column":42}},"line":193},"15":{"name":"getDisplayProperty","decl":{"start":{"line":204,"column":16},"end":{"line":204,"column":34}},"loc":{"start":{"line":208,"column":10},"end":{"line":210,"column":1}},"line":208}},"branchMap":{"0":{"loc":{"start":{"line":23,"column":2},"end":{"line":23,"column":42}},"type":"default-arg","locations":[{"start":{"line":23,"column":40},"end":{"line":23,"column":42}}],"line":23},"1":{"loc":{"start":{"line":30,"column":2},"end":{"line":39,"column":3}},"type":"if","locations":[{"start":{"line":30,"column":2},"end":{"line":39,"column":3}},{"start":{},"end":{}}],"line":30},"2":{"loc":{"start":{"line":32,"column":6},"end":{"line":37,"column":7}},"type":"if","locations":[{"start":{"line":32,"column":6},"end":{"line":37,"column":7}},{"start":{},"end":{}}],"line":32},"3":{"loc":{"start":{"line":42,"column":2},"end":{"line":120,"column":3}},"type":"if","locations":[{"start":{"line":42,"column":2},"end":{"line":120,"column":3}},{"start":{},"end":{}}],"line":42},"4":{"loc":{"start":{"line":45,"column":6},"end":{"line":118,"column":7}},"type":"if","locations":[{"start":{"line":45,"column":6},"end":{"line":118,"column":7}},{"start":{},"end":{}}],"line":45},"5":{"loc":{"start":{"line":45,"column":10},"end":{"line":45,"column":52}},"type":"binary-expr","locations":[{"start":{"line":45,"column":10},"end":{"line":45,"column":34}},{"start":{"line":45,"column":38},"end":{"line":45,"column":52}}],"line":45},"6":{"loc":{"start":{"line":49,"column":10},"end":{"line":92,"column":11}},"type":"if","locations":[{"start":{"line":49,"column":10},"end":{"line":92,"column":11}},{"start":{},"end":{}}],"line":49},"7":{"loc":{"start":{"line":52,"column":25},"end":{"line":52,"column":37}},"type":"binary-expr","locations":[{"start":{"line":52,"column":25},"end":{"line":52,"column":32}},{"start":{"line":52,"column":36},"end":{"line":52,"column":37}}],"line":52},"8":{"loc":{"start":{"line":52,"column":42},"end":{"line":52,"column":54}},"type":"binary-expr","locations":[{"start":{"line":52,"column":42},"end":{"line":52,"column":49}},{"start":{"line":52,"column":53},"end":{"line":52,"column":54}}],"line":52},"9":{"loc":{"start":{"line":59,"column":14},"end":{"line":61,"column":15}},"type":"if","locations":[{"start":{"line":59,"column":14},"end":{"line":61,"column":15}},{"start":{},"end":{}}],"line":59},"10":{"loc":{"start":{"line":59,"column":18},"end":{"line":59,"column":41}},"type":"binary-expr","locations":[{"start":{"line":59,"column":18},"end":{"line":59,"column":27}},{"start":{"line":59,"column":31},"end":{"line":59,"column":41}}],"line":59},"11":{"loc":{"start":{"line":63,"column":14},"end":{"line":90,"column":15}},"type":"if","locations":[{"start":{"line":63,"column":14},"end":{"line":90,"column":15}},{"start":{},"end":{}}],"line":63},"12":{"loc":{"start":{"line":66,"column":16},"end":{"line":78,"column":17}},"type":"if","locations":[{"start":{"line":66,"column":16},"end":{"line":78,"column":17}},{"start":{},"end":{}}],"line":66},"13":{"loc":{"start":{"line":72,"column":24},"end":{"line":72,"column":72}},"type":"cond-expr","locations":[{"start":{"line":72,"column":53},"end":{"line":72,"column":59}},{"start":{"line":72,"column":62},"end":{"line":72,"column":72}}],"line":72},"14":{"loc":{"start":{"line":81,"column":38},"end":{"line":81,"column":73}},"type":"binary-expr","locations":[{"start":{"line":81,"column":38},"end":{"line":81,"column":65}},{"start":{"line":81,"column":69},"end":{"line":81,"column":73}}],"line":81},"15":{"loc":{"start":{"line":85,"column":25},"end":{"line":85,"column":43}},"type":"binary-expr","locations":[{"start":{"line":85,"column":25},"end":{"line":85,"column":38}},{"start":{"line":85,"column":42},"end":{"line":85,"column":43}}],"line":85},"16":{"loc":{"start":{"line":94,"column":10},"end":{"line":116,"column":11}},"type":"if","locations":[{"start":{"line":94,"column":10},"end":{"line":116,"column":11}},{"start":{},"end":{}}],"line":94},"17":{"loc":{"start":{"line":97,"column":12},"end":{"line":107,"column":13}},"type":"if","locations":[{"start":{"line":97,"column":12},"end":{"line":107,"column":13}},{"start":{},"end":{}}],"line":97},"18":{"loc":{"start":{"line":102,"column":20},"end":{"line":102,"column":68}},"type":"cond-expr","locations":[{"start":{"line":102,"column":49},"end":{"line":102,"column":55}},{"start":{"line":102,"column":58},"end":{"line":102,"column":68}}],"line":102},"19":{"loc":{"start":{"line":110,"column":18},"end":{"line":110,"column":57}},"type":"binary-expr","locations":[{"start":{"line":110,"column":18},"end":{"line":110,"column":27}},{"start":{"line":110,"column":31},"end":{"line":110,"column":57}}],"line":110},"20":{"loc":{"start":{"line":111,"column":20},"end":{"line":111,"column":94}},"type":"binary-expr","locations":[{"start":{"line":111,"column":20},"end":{"line":111,"column":31}},{"start":{"line":111,"column":35},"end":{"line":111,"column":46}},{"start":{"line":111,"column":50},"end":{"line":111,"column":94}}],"line":111},"21":{"loc":{"start":{"line":111,"column":58},"end":{"line":111,"column":92}},"type":"binary-expr","locations":[{"start":{"line":111,"column":58},"end":{"line":111,"column":70}},{"start":{"line":111,"column":74},"end":{"line":111,"column":92}}],"line":111},"22":{"loc":{"start":{"line":112,"column":21},"end":{"line":112,"column":51}},"type":"binary-expr","locations":[{"start":{"line":112,"column":21},"end":{"line":112,"column":33}},{"start":{"line":112,"column":37},"end":{"line":112,"column":51}}],"line":112},"23":{"loc":{"start":{"line":123,"column":2},"end":{"line":190,"column":3}},"type":"if","locations":[{"start":{"line":123,"column":2},"end":{"line":190,"column":3}},{"start":{},"end":{}}],"line":123},"24":{"loc":{"start":{"line":123,"column":6},"end":{"line":123,"column":52}},"type":"binary-expr","locations":[{"start":{"line":123,"column":6},"end":{"line":123,"column":26}},{"start":{"line":123,"column":30},"end":{"line":123,"column":52}}],"line":123},"25":{"loc":{"start":{"line":127,"column":6},"end":{"line":164,"column":7}},"type":"if","locations":[{"start":{"line":127,"column":6},"end":{"line":164,"column":7}},{"start":{},"end":{}}],"line":127},"26":{"loc":{"start":{"line":129,"column":21},"end":{"line":129,"column":33}},"type":"binary-expr","locations":[{"start":{"line":129,"column":21},"end":{"line":129,"column":28}},{"start":{"line":129,"column":32},"end":{"line":129,"column":33}}],"line":129},"27":{"loc":{"start":{"line":129,"column":38},"end":{"line":129,"column":50}},"type":"binary-expr","locations":[{"start":{"line":129,"column":38},"end":{"line":129,"column":45}},{"start":{"line":129,"column":49},"end":{"line":129,"column":50}}],"line":129},"28":{"loc":{"start":{"line":135,"column":10},"end":{"line":137,"column":11}},"type":"if","locations":[{"start":{"line":135,"column":10},"end":{"line":137,"column":11}},{"start":{},"end":{}}],"line":135},"29":{"loc":{"start":{"line":135,"column":14},"end":{"line":135,"column":37}},"type":"binary-expr","locations":[{"start":{"line":135,"column":14},"end":{"line":135,"column":23}},{"start":{"line":135,"column":27},"end":{"line":135,"column":37}}],"line":135},"30":{"loc":{"start":{"line":139,"column":10},"end":{"line":162,"column":11}},"type":"if","locations":[{"start":{"line":139,"column":10},"end":{"line":162,"column":11}},{"start":{},"end":{}}],"line":139},"31":{"loc":{"start":{"line":141,"column":12},"end":{"line":151,"column":13}},"type":"if","locations":[{"start":{"line":141,"column":12},"end":{"line":151,"column":13}},{"start":{},"end":{}}],"line":141},"32":{"loc":{"start":{"line":146,"column":20},"end":{"line":146,"column":68}},"type":"cond-expr","locations":[{"start":{"line":146,"column":49},"end":{"line":146,"column":55}},{"start":{"line":146,"column":58},"end":{"line":146,"column":68}}],"line":146},"33":{"loc":{"start":{"line":153,"column":34},"end":{"line":153,"column":69}},"type":"binary-expr","locations":[{"start":{"line":153,"column":34},"end":{"line":153,"column":61}},{"start":{"line":153,"column":65},"end":{"line":153,"column":69}}],"line":153},"34":{"loc":{"start":{"line":157,"column":21},"end":{"line":157,"column":39}},"type":"binary-expr","locations":[{"start":{"line":157,"column":21},"end":{"line":157,"column":34}},{"start":{"line":157,"column":38},"end":{"line":157,"column":39}}],"line":157},"35":{"loc":{"start":{"line":166,"column":6},"end":{"line":188,"column":7}},"type":"if","locations":[{"start":{"line":166,"column":6},"end":{"line":188,"column":7}},{"start":{},"end":{}}],"line":166},"36":{"loc":{"start":{"line":169,"column":8},"end":{"line":179,"column":9}},"type":"if","locations":[{"start":{"line":169,"column":8},"end":{"line":179,"column":9}},{"start":{},"end":{}}],"line":169},"37":{"loc":{"start":{"line":174,"column":16},"end":{"line":174,"column":64}},"type":"cond-expr","locations":[{"start":{"line":174,"column":45},"end":{"line":174,"column":51}},{"start":{"line":174,"column":54},"end":{"line":174,"column":64}}],"line":174},"38":{"loc":{"start":{"line":182,"column":14},"end":{"line":182,"column":53}},"type":"binary-expr","locations":[{"start":{"line":182,"column":14},"end":{"line":182,"column":23}},{"start":{"line":182,"column":27},"end":{"line":182,"column":53}}],"line":182},"39":{"loc":{"start":{"line":183,"column":16},"end":{"line":183,"column":90}},"type":"binary-expr","locations":[{"start":{"line":183,"column":16},"end":{"line":183,"column":27}},{"start":{"line":183,"column":31},"end":{"line":183,"column":42}},{"start":{"line":183,"column":46},"end":{"line":183,"column":90}}],"line":183},"40":{"loc":{"start":{"line":183,"column":54},"end":{"line":183,"column":88}},"type":"binary-expr","locations":[{"start":{"line":183,"column":54},"end":{"line":183,"column":66}},{"start":{"line":183,"column":70},"end":{"line":183,"column":88}}],"line":183},"41":{"loc":{"start":{"line":184,"column":17},"end":{"line":184,"column":47}},"type":"binary-expr","locations":[{"start":{"line":184,"column":17},"end":{"line":184,"column":29}},{"start":{"line":184,"column":33},"end":{"line":184,"column":47}}],"line":184},"42":{"loc":{"start":{"line":207,"column":2},"end":{"line":207,"column":27}},"type":"default-arg","locations":[{"start":{"line":207,"column":25},"end":{"line":207,"column":27}}],"line":207},"43":{"loc":{"start":{"line":209,"column":9},"end":{"line":209,"column":47}},"type":"binary-expr","locations":[{"start":{"line":209,"column":9},"end":{"line":209,"column":31}},{"start":{"line":209,"column":35},"end":{"line":209,"column":47}}],"line":209}},"s":{"0":0,"1":0,"2":0,"3":0,"4":0,"5":0,"6":0,"7":0,"8":0,"9":0,"10":0,"11":0,"12":0,"13":0,"14":0,"15":0,"16":0,"17":0,"18":0,"19":0,"20":0,"21":0,"22":0,"23":0,"24":0,"25":0,"26":0,"27":0,"28":0,"29":0,"30":0,"31":0,"32":0,"33":0,"34":0,"35":0,"36":0,"37":0,"38":0,"39":0,"40":0,"41":0,"42":0,"43":0,"44":0,"45":0,"46":0,"47":0,"48":0,"49":0,"50":0,"51":0,"52":0,"53":0,"54":0,"55":0,"56":0,"57":0,"58":0,"59":0,"60":0,"61":0,"62":0,"63":0,"64":0,"65":0,"66":0,"67":0,"68":0,"69":0,"70":0,"71":0,"72":0},"f":{"0":0,"1":0,"2":0,"3":0,"4":0,"5":0,"6":0,"7":0,"8":0,"9":0,"10":0,"11":0,"12":0,"13":0,"14":0,"15":0},"b":{"0":[0],"1":[0,0],"2":[0,0],"3":[0,0],"4":[0,0],"5":[0,0],"6":[0,0],"7":[0,0],"8":[0,0],"9":[0,0],"10":[0,0],"11":[0,0],"12":[0,0],"13":[0,0],"14":[0,0],"15":[0,0],"16":[0,0],"17":[0,0],"18":[0,0],"19":[0,0],"20":[0,0,0],"21":[0,0],"22":[0,0],"23":[0,0],"24":[0,0],"25":[0,0],"26":[0,0],"27":[0,0],"28":[0,0],"29":[0,0],"30":[0,0],"31":[0,0],"32":[0,0],"33":[0,0],"34":[0,0],"35":[0,0],"36":[0,0],"37":[0,0],"38":[0,0],"39":[0,0,0],"40":[0,0],"41":[0,0],"42":[0],"43":[0,0]},"_coverageSchema":"1a1c01bbd47fc00a2c39e90264f33305004495a9","hash":"b96459f5b6f2d5b5195a405da80c4f296bc63cac"}
,"/Users/Kyle.Banashek/Source/app-sync-poc-working/amplify-datastore-todo/src/utils/logger.ts": {"path":"/Users/Kyle.Banashek/Source/app-sync-poc-working/amplify-datastore-todo/src/utils/logger.ts","statementMap":{"0":{"start":{"line":14,"column":14},"end":{"line":30,"column":1}},"1":{"start":{"line":32,"column":15},"end":{"line":39,"column":1}},"2":{"start":{"line":44,"column":22},"end":{"line":104,"column":1}},"3":{"start":{"line":46,"column":4},"end":{"line":46,"column":60}},"4":{"start":{"line":50,"column":4},"end":{"line":50,"column":66}},"5":{"start":{"line":54,"column":4},"end":{"line":54,"column":66}},"6":{"start":{"line":58,"column":4},"end":{"line":58,"column":62}},"7":{"start":{"line":62,"column":4},"end":{"line":62,"column":62}},"8":{"start":{"line":66,"column":4},"end":{"line":66,"column":60}},"9":{"start":{"line":70,"column":4},"end":{"line":70,"column":64}},"10":{"start":{"line":74,"column":4},"end":{"line":74,"column":62}},"11":{"start":{"line":78,"column":4},"end":{"line":78,"column":66}},"12":{"start":{"line":82,"column":4},"end":{"line":82,"column":64}},"13":{"start":{"line":86,"column":4},"end":{"line":86,"column":60}},"14":{"start":{"line":90,"column":4},"end":{"line":90,"column":64}},"15":{"start":{"line":94,"column":4},"end":{"line":94,"column":66}},"16":{"start":{"line":98,"column":4},"end":{"line":98,"column":62}},"17":{"start":{"line":102,"column":4},"end":{"line":102,"column":60}},"18":{"start":{"line":107,"column":56},"end":{"line":107,"column":63}},"19":{"start":{"line":108,"column":16},"end":{"line":108,"column":44}},"20":{"start":{"line":109,"column":16},"end":{"line":109,"column":28}},"21":{"start":{"line":112,"column":20},"end":{"line":112,"column":72}},"22":{"start":{"line":115,"column":27},"end":{"line":115,"column":62}},"23":{"start":{"line":118,"column":2},"end":{"line":122,"column":3}},"24":{"start":{"line":119,"column":4},"end":{"line":119,"column":61}},"25":{"start":{"line":121,"column":4},"end":{"line":121,"column":55}},"26":{"start":{"line":129,"column":18},"end":{"line":129,"column":32}},"27":{"start":{"line":130,"column":2},"end":{"line":130,"column":30}},"28":{"start":{"line":131,"column":2},"end":{"line":131,"column":42}},"29":{"start":{"line":132,"column":2},"end":{"line":132,"column":30}},"30":{"start":{"line":139,"column":18},"end":{"line":139,"column":32}},"31":{"start":{"line":140,"column":2},"end":{"line":140,"column":30}},"32":{"start":{"line":141,"column":2},"end":{"line":141,"column":28}},"33":{"start":{"line":142,"column":2},"end":{"line":142,"column":28}}},"fnMap":{"0":{"name":"(anonymous_0)","decl":{"start":{"line":45,"column":8},"end":{"line":45,"column":9}},"loc":{"start":{"line":45,"column":41},"end":{"line":47,"column":3}},"line":45},"1":{"name":"(anonymous_1)","decl":{"start":{"line":49,"column":11},"end":{"line":49,"column":12}},"loc":{"start":{"line":49,"column":44},"end":{"line":51,"column":3}},"line":49},"2":{"name":"(anonymous_2)","decl":{"start":{"line":53,"column":11},"end":{"line":53,"column":12}},"loc":{"start":{"line":53,"column":44},"end":{"line":55,"column":3}},"line":53},"3":{"name":"(anonymous_3)","decl":{"start":{"line":57,"column":9},"end":{"line":57,"column":10}},"loc":{"start":{"line":57,"column":42},"end":{"line":59,"column":3}},"line":57},"4":{"name":"(anonymous_4)","decl":{"start":{"line":61,"column":9},"end":{"line":61,"column":10}},"loc":{"start":{"line":61,"column":42},"end":{"line":63,"column":3}},"line":61},"5":{"name":"(anonymous_5)","decl":{"start":{"line":65,"column":8},"end":{"line":65,"column":9}},"loc":{"start":{"line":65,"column":41},"end":{"line":67,"column":3}},"line":65},"6":{"name":"(anonymous_6)","decl":{"start":{"line":69,"column":12},"end":{"line":69,"column":13}},"loc":{"start":{"line":69,"column":45},"end":{"line":71,"column":3}},"line":69},"7":{"name":"(anonymous_7)","decl":{"start":{"line":73,"column":10},"end":{"line":73,"column":11}},"loc":{"start":{"line":73,"column":43},"end":{"line":75,"column":3}},"line":73},"8":{"name":"(anonymous_8)","decl":{"start":{"line":77,"column":14},"end":{"line":77,"column":15}},"loc":{"start":{"line":77,"column":47},"end":{"line":79,"column":3}},"line":77},"9":{"name":"(anonymous_9)","decl":{"start":{"line":81,"column":12},"end":{"line":81,"column":13}},"loc":{"start":{"line":81,"column":45},"end":{"line":83,"column":3}},"line":81},"10":{"name":"(anonymous_10)","decl":{"start":{"line":85,"column":8},"end":{"line":85,"column":9}},"loc":{"start":{"line":85,"column":41},"end":{"line":87,"column":3}},"line":85},"11":{"name":"(anonymous_11)","decl":{"start":{"line":89,"column":12},"end":{"line":89,"column":13}},"loc":{"start":{"line":89,"column":45},"end":{"line":91,"column":3}},"line":89},"12":{"name":"(anonymous_12)","decl":{"start":{"line":93,"column":14},"end":{"line":93,"column":15}},"loc":{"start":{"line":93,"column":47},"end":{"line":95,"column":3}},"line":93},"13":{"name":"(anonymous_13)","decl":{"start":{"line":97,"column":10},"end":{"line":97,"column":11}},"loc":{"start":{"line":97,"column":43},"end":{"line":99,"column":3}},"line":97},"14":{"name":"(anonymous_14)","decl":{"start":{"line":101,"column":8},"end":{"line":101,"column":9}},"loc":{"start":{"line":101,"column":41},"end":{"line":103,"column":3}},"line":101},"15":{"name":"log","decl":{"start":{"line":106,"column":9},"end":{"line":106,"column":12}},"loc":{"start":{"line":106,"column":56},"end":{"line":123,"column":1}},"line":106},"16":{"name":"logSection","decl":{"start":{"line":128,"column":16},"end":{"line":128,"column":26}},"loc":{"start":{"line":128,"column":42},"end":{"line":133,"column":1}},"line":128},"17":{"name":"logSubsection","decl":{"start":{"line":138,"column":16},"end":{"line":138,"column":29}},"loc":{"start":{"line":138,"column":45},"end":{"line":143,"column":1}},"line":138}},"branchMap":{"0":{"loc":{"start":{"line":106,"column":30},"end":{"line":106,"column":54}},"type":"default-arg","locations":[{"start":{"line":106,"column":52},"end":{"line":106,"column":54}}],"line":106},"1":{"loc":{"start":{"line":107,"column":10},"end":{"line":107,"column":24}},"type":"default-arg","locations":[{"start":{"line":107,"column":18},"end":{"line":107,"column":24}}],"line":107},"2":{"loc":{"start":{"line":107,"column":26},"end":{"line":107,"column":45}},"type":"default-arg","locations":[{"start":{"line":107,"column":33},"end":{"line":107,"column":45}}],"line":107},"3":{"loc":{"start":{"line":108,"column":16},"end":{"line":108,"column":44}},"type":"binary-expr","locations":[{"start":{"line":108,"column":16},"end":{"line":108,"column":29}},{"start":{"line":108,"column":33},"end":{"line":108,"column":44}}],"line":108},"4":{"loc":{"start":{"line":118,"column":2},"end":{"line":122,"column":3}},"type":"if","locations":[{"start":{"line":118,"column":2},"end":{"line":122,"column":3}},{"start":{"line":120,"column":9},"end":{"line":122,"column":3}}],"line":118}},"s":{"0":0,"1":0,"2":0,"3":0,"4":0,"5":0,"6":0,"7":0,"8":0,"9":0,"10":0,"11":0,"12":0,"13":0,"14":0,"15":0,"16":0,"17":0,"18":0,"19":0,"20":0,"21":0,"22":0,"23":0,"24":0,"25":0,"26":0,"27":0,"28":0,"29":0,"30":0,"31":0,"32":0,"33":0},"f":{"0":0,"1":0,"2":0,"3":0,"4":0,"5":0,"6":0,"7":0,"8":0,"9":0,"10":0,"11":0,"12":0,"13":0,"14":0,"15":0,"16":0,"17":0},"b":{"0":[0],"1":[0],"2":[0],"3":[0,0],"4":[0,0]}}
}
