TN:
SF:src/API.ts
FNF:0
FNH:0
LF:0
LH:0
BRF:0
BRH:0
end_of_record
TN:
SF:src/amplify-config.ts
FN:5,(anonymous_0)
FNF:1
FNH:0
FNDA:0,(anonymous_0)
DA:5,0
DA:6,0
DA:8,0
DA:22,0
LF:4
LH:0
BRF:0
BRH:0
end_of_record
TN:
SF:src/amplify-init-sync.ts
FN:9,initializeAmplify
FNF:1
FNH:0
FNDA:0,initializeAmplify
DA:9,0
DA:10,0
DA:12,0
DA:15,0
DA:20,0
LF:5
LH:0
BRF:0
BRH:0
end_of_record
TN:
SF:src/amplify-init.ts
FN:10,(anonymous_0)
FNF:1
FNH:0
FNDA:0,(anonymous_0)
DA:6,0
DA:10,0
DA:12,0
LF:3
LH:0
BRF:0
BRH:0
end_of_record
TN:
SF:src/components/NavigationMenu.tsx
FN:73,(anonymous_0)
FN:88,(anonymous_1)
FN:113,(anonymous_2)
FN:140,(anonymous_3)
FN:150,(anonymous_4)
FNF:5
FNH:0
FNDA:0,(anonymous_0)
FNDA:0,(anonymous_1)
FNDA:0,(anonymous_2)
FNDA:0,(anonymous_3)
FNDA:0,(anonymous_4)
DA:23,0
DA:73,0
DA:77,0
DA:78,0
DA:79,0
DA:81,0
DA:88,0
DA:89,0
DA:90,0
DA:91,0
DA:92,0
DA:94,0
DA:98,0
DA:114,0
DA:141,0
DA:146,0
DA:150,0
DA:193,0
LF:18
LH:0
BRDA:79,0,0,0
BRDA:79,0,1,0
BRDA:133,1,0,0
BRDA:133,1,1,0
BRDA:166,2,0,0
BRDA:166,2,1,0
BRF:6
BRH:0
end_of_record
TN:
SF:src/components/NetworkStatusIndicator.tsx
FN:5,(anonymous_0)
FNF:1
FNH:0
FNDA:0,(anonymous_0)
DA:5,0
DA:7,0
DA:9,0
DA:17,0
LF:4
LH:0
BRF:0
BRH:0
end_of_record
TN:
SF:src/components/TaskCard.tsx
FN:15,(anonymous_0)
FN:52,(anonymous_1)
FN:70,(anonymous_2)
FN:85,(anonymous_3)
FN:134,(anonymous_4)
FN:200,(anonymous_5)
FNF:6
FNH:5
FNDA:19,(anonymous_0)
FNDA:19,(anonymous_1)
FNDA:19,(anonymous_2)
FNDA:3,(anonymous_3)
FNDA:1,(anonymous_4)
FNDA:0,(anonymous_5)
DA:15,1
DA:16,19
DA:19,19
DA:20,1
DA:22,18
DA:23,1
DA:25,17
DA:26,0
DA:28,17
DA:29,0
DA:31,17
DA:36,0
DA:40,17
DA:42,15
DA:44,1
DA:46,1
DA:48,0
DA:52,1
DA:58,19
DA:67,19
DA:70,19
DA:71,19
DA:73,1
DA:75,2
DA:77,3
DA:79,13
DA:83,19
DA:85,19
DA:86,3
DA:93,3
DA:95,3
DA:99,2
DA:103,2
DA:106,2
DA:111,1
DA:120,3
DA:124,3
DA:126,0
DA:134,19
DA:135,1
DA:141,1
DA:144,19
DA:201,0
DA:205,0
DA:218,1
LF:45
LH:38
BRDA:16,0,0,19
BRDA:16,0,1,1
BRDA:19,1,0,1
BRDA:19,1,1,18
BRDA:19,2,0,19
BRDA:19,2,1,18
BRDA:22,3,0,1
BRDA:22,3,1,17
BRDA:22,4,0,18
BRDA:22,4,1,17
BRDA:25,5,0,0
BRDA:25,5,1,17
BRDA:25,6,0,17
BRDA:25,6,1,17
BRDA:28,7,0,0
BRDA:28,7,1,17
BRDA:28,8,0,17
BRDA:28,8,1,17
BRDA:31,9,0,0
BRDA:31,9,1,17
BRDA:32,10,0,17
BRDA:32,10,1,17
BRDA:32,10,2,17
BRDA:40,11,0,15
BRDA:40,11,1,1
BRDA:40,11,2,1
BRDA:40,11,3,0
BRDA:56,12,0,12
BRDA:62,13,0,19
BRDA:62,13,1,1
BRDA:71,14,0,1
BRDA:71,14,1,2
BRDA:71,14,2,3
BRDA:71,14,3,13
BRDA:95,15,0,2
BRDA:95,15,1,1
BRDA:96,16,0,3
BRDA:96,16,1,2
BRDA:128,17,0,0
BRDA:128,17,1,0
BRDA:129,18,0,0
BRDA:129,18,1,0
BRDA:152,19,0,19
BRDA:152,19,1,1
BRDA:164,20,0,19
BRDA:164,20,1,1
BRDA:166,21,0,19
BRDA:166,21,1,6
BRDA:184,22,0,19
BRDA:184,22,1,18
BRDA:192,23,0,5
BRDA:192,23,1,13
BRDA:192,24,0,18
BRDA:192,24,1,15
BRF:54
BRH:46
end_of_record
TN:
SF:src/components/TaskFilters.tsx
FN:14,(anonymous_0)
FN:23,(anonymous_1)
FN:26,(anonymous_2)
FN:32,(anonymous_3)
FN:35,(anonymous_4)
FN:63,(anonymous_5)
FN:72,(anonymous_6)
FN:89,(anonymous_7)
FN:98,(anonymous_8)
FNF:9
FNH:0
FNDA:0,(anonymous_0)
FNDA:0,(anonymous_1)
FNDA:0,(anonymous_2)
FNDA:0,(anonymous_3)
FNDA:0,(anonymous_4)
FNDA:0,(anonymous_5)
FNDA:0,(anonymous_6)
FNDA:0,(anonymous_7)
FNDA:0,(anonymous_8)
DA:14,0
DA:23,0
DA:24,0
DA:25,0
DA:26,0
DA:28,0
DA:32,0
DA:33,0
DA:34,0
DA:35,0
DA:37,0
DA:41,0
DA:64,0
DA:65,0
DA:72,0
DA:90,0
DA:91,0
DA:98,0
DA:116,0
LF:19
LH:0
BRDA:24,0,0,0
BRDA:24,0,1,0
BRDA:25,1,0,0
BRDA:25,1,1,0
BRDA:33,2,0,0
BRDA:33,2,1,0
BRDA:34,3,0,0
BRDA:34,3,1,0
BRDA:45,4,0,0
BRDA:45,4,1,0
BRDA:55,5,0,0
BRDA:55,5,1,0
BRDA:70,6,0,0
BRDA:70,6,1,0
BRDA:77,7,0,0
BRDA:77,7,1,0
BRDA:96,8,0,0
BRDA:96,8,1,0
BRDA:103,9,0,0
BRDA:103,9,1,0
BRF:20
BRH:0
end_of_record
TN:
SF:src/components/TaskForm.tsx
FN:18,(anonymous_0)
FN:75,(anonymous_1)
FN:82,(anonymous_2)
FN:99,(anonymous_3)
FN:106,(anonymous_4)
FNF:5
FNH:0
FNDA:0,(anonymous_0)
FNDA:0,(anonymous_1)
FNDA:0,(anonymous_2)
FNDA:0,(anonymous_3)
FNDA:0,(anonymous_4)
DA:18,0
DA:36,0
DA:38,0
DA:76,0
DA:82,0
DA:100,0
DA:106,0
DA:166,0
LF:8
LH:0
BRDA:42,0,0,0
BRDA:42,0,1,0
BRDA:80,1,0,0
BRDA:80,1,1,0
BRDA:88,2,0,0
BRDA:88,2,1,0
BRDA:104,3,0,0
BRDA:104,3,1,0
BRDA:112,4,0,0
BRDA:112,4,1,0
BRDA:151,5,0,0
BRDA:151,5,1,0
BRDA:155,6,0,0
BRDA:155,6,1,0
BRF:14
BRH:0
end_of_record
TN:
SF:src/components/TaskList.tsx
FN:25,(anonymous_0)
FN:37,(anonymous_1)
FN:71,(anonymous_2)
FN:84,(anonymous_3)
FN:97,(anonymous_4)
FN:108,(anonymous_5)
FN:156,(anonymous_6)
FN:168,(anonymous_7)
FN:186,(anonymous_8)
FN:198,(anonymous_9)
FN:229,(anonymous_10)
FN:246,(anonymous_11)
FN:297,(anonymous_12)
FN:312,(anonymous_13)
FN:331,(anonymous_14)
FN:341,(anonymous_15)
FN:354,(anonymous_16)
FN:357,(anonymous_17)
FNF:18
FNH:0
FNDA:0,(anonymous_0)
FNDA:0,(anonymous_1)
FNDA:0,(anonymous_2)
FNDA:0,(anonymous_3)
FNDA:0,(anonymous_4)
FNDA:0,(anonymous_5)
FNDA:0,(anonymous_6)
FNDA:0,(anonymous_7)
FNDA:0,(anonymous_8)
FNDA:0,(anonymous_9)
FNDA:0,(anonymous_10)
FNDA:0,(anonymous_11)
FNDA:0,(anonymous_12)
FNDA:0,(anonymous_13)
FNDA:0,(anonymous_14)
FNDA:0,(anonymous_15)
FNDA:0,(anonymous_16)
FNDA:0,(anonymous_17)
DA:25,0
DA:26,0
DA:27,0
DA:28,0
DA:29,0
DA:31,0
DA:37,0
DA:39,0
DA:40,0
DA:45,0
DA:46,0
DA:49,0
DA:50,0
DA:61,0
DA:62,0
DA:63,0
DA:64,0
DA:66,0
DA:71,0
DA:72,0
DA:73,0
DA:74,0
DA:77,0
DA:78,0
DA:79,0
DA:81,0
DA:84,0
DA:86,0
DA:88,0
DA:89,0
DA:90,0
DA:91,0
DA:92,0
DA:93,0
DA:94,0
DA:95,0
DA:97,0
DA:98,0
DA:99,0
DA:100,0
DA:105,0
DA:108,0
DA:109,0
DA:110,0
DA:115,0
DA:128,0
DA:133,0
DA:139,0
DA:141,0
DA:142,0
DA:143,0
DA:149,0
DA:150,0
DA:151,0
DA:154,0
DA:155,0
DA:156,0
DA:157,0
DA:164,0
DA:165,0
DA:168,0
DA:173,0
DA:180,0
DA:181,0
DA:182,0
DA:183,0
DA:187,0
DA:199,0
DA:218,0
DA:219,0
DA:229,0
DA:230,0
DA:237,0
DA:238,0
DA:241,0
DA:246,0
DA:247,0
DA:248,0
DA:256,0
DA:257,0
DA:265,0
DA:273,0
DA:274,0
DA:275,0
DA:276,0
DA:277,0
DA:278,0
DA:281,0
DA:282,0
DA:286,0
DA:288,0
DA:291,0
DA:297,0
DA:305,0
DA:306,0
DA:309,0
DA:310,0
DA:312,0
DA:319,0
DA:332,0
DA:339,0
DA:342,0
DA:343,0
DA:354,0
DA:358,0
DA:368,0
LF:106
LH:0
BRDA:39,0,0,0
BRDA:39,0,1,0
BRDA:61,1,0,0
BRDA:61,1,1,0
BRDA:61,2,0,0
BRDA:61,2,1,0
BRDA:63,3,0,0
BRDA:63,3,1,0
BRDA:72,4,0,0
BRDA:72,4,1,0
BRDA:73,5,0,0
BRDA:73,5,1,0
BRDA:115,6,0,0
BRDA:115,6,1,0
BRDA:137,7,0,0
BRDA:137,7,1,0
BRDA:141,8,0,0
BRDA:141,8,1,0
BRDA:149,9,0,0
BRDA:149,9,1,0
BRDA:180,10,0,0
BRDA:180,10,1,0
BRDA:237,11,0,0
BRDA:237,11,1,0
BRDA:247,12,0,0
BRDA:247,12,1,0
BRDA:256,13,0,0
BRDA:256,13,1,0
BRDA:281,14,0,0
BRDA:281,14,1,0
BRDA:281,15,0,0
BRDA:281,15,1,0
BRDA:281,15,2,0
BRDA:305,16,0,0
BRDA:305,16,1,0
BRDA:305,17,0,0
BRDA:305,17,1,0
BRDA:305,17,2,0
BRDA:321,18,0,0
BRDA:321,18,1,0
BRF:40
BRH:0
end_of_record
TN:
SF:src/components/TasksGroupedView.tsx
FN:21,(anonymous_0)
FN:55,(anonymous_1)
FN:66,(anonymous_2)
FN:76,(anonymous_3)
FN:79,(anonymous_4)
FNF:5
FNH:5
FNDA:9,(anonymous_0)
FNDA:7,(anonymous_1)
FNDA:1,(anonymous_2)
FNDA:4,(anonymous_3)
FNDA:4,(anonymous_4)
DA:21,1
DA:28,9
DA:29,1
DA:37,8
DA:38,1
DA:45,7
DA:46,1
DA:53,6
DA:56,7
DA:67,1
DA:77,4
DA:80,4
DA:96,1
LF:13
LH:13
BRDA:28,0,0,1
BRDA:28,0,1,8
BRDA:37,1,0,1
BRDA:37,1,1,7
BRDA:45,2,0,1
BRDA:45,2,1,6
BRDA:60,3,0,7
BRDA:60,3,1,3
BRDA:60,3,2,6
BRF:9
BRH:9
end_of_record
TN:
SF:src/components/TasksView.tsx
FN:18,(anonymous_0)
FN:23,(anonymous_1)
FN:46,(anonymous_2)
FN:61,(anonymous_3)
FN:86,(anonymous_4)
FN:136,(anonymous_5)
FN:149,(anonymous_6)
FN:172,(anonymous_7)
FN:193,(anonymous_8)
FNF:9
FNH:0
FNDA:0,(anonymous_0)
FNDA:0,(anonymous_1)
FNDA:0,(anonymous_2)
FNDA:0,(anonymous_3)
FNDA:0,(anonymous_4)
FNDA:0,(anonymous_5)
FNDA:0,(anonymous_6)
FNDA:0,(anonymous_7)
FNDA:0,(anonymous_8)
DA:18,0
DA:19,0
DA:20,0
DA:23,0
DA:24,0
DA:25,0
DA:26,0
DA:38,0
DA:39,0
DA:43,0
DA:44,0
DA:45,0
DA:46,0
DA:47,0
DA:48,0
DA:49,0
DA:52,0
DA:53,0
DA:54,0
DA:55,0
DA:57,0
DA:58,0
DA:59,0
DA:61,0
DA:62,0
DA:63,0
DA:64,0
DA:65,0
DA:68,0
DA:69,0
DA:71,0
DA:72,0
DA:73,0
DA:74,0
DA:76,0
DA:80,0
DA:86,0
DA:87,0
DA:88,0
DA:89,0
DA:90,0
DA:93,0
DA:94,0
DA:102,0
DA:103,0
DA:111,0
DA:112,0
DA:113,0
DA:114,0
DA:116,0
DA:137,0
DA:138,0
DA:150,0
DA:151,0
DA:173,0
DA:174,0
DA:194,0
DA:195,0
DA:216,0
LF:59
LH:0
BRDA:24,0,0,0
BRDA:24,0,1,0
BRDA:24,1,0,0
BRDA:24,1,1,0
BRDA:62,2,0,0
BRDA:62,2,1,0
BRDA:71,3,0,0
BRDA:71,3,1,0
BRDA:71,4,0,0
BRDA:71,4,1,0
BRDA:73,5,0,0
BRDA:73,5,1,0
BRDA:93,6,0,0
BRDA:93,6,1,0
BRDA:93,7,0,0
BRDA:93,7,1,0
BRDA:102,8,0,0
BRDA:102,8,1,0
BRDA:128,9,0,0
BRDA:128,9,1,0
BRDA:146,10,0,0
BRDA:146,10,1,0
BRDA:166,11,0,0
BRDA:166,11,1,0
BRDA:187,12,0,0
BRDA:187,12,1,0
BRDA:207,13,0,0
BRDA:207,13,1,0
BRDA:207,13,2,0
BRF:29
BRH:0
end_of_record
TN:
SF:src/components/questions/CompletionScreen.tsx
FN:16,(anonymous_0)
FNF:1
FNH:1
FNDA:3,(anonymous_0)
DA:16,1
DA:20,3
DA:41,1
LF:3
LH:3
BRDA:27,0,0,3
BRDA:27,0,1,2
BRDA:30,1,0,3
BRDA:30,1,1,2
BRF:4
BRH:4
end_of_record
TN:
SF:src/components/questions/DateQuestion.tsx
FN:14,(anonymous_0)
FN:25,(anonymous_1)
FN:37,(anonymous_2)
FN:62,(anonymous_3)
FN:93,(anonymous_4)
FN:124,(anonymous_5)
FNF:6
FNH:0
FNDA:0,(anonymous_0)
FNDA:0,(anonymous_1)
FNDA:0,(anonymous_2)
FNDA:0,(anonymous_3)
FNDA:0,(anonymous_4)
FNDA:0,(anonymous_5)
DA:14,0
DA:21,0
DA:22,0
DA:25,0
DA:26,0
DA:27,0
DA:28,0
DA:29,0
DA:30,0
DA:32,0
DA:35,0
DA:37,0
DA:38,0
DA:39,0
DA:45,0
DA:46,0
DA:55,0
DA:62,0
DA:63,0
DA:70,0
DA:71,0
DA:73,0
DA:74,0
DA:75,0
DA:76,0
DA:84,0
DA:86,0
DA:94,0
DA:99,0
DA:125,0
DA:130,0
DA:141,0
LF:32
LH:0
BRDA:22,0,0,0
BRDA:22,0,1,0
BRDA:26,1,0,0
BRDA:26,1,1,0
BRDA:27,2,0,0
BRDA:27,2,1,0
BRDA:28,3,0,0
BRDA:28,3,1,0
BRDA:30,4,0,0
BRDA:30,4,1,0
BRDA:38,5,0,0
BRDA:38,5,1,0
BRDA:45,6,0,0
BRDA:45,6,1,0
BRDA:70,7,0,0
BRDA:70,7,1,0
BRDA:73,8,0,0
BRDA:73,8,1,0
BRDA:84,9,0,0
BRDA:84,9,1,0
BRDA:91,10,0,0
BRDA:91,10,1,0
BRDA:105,11,0,0
BRDA:105,11,1,0
BRDA:109,12,0,0
BRDA:109,12,1,0
BRDA:109,13,0,0
BRDA:109,13,1,0
BRDA:111,14,0,0
BRDA:111,14,1,0
BRDA:115,15,0,0
BRDA:115,15,1,0
BRDA:120,16,0,0
BRDA:120,16,1,0
BRDA:120,16,2,0
BRF:35
BRH:0
end_of_record
TN:
SF:src/components/questions/ErrorState.tsx
FN:12,(anonymous_0)
FNF:1
FNH:0
FNDA:0,(anonymous_0)
DA:12,0
DA:18,0
DA:48,0
LF:3
LH:0
BRDA:26,0,0,0
BRDA:26,0,1,0
BRF:2
BRH:0
end_of_record
TN:
SF:src/components/questions/IntroductionScreen.tsx
FN:10,(anonymous_0)
FNF:1
FNH:1
FNDA:4,(anonymous_0)
DA:10,1
DA:14,4
DA:37,1
LF:3
LH:3
BRDA:21,0,0,4
BRDA:21,0,1,1
BRDA:24,1,0,4
BRDA:24,1,1,1
BRDA:29,2,0,4
BRDA:29,2,1,2
BRF:6
BRH:6
end_of_record
TN:
SF:src/components/questions/LoadingState.tsx
FN:10,(anonymous_0)
FNF:1
FNH:0
FNDA:0,(anonymous_0)
DA:10,0
DA:14,0
DA:30,0
LF:3
LH:0
BRDA:18,0,0,0
BRDA:18,0,1,0
BRF:2
BRH:0
end_of_record
TN:
SF:src/components/questions/MultiSelectQuestion.tsx
FN:13,(anonymous_0)
FN:22,(anonymous_1)
FN:25,(anonymous_2)
FN:37,(anonymous_3)
FN:59,(anonymous_4)
FN:70,(anonymous_5)
FNF:6
FNH:6
FNDA:10,(anonymous_0)
FNDA:4,(anonymous_1)
FNDA:5,(anonymous_2)
FNDA:2,(anonymous_3)
FNDA:25,(anonymous_4)
FNDA:4,(anonymous_5)
DA:13,1
DA:20,10
DA:22,10
DA:23,4
DA:24,4
DA:25,5
DA:27,4
DA:36,4
DA:37,2
DA:38,1
DA:44,1
DA:46,3
DA:47,3
DA:53,3
DA:57,10
DA:60,25
DA:61,25
DA:62,25
DA:70,4
DA:102,1
LF:20
LH:20
BRDA:20,0,0,10
BRDA:20,0,1,0
BRDA:23,1,0,3
BRDA:23,1,1,1
BRDA:25,2,0,5
BRDA:25,2,1,1
BRDA:36,3,0,1
BRDA:36,3,1,3
BRDA:60,4,0,25
BRDA:60,4,1,1
BRDA:61,5,0,25
BRDA:61,5,1,22
BRDA:67,6,0,25
BRDA:67,6,1,7
BRDA:68,7,0,25
BRDA:68,7,1,3
BRDA:76,8,0,25
BRDA:76,8,1,7
BRDA:79,9,0,25
BRDA:79,9,1,7
BRDA:86,10,0,25
BRDA:86,10,1,7
BRDA:95,11,0,10
BRDA:95,11,1,1
BRF:24
BRH:23
end_of_record
TN:
SF:src/components/questions/NavigationButtons.tsx
FN:17,(anonymous_0)
FNF:1
FNH:1
FNDA:9,(anonymous_0)
DA:17,1
DA:28,9
DA:29,9
DA:33,9
DA:88,1
LF:5
LH:5
BRDA:29,0,0,1
BRDA:29,0,1,8
BRDA:39,1,0,9
BRDA:39,1,1,0
BRDA:40,2,0,9
BRDA:40,2,1,9
BRDA:46,3,0,9
BRDA:46,3,1,8
BRDA:52,4,0,5
BRDA:52,4,1,4
BRDA:56,5,0,4
BRDA:56,5,1,1
BRDA:68,6,0,4
BRDA:68,6,1,1
BRF:14
BRH:13
end_of_record
TN:
SF:src/components/questions/NumberQuestion.tsx
FN:14,(anonymous_0)
FN:26,(anonymous_1)
FN:27,(anonymous_2)
FN:38,(anonymous_3)
FN:59,(anonymous_4)
FN:89,(anonymous_5)
FNF:6
FNH:6
FNDA:10,(anonymous_0)
FNDA:6,(anonymous_1)
FNDA:12,(anonymous_2)
FNDA:5,(anonymous_3)
FNDA:1,(anonymous_4)
FNDA:1,(anonymous_5)
DA:14,1
DA:21,10
DA:22,10
DA:25,10
DA:26,10
DA:27,12
DA:28,10
DA:29,10
DA:32,10
DA:33,6
DA:34,6
DA:35,6
DA:38,6
DA:39,5
DA:40,5
DA:41,4
DA:45,6
DA:60,1
DA:61,1
DA:62,1
DA:67,1
DA:80,4
DA:90,1
DA:91,1
DA:97,1
DA:108,1
LF:26
LH:26
BRDA:21,0,0,10
BRDA:21,0,1,9
BRDA:22,1,0,10
BRDA:22,1,1,0
BRDA:25,2,0,10
BRDA:25,2,1,0
BRDA:28,3,0,6
BRDA:28,3,1,4
BRDA:29,4,0,6
BRDA:29,4,1,4
BRDA:32,5,0,6
BRDA:32,5,1,4
BRDA:32,6,0,10
BRDA:32,6,1,4
BRDA:32,6,2,6
BRDA:32,6,3,6
BRDA:33,7,0,6
BRDA:33,7,1,0
BRDA:33,8,0,6
BRDA:33,8,1,0
BRDA:34,9,0,5
BRDA:34,9,1,1
BRDA:34,10,0,6
BRDA:34,10,1,6
BRDA:34,10,2,5
BRDA:39,11,0,5
BRDA:39,11,1,0
BRDA:39,12,0,5
BRDA:39,12,1,0
BRDA:40,13,0,4
BRDA:40,13,1,1
BRDA:40,14,0,5
BRDA:40,14,1,5
BRDA:40,14,2,4
BRDA:74,15,0,6
BRDA:74,15,1,0
BRDA:86,16,0,4
BRDA:86,16,1,1
BRDA:88,17,0,4
BRDA:88,17,1,4
BRDA:90,18,0,1
BRDA:90,18,1,0
BRDA:102,19,0,4
BRDA:102,19,1,1
BRF:44
BRH:36
end_of_record
TN:
SF:src/components/questions/ProgressIndicator.tsx
FN:9,(anonymous_0)
FNF:1
FNH:1
FNDA:5,(anonymous_0)
DA:9,1
DA:13,5
DA:32,1
LF:3
LH:3
BRF:0
BRH:0
end_of_record
TN:
SF:src/components/questions/QuestionRenderer.tsx
FN:17,(anonymous_0)
FN:76,(anonymous_1)
FN:83,(anonymous_2)
FN:97,(anonymous_3)
FN:110,(anonymous_4)
FN:123,(anonymous_5)
FN:139,(anonymous_6)
FN:153,(anonymous_7)
FN:166,(anonymous_8)
FN:178,(anonymous_9)
FN:193,(anonymous_10)
FN:231,(anonymous_11)
FNF:12
FNH:0
FNDA:0,(anonymous_0)
FNDA:0,(anonymous_1)
FNDA:0,(anonymous_2)
FNDA:0,(anonymous_3)
FNDA:0,(anonymous_4)
FNDA:0,(anonymous_5)
FNDA:0,(anonymous_6)
FNDA:0,(anonymous_7)
FNDA:0,(anonymous_8)
FNDA:0,(anonymous_9)
FNDA:0,(anonymous_10)
FNDA:0,(anonymous_11)
DA:17,0
DA:23,0
DA:25,0
DA:26,0
DA:29,0
DA:31,0
DA:42,0
DA:43,0
DA:46,0
DA:47,0
DA:50,0
DA:53,0
DA:56,0
DA:60,0
DA:69,0
DA:73,0
DA:76,0
DA:78,0
DA:79,0
DA:83,0
DA:91,0
DA:93,0
DA:97,0
DA:104,0
DA:106,0
DA:110,0
DA:117,0
DA:119,0
DA:123,0
DA:131,0
DA:135,0
DA:139,0
DA:149,0
DA:153,0
DA:162,0
DA:166,0
DA:174,0
DA:178,0
DA:189,0
DA:193,0
DA:200,0
DA:209,0
DA:220,0
DA:232,0
DA:242,0
LF:45
LH:0
BRDA:21,0,0,0
BRDA:25,1,0,0
BRDA:25,1,1,0
BRDA:29,2,0,0
BRDA:29,2,1,0
BRDA:35,3,0,0
BRDA:35,3,1,0
BRDA:37,4,0,0
BRDA:37,4,1,0
BRDA:42,5,0,0
BRDA:42,5,1,0
BRDA:43,6,0,0
BRDA:43,6,1,0
BRDA:46,7,0,0
BRDA:46,7,1,0
BRDA:47,8,0,0
BRDA:47,8,1,0
BRDA:50,9,0,0
BRDA:50,9,1,0
BRDA:53,10,0,0
BRDA:53,10,1,0
BRDA:56,11,0,0
BRDA:56,11,1,0
BRDA:61,12,0,0
BRDA:61,12,1,0
BRDA:69,13,0,0
BRDA:69,13,1,0
BRDA:71,14,0,0
BRDA:71,14,1,0
BRDA:73,15,0,0
BRDA:73,15,1,0
BRDA:78,16,0,0
BRDA:78,16,1,0
BRDA:78,17,0,0
BRDA:78,17,1,0
BRDA:82,18,0,0
BRDA:82,18,1,0
BRDA:91,19,0,0
BRDA:91,19,1,0
BRDA:91,20,0,0
BRDA:91,20,1,0
BRDA:96,21,0,0
BRDA:96,21,1,0
BRDA:104,22,0,0
BRDA:104,22,1,0
BRDA:104,23,0,0
BRDA:104,23,1,0
BRDA:109,24,0,0
BRDA:109,24,1,0
BRDA:117,25,0,0
BRDA:117,25,1,0
BRDA:117,26,0,0
BRDA:117,26,1,0
BRDA:122,27,0,0
BRDA:122,27,1,0
BRDA:131,28,0,0
BRDA:131,28,1,0
BRDA:131,28,2,0
BRDA:131,28,3,0
BRDA:131,28,4,0
BRDA:131,28,5,0
BRDA:131,28,6,0
BRDA:131,28,7,0
BRDA:131,28,8,0
BRDA:131,28,9,0
BRDA:131,28,10,0
BRDA:131,28,11,0
BRDA:131,28,12,0
BRDA:131,28,13,0
BRDA:131,28,14,0
BRDA:131,28,15,0
BRDA:131,28,16,0
BRDA:131,28,17,0
BRDA:131,28,18,0
BRDA:138,29,0,0
BRDA:138,29,1,0
BRDA:152,30,0,0
BRDA:152,30,1,0
BRDA:165,31,0,0
BRDA:165,31,1,0
BRDA:177,32,0,0
BRDA:177,32,1,0
BRDA:192,33,0,0
BRDA:192,33,1,0
BRDA:222,34,0,0
BRDA:222,34,1,0
BRDA:225,35,0,0
BRDA:225,35,1,0
BRDA:229,36,0,0
BRDA:229,36,1,0
BRF:90
BRH:0
end_of_record
TN:
SF:src/components/questions/QuestionScreenContent.tsx
FN:15,(anonymous_0)
FN:39,(anonymous_1)
FNF:2
FNH:0
FNDA:0,(anonymous_0)
FNDA:0,(anonymous_1)
DA:15,0
DA:23,0
DA:25,0
DA:26,0
DA:29,0
DA:40,0
DA:52,0
LF:7
LH:0
BRDA:25,0,0,0
BRDA:25,0,1,0
BRF:2
BRH:0
end_of_record
TN:
SF:src/components/questions/ReviewScreen.tsx
FN:14,(anonymous_0)
FN:23,(anonymous_1)
FN:35,(anonymous_2)
FN:36,(anonymous_3)
FN:45,(anonymous_4)
FN:66,(anonymous_5)
FN:69,(anonymous_6)
FNF:7
FNH:0
FNDA:0,(anonymous_0)
FNDA:0,(anonymous_1)
FNDA:0,(anonymous_2)
FNDA:0,(anonymous_3)
FNDA:0,(anonymous_4)
FNDA:0,(anonymous_5)
FNDA:0,(anonymous_6)
DA:14,0
DA:18,0
DA:23,0
DA:24,0
DA:25,0
DA:28,0
DA:31,0
DA:32,0
DA:34,0
DA:36,0
DA:37,0
DA:40,0
DA:43,0
DA:44,0
DA:45,0
DA:47,0
DA:50,0
DA:51,0
DA:54,0
DA:57,0
DA:67,0
DA:70,0
DA:71,0
DA:75,0
DA:95,0
LF:25
LH:0
BRDA:24,0,0,0
BRDA:24,0,1,0
BRDA:24,1,0,0
BRDA:24,1,1,0
BRDA:24,1,2,0
BRDA:31,2,0,0
BRDA:31,2,1,0
BRDA:31,3,0,0
BRDA:31,3,1,0
BRDA:32,4,0,0
BRDA:32,4,1,0
BRDA:36,5,0,0
BRDA:36,5,1,0
BRDA:37,6,0,0
BRDA:37,6,1,0
BRDA:43,7,0,0
BRDA:43,7,1,0
BRDA:45,8,0,0
BRDA:45,8,1,0
BRDA:47,9,0,0
BRDA:47,9,1,0
BRDA:50,10,0,0
BRDA:50,10,1,0
BRDA:50,11,0,0
BRDA:50,11,1,0
BRDA:68,12,0,0
BRDA:68,12,1,0
BRDA:81,13,0,0
BRDA:81,13,1,0
BRF:29
BRH:0
end_of_record
TN:
SF:src/components/questions/ReviewScreenContainer.tsx
FN:20,(anonymous_0)
FNF:1
FNH:0
FNDA:0,(anonymous_0)
DA:20,0
DA:27,0
DA:53,0
LF:3
LH:0
BRDA:42,0,0,0
BRDA:42,0,1,0
BRF:2
BRH:0
end_of_record
TN:
SF:src/components/questions/SingleSelectQuestion.tsx
FN:13,(anonymous_0)
FN:23,(anonymous_1)
FN:28,(anonymous_2)
FN:35,(anonymous_3)
FN:45,(anonymous_4)
FNF:5
FNH:5
FNDA:8,(anonymous_0)
FNDA:2,(anonymous_1)
FNDA:3,(anonymous_2)
FNDA:19,(anonymous_3)
FNDA:2,(anonymous_4)
DA:13,1
DA:20,8
DA:21,8
DA:23,8
DA:24,2
DA:28,3
DA:30,2
DA:33,8
DA:36,19
DA:37,19
DA:45,2
DA:75,1
LF:12
LH:12
BRDA:20,0,0,8
BRDA:20,0,1,0
BRDA:21,1,0,8
BRDA:21,1,1,8
BRDA:28,2,0,3
BRDA:28,2,1,1
BRDA:36,3,0,19
BRDA:36,3,1,16
BRDA:42,4,0,19
BRDA:42,4,1,4
BRDA:43,5,0,19
BRDA:43,5,1,3
BRDA:45,6,0,2
BRDA:45,6,1,0
BRDA:51,7,0,19
BRDA:51,7,1,4
BRDA:54,8,0,19
BRDA:54,8,1,4
BRDA:59,9,0,19
BRDA:59,9,1,4
BRDA:68,10,0,8
BRDA:68,10,1,1
BRF:22
BRH:20
end_of_record
TN:
SF:src/components/questions/TextQuestion.tsx
FN:13,(anonymous_0)
FN:23,(anonymous_1)
FNF:2
FNH:2
FNDA:8,(anonymous_0)
FNDA:1,(anonymous_1)
DA:13,1
DA:20,8
DA:21,8
DA:23,8
DA:24,1
DA:31,1
DA:34,8
DA:53,1
LF:8
LH:8
BRDA:21,0,0,8
BRDA:21,0,1,1
BRDA:39,1,0,8
BRDA:39,1,1,2
BRDA:40,2,0,8
BRDA:40,2,1,1
BRDA:46,3,0,2
BRDA:46,3,1,6
BRDA:47,4,0,2
BRDA:47,4,1,6
BRF:10
BRH:10
end_of_record
TN:
SF:src/contexts/AmplifyContext.tsx
FN:9,(anonymous_0)
FN:20,(anonymous_1)
FNF:2
FNH:0
FNDA:0,(anonymous_0)
FNDA:0,(anonymous_1)
DA:7,0
DA:9,0
DA:10,0
DA:11,0
DA:12,0
DA:14,0
DA:20,0
DA:21,0
DA:23,0
LF:9
LH:0
BRDA:11,0,0,0
BRDA:11,0,1,0
BRF:2
BRH:0
end_of_record
TN:
SF:src/graphql/mutations.ts
FNF:0
FNH:0
DA:11,0
DA:31,0
DA:51,0
DA:71,0
DA:125,0
DA:179,0
DA:233,0
DA:274,0
DA:315,0
DA:356,0
DA:396,0
DA:436,0
DA:476,0
DA:499,0
DA:522,0
DA:545,0
DA:579,0
DA:613,0
DA:647,0
DA:674,0
DA:701,0
DA:728,0
DA:755,0
DA:782,0
DA:809,0
DA:836,0
DA:863,0
LF:27
LH:0
BRF:0
BRH:0
end_of_record
TN:
SF:src/graphql/queries.ts
FNF:0
FNH:0
DA:11,0
DA:25,0
DA:48,0
DA:77,0
DA:125,0
DA:182,0
DA:245,0
DA:283,0
DA:330,0
DA:383,0
DA:420,0
DA:466,0
DA:518,0
DA:538,0
DA:567,0
DA:602,0
DA:633,0
DA:677,0
DA:723,0
DA:747,0
DA:780,0
DA:819,0
DA:843,0
DA:876,0
DA:915,0
DA:939,0
DA:972,0
LF:27
LH:0
BRF:0
BRH:0
end_of_record
TN:
SF:src/graphql/subscriptions.ts
FNF:0
FNH:0
DA:11,0
DA:28,0
DA:45,0
DA:62,0
DA:113,0
DA:164,0
DA:215,0
DA:253,0
DA:291,0
DA:329,0
DA:366,0
DA:403,0
DA:440,0
DA:460,0
DA:480,0
DA:500,0
DA:533,0
DA:566,0
DA:599,0
DA:625,0
DA:651,0
DA:677,0
DA:703,0
DA:729,0
DA:755,0
DA:781,0
DA:807,0
LF:27
LH:0
BRF:0
BRH:0
end_of_record
TN:
SF:src/hooks/useActivityList.ts
FN:13,(anonymous_0)
FN:17,(anonymous_1)
FN:18,(anonymous_2)
FN:29,(anonymous_3)
FN:36,(anonymous_4)
FN:45,(anonymous_5)
FNF:6
FNH:6
FNDA:8,(anonymous_0)
FNDA:4,(anonymous_1)
FNDA:3,(anonymous_2)
FNDA:4,(anonymous_3)
FNDA:1,(anonymous_4)
FNDA:1,(anonymous_5)
DA:13,1
DA:14,8
DA:15,8
DA:16,8
DA:17,8
DA:18,4
DA:19,3
DA:20,3
DA:21,3
DA:29,4
DA:30,4
DA:31,4
DA:36,8
DA:37,1
DA:38,1
DA:40,0
DA:41,0
DA:45,8
DA:46,1
DA:47,1
DA:48,1
DA:49,1
DA:50,1
DA:52,0
DA:53,0
DA:54,0
DA:58,8
LF:27
LH:22
BRDA:30,0,0,4
BRDA:30,0,1,0
BRF:2
BRH:1
end_of_record
TN:
SF:src/hooks/useAmplifyState.ts
FN:38,(anonymous_0)
FN:46,(anonymous_1)
FN:51,(anonymous_2)
FN:63,(anonymous_3)
FN:76,(anonymous_4)
FN:94,(anonymous_5)
FN:102,(anonymous_6)
FN:119,(anonymous_7)
FNF:8
FNH:0
FNDA:0,(anonymous_0)
FNDA:0,(anonymous_1)
FNDA:0,(anonymous_2)
FNDA:0,(anonymous_3)
FNDA:0,(anonymous_4)
FNDA:0,(anonymous_5)
FNDA:0,(anonymous_6)
FNDA:0,(anonymous_7)
DA:38,0
DA:39,0
DA:40,0
DA:43,0
DA:44,0
DA:46,0
DA:47,0
DA:48,0
DA:49,0
DA:51,0
DA:52,0
DA:53,0
DA:55,0
DA:58,0
DA:60,0
DA:63,0
DA:64,0
DA:66,0
DA:68,0
DA:70,0
DA:73,0
DA:76,0
DA:77,0
DA:79,0
DA:80,0
DA:82,0
DA:83,0
DA:84,0
DA:86,0
DA:87,0
DA:89,0
DA:94,0
DA:95,0
DA:96,0
DA:102,0
DA:103,0
DA:104,0
DA:110,0
DA:111,0
DA:112,0
DA:117,0
DA:119,0
DA:120,0
DA:121,0
DA:122,0
DA:124,0
DA:125,0
DA:130,0
LF:48
LH:0
BRDA:60,0,0,0
BRDA:60,0,1,0
BRDA:64,1,0,0
BRDA:64,1,1,0
BRDA:68,2,0,0
BRDA:68,2,1,0
BRDA:68,2,2,0
BRDA:68,2,3,0
BRDA:68,2,4,0
BRDA:68,2,5,0
BRDA:71,3,0,0
BRDA:71,3,1,0
BRDA:95,4,0,0
BRDA:95,4,1,0
BRDA:97,5,0,0
BRDA:97,5,1,0
BRDA:103,6,0,0
BRDA:103,6,1,0
BRDA:105,7,0,0
BRDA:105,7,1,0
BRDA:111,8,0,0
BRDA:111,8,1,0
BRDA:121,9,0,0
BRDA:121,9,1,0
BRDA:124,10,0,0
BRDA:124,10,1,0
BRF:26
BRH:0
end_of_record
TN:
SF:src/hooks/useDataPointList.ts
FN:15,(anonymous_0)
FN:20,(anonymous_1)
FN:21,(anonymous_2)
FN:32,(anonymous_3)
FN:43,(anonymous_4)
FN:49,(anonymous_5)
FN:58,(anonymous_6)
FN:67,(anonymous_7)
FNF:8
FNH:8
FNDA:9,(anonymous_0)
FNDA:6,(anonymous_1)
FNDA:1,(anonymous_2)
FNDA:1,(anonymous_3)
FNDA:6,(anonymous_4)
FNDA:1,(anonymous_5)
FNDA:1,(anonymous_6)
FNDA:1,(anonymous_7)
DA:15,1
DA:16,9
DA:17,9
DA:18,9
DA:19,9
DA:20,9
DA:21,6
DA:22,1
DA:23,1
DA:24,1
DA:31,6
DA:33,1
DA:34,1
DA:43,6
DA:44,6
DA:45,6
DA:49,9
DA:50,1
DA:51,1
DA:53,0
DA:54,0
DA:58,9
DA:59,1
DA:60,1
DA:62,0
DA:63,0
DA:67,9
DA:68,1
DA:69,1
DA:70,1
DA:74,1
DA:75,1
DA:76,1
DA:78,0
DA:79,0
DA:80,0
DA:84,9
LF:37
LH:30
BRF:0
BRH:0
end_of_record
TN:
SF:src/hooks/useGroupedTasks.ts
FN:11,(anonymous_0)
FN:12,(anonymous_1)
FN:18,(anonymous_2)
FN:43,(anonymous_3)
FN:45,(anonymous_4)
FN:50,(anonymous_5)
FN:74,(anonymous_6)
FN:80,(anonymous_7)
FN:81,(anonymous_8)
FN:131,(anonymous_9)
FN:135,(anonymous_10)
FN:136,(anonymous_11)
FN:176,(anonymous_12)
FN:193,(anonymous_13)
FNF:14
FNH:14
FNDA:5,(anonymous_0)
FNDA:5,(anonymous_1)
FNDA:12,(anonymous_2)
FNDA:12,(anonymous_3)
FNDA:12,(anonymous_4)
FNDA:11,(anonymous_5)
FNDA:5,(anonymous_6)
FNDA:5,(anonymous_7)
FNDA:6,(anonymous_8)
FNDA:8,(anonymous_9)
FNDA:12,(anonymous_10)
FNDA:12,(anonymous_11)
FNDA:11,(anonymous_12)
FNDA:10,(anonymous_13)
DA:11,1
DA:12,5
DA:13,5
DA:14,5
DA:18,5
DA:20,12
DA:24,2
DA:28,10
DA:31,9
DA:32,9
DA:39,9
DA:43,12
DA:44,5
DA:45,12
DA:49,5
DA:50,5
DA:51,11
DA:52,11
DA:53,11
DA:54,11
DA:55,8
DA:57,11
DA:61,5
DA:62,1
DA:63,1
DA:64,1
DA:65,0
DA:67,1
DA:71,5
DA:74,5
DA:75,5
DA:76,5
DA:80,5
DA:81,6
DA:83,5
DA:84,5
DA:86,0
DA:89,5
DA:90,5
DA:92,0
DA:95,5
DA:96,5
DA:101,5
DA:106,5
DA:112,5
DA:115,5
DA:120,5
DA:121,4
DA:124,1
DA:125,0
DA:128,0
DA:131,5
DA:132,8
DA:135,12
DA:136,12
DA:140,8
DA:141,8
DA:143,0
DA:146,8
DA:147,8
DA:148,8
DA:153,8
DA:158,8
DA:166,8
DA:167,4
DA:168,4
DA:169,2
DA:171,2
DA:175,8
DA:176,8
DA:177,11
DA:178,11
DA:179,11
DA:180,11
DA:181,11
DA:184,11
DA:185,10
DA:187,11
DA:191,8
DA:194,10
DA:195,10
DA:196,10
DA:197,10
DA:202,10
DA:208,8
DA:216,5
LF:86
LH:80
BRDA:20,0,0,2
BRDA:20,0,1,10
BRDA:21,1,0,12
BRDA:21,1,1,11
BRDA:28,2,0,1
BRDA:28,2,1,9
BRDA:51,3,0,0
BRDA:51,3,1,11
BRDA:54,4,0,8
BRDA:54,4,1,3
BRDA:61,5,0,1
BRDA:61,5,1,4
BRDA:64,6,0,0
BRDA:64,6,1,1
BRDA:83,7,0,5
BRDA:83,7,1,0
BRDA:89,8,0,5
BRDA:89,8,1,0
BRDA:120,9,0,1
BRDA:120,9,1,4
BRDA:121,10,0,3
BRDA:121,10,1,1
BRDA:124,11,0,1
BRDA:124,11,1,0
BRDA:125,12,0,0
BRDA:125,12,1,0
BRDA:140,13,0,8
BRDA:140,13,1,0
BRDA:166,14,0,4
BRDA:166,14,1,4
BRDA:168,15,0,2
BRDA:168,15,1,2
BRDA:177,16,0,0
BRDA:177,16,1,11
BRDA:184,17,0,10
BRDA:184,17,1,1
BRF:36
BRH:27
end_of_record
TN:
SF:src/hooks/useNetworkStatus.ts
FN:9,(anonymous_0)
FN:12,(anonymous_1)
FN:20,(anonymous_2)
FNF:3
FNH:3
FNDA:5,(anonymous_0)
FNDA:5,(anonymous_1)
FNDA:5,(anonymous_2)
DA:9,1
DA:10,5
DA:12,5
DA:13,5
DA:14,4
DA:15,3
DA:16,2
DA:17,1
DA:20,5
DA:21,5
DA:22,4
DA:23,3
DA:24,2
DA:25,1
DA:28,5
LF:15
LH:15
BRDA:13,0,0,1
BRDA:13,0,1,4
BRDA:14,1,0,1
BRDA:14,1,1,3
BRDA:15,2,0,1
BRDA:15,2,1,2
BRDA:16,3,0,1
BRDA:16,3,1,1
BRDA:21,4,0,1
BRDA:21,4,1,4
BRDA:22,5,0,1
BRDA:22,5,1,3
BRDA:23,6,0,1
BRDA:23,6,1,2
BRDA:24,7,0,1
BRDA:24,7,1,1
BRF:16
BRH:16
end_of_record
TN:
SF:src/hooks/useQuestionList.ts
FN:13,(anonymous_0)
FN:17,(anonymous_1)
FN:18,(anonymous_2)
FN:29,(anonymous_3)
FN:36,(anonymous_4)
FN:45,(anonymous_5)
FNF:6
FNH:6
FNDA:16,(anonymous_0)
FNDA:7,(anonymous_1)
FNDA:6,(anonymous_2)
FNDA:7,(anonymous_3)
FNDA:2,(anonymous_4)
FNDA:2,(anonymous_5)
DA:13,1
DA:14,16
DA:15,16
DA:16,16
DA:17,16
DA:18,7
DA:19,6
DA:20,6
DA:21,6
DA:29,7
DA:30,7
DA:31,7
DA:36,16
DA:37,2
DA:38,2
DA:40,1
DA:41,1
DA:45,16
DA:46,2
DA:47,2
DA:48,2
DA:49,1
DA:50,1
DA:52,1
DA:53,1
DA:54,1
DA:58,16
LF:27
LH:27
BRDA:30,0,0,7
BRDA:30,0,1,0
BRF:2
BRH:1
end_of_record
TN:
SF:src/hooks/useQuestionsScreen.ts
FN:49,(anonymous_0)
FN:83,(anonymous_1)
FN:84,(anonymous_2)
FN:111,(anonymous_3)
FN:203,(anonymous_4)
FN:208,(anonymous_5)
FN:213,(anonymous_6)
FN:240,(anonymous_7)
FN:268,(anonymous_8)
FN:287,(anonymous_9)
FN:310,(anonymous_10)
FN:324,(anonymous_11)
FN:337,(anonymous_12)
FN:371,(anonymous_13)
FN:409,(anonymous_14)
FN:429,(anonymous_15)
FN:455,(anonymous_16)
FN:473,(anonymous_17)
FN:507,(anonymous_18)
FN:529,(anonymous_19)
FN:540,(anonymous_20)
FN:541,(anonymous_21)
FN:567,(anonymous_22)
FN:615,(anonymous_23)
FN:659,(anonymous_24)
FN:667,(anonymous_25)
FN:708,(anonymous_26)
FN:741,(anonymous_27)
FN:843,(anonymous_28)
FN:934,(anonymous_29)
FN:953,(anonymous_30)
FN:1027,(anonymous_31)
FN:1045,(anonymous_32)
FN:1081,(anonymous_33)
FN:1097,(anonymous_34)
FN:1112,(anonymous_35)
FN:1121,(anonymous_36)
FN:1127,(anonymous_37)
FN:1135,(anonymous_38)
FN:1142,(anonymous_39)
FNF:40
FNH:11
FNDA:23,(anonymous_0)
FNDA:8,(anonymous_1)
FNDA:8,(anonymous_2)
FNDA:2,(anonymous_3)
FNDA:0,(anonymous_4)
FNDA:0,(anonymous_5)
FNDA:0,(anonymous_6)
FNDA:0,(anonymous_7)
FNDA:4,(anonymous_8)
FNDA:4,(anonymous_9)
FNDA:4,(anonymous_10)
FNDA:15,(anonymous_11)
FNDA:0,(anonymous_12)
FNDA:0,(anonymous_13)
FNDA:2,(anonymous_14)
FNDA:0,(anonymous_15)
FNDA:0,(anonymous_16)
FNDA:0,(anonymous_17)
FNDA:0,(anonymous_18)
FNDA:0,(anonymous_19)
FNDA:0,(anonymous_20)
FNDA:0,(anonymous_21)
FNDA:0,(anonymous_22)
FNDA:0,(anonymous_23)
FNDA:0,(anonymous_24)
FNDA:0,(anonymous_25)
FNDA:0,(anonymous_26)
FNDA:0,(anonymous_27)
FNDA:0,(anonymous_28)
FNDA:0,(anonymous_29)
FNDA:0,(anonymous_30)
FNDA:0,(anonymous_31)
FNDA:0,(anonymous_32)
FNDA:2,(anonymous_33)
FNDA:0,(anonymous_34)
FNDA:1,(anonymous_35)
FNDA:0,(anonymous_36)
FNDA:0,(anonymous_37)
FNDA:0,(anonymous_38)
FNDA:0,(anonymous_39)
DA:49,1
DA:50,23
DA:51,23
DA:53,23
DA:54,23
DA:56,23
DA:64,23
DA:65,23
DA:66,23
DA:69,23
DA:72,23
DA:73,23
DA:74,23
DA:77,23
DA:78,23
DA:79,23
DA:80,23
DA:83,23
DA:84,8
DA:85,8
DA:90,8
DA:91,6
DA:97,6
DA:100,6
DA:101,6
DA:104,2
DA:105,2
DA:106,2
DA:109,2
DA:110,2
DA:111,2
DA:114,2
DA:115,0
DA:116,0
DA:117,0
DA:121,2
DA:124,2
DA:125,2
DA:126,2
DA:129,2
DA:138,2
DA:139,2
DA:140,2
DA:142,2
DA:143,2
DA:144,0
DA:145,0
DA:147,0
DA:150,0
DA:155,2
DA:156,0
DA:157,0
DA:159,0
DA:164,2
DA:165,0
DA:166,0
DA:170,0
DA:174,2
DA:175,0
DA:176,0
DA:178,0
DA:182,2
DA:183,0
DA:184,0
DA:188,0
DA:193,2
DA:194,2
DA:195,2
DA:198,2
DA:199,2
DA:202,0
DA:203,0
DA:205,0
DA:208,0
DA:213,0
DA:214,0
DA:215,0
DA:216,0
DA:218,0
DA:222,0
DA:229,0
DA:235,0
DA:236,0
DA:240,0
DA:244,0
DA:245,0
DA:246,0
DA:249,0
DA:250,0
DA:251,0
DA:253,0
DA:256,2
DA:257,2
DA:259,2
DA:263,8
DA:268,23
DA:269,4
DA:287,4
DA:288,4
DA:289,4
DA:293,4
DA:306,4
DA:310,4
DA:311,4
DA:312,4
DA:313,4
DA:314,0
DA:319,4
DA:324,23
DA:325,15
DA:330,15
DA:333,0
DA:334,0
DA:335,0
DA:337,0
DA:338,0
DA:339,0
DA:341,0
DA:352,0
DA:359,0
DA:360,0
DA:361,0
DA:365,0
DA:371,0
DA:372,0
DA:373,0
DA:374,0
DA:375,0
DA:376,0
DA:377,0
DA:378,0
DA:381,0
DA:382,0
DA:383,0
DA:384,0
DA:385,0
DA:386,0
DA:387,0
DA:393,0
DA:396,0
DA:405,0
DA:409,23
DA:410,2
DA:415,2
DA:418,0
DA:419,0
DA:420,0
DA:422,0
DA:429,0
DA:430,0
DA:431,0
DA:432,0
DA:434,0
DA:447,0
DA:455,0
DA:457,0
DA:458,0
DA:459,0
DA:467,0
DA:473,0
DA:474,0
DA:475,0
DA:476,0
DA:477,0
DA:478,0
DA:481,0
DA:484,0
DA:485,0
DA:486,0
DA:487,0
DA:488,0
DA:491,0
DA:497,0
DA:498,0
DA:502,0
DA:503,0
DA:504,0
DA:507,0
DA:516,0
DA:525,0
DA:529,23
DA:530,0
DA:535,0
DA:536,0
DA:538,0
DA:540,0
DA:541,0
DA:542,0
DA:543,0
DA:546,0
DA:553,0
DA:554,0
DA:556,0
DA:557,0
DA:561,0
DA:567,0
DA:568,0
DA:569,0
DA:570,0
DA:571,0
DA:572,0
DA:573,0
DA:575,0
DA:578,0
DA:581,0
DA:582,0
DA:583,0
DA:584,0
DA:585,0
DA:586,0
DA:588,0
DA:591,0
DA:599,0
DA:600,0
DA:601,0
DA:605,0
DA:611,0
DA:615,23
DA:616,0
DA:623,0
DA:624,0
DA:625,0
DA:629,0
DA:632,0
DA:633,0
DA:637,0
DA:638,0
DA:641,0
DA:642,0
DA:643,0
DA:645,0
DA:646,0
DA:653,0
DA:655,0
DA:656,0
DA:659,0
DA:662,0
DA:667,0
DA:673,0
DA:674,0
DA:676,0
DA:682,0
DA:686,0
DA:689,0
DA:702,0
DA:703,0
DA:704,0
DA:707,0
DA:708,0
DA:711,0
DA:712,0
DA:721,0
DA:727,0
DA:734,0
DA:737,0
DA:738,0
DA:739,0
DA:740,0
DA:742,0
DA:745,0
DA:746,0
DA:754,0
DA:760,0
DA:768,0
DA:778,0
DA:786,0
DA:795,0
DA:813,0
DA:820,0
DA:828,0
DA:836,0
DA:839,0
DA:840,0
DA:841,0
DA:842,0
DA:844,0
DA:847,0
DA:848,0
DA:856,0
DA:862,0
DA:870,0
DA:880,0
DA:888,0
DA:897,0
DA:916,0
DA:921,0
DA:929,0
DA:934,0
DA:938,0
DA:939,0
DA:942,0
DA:951,0
DA:952,0
DA:953,0
DA:956,0
DA:958,0
DA:959,0
DA:961,0
DA:962,0
DA:970,0
DA:973,0
DA:980,0
DA:981,0
DA:989,0
DA:992,0
DA:1000,0
DA:1011,0
DA:1012,0
DA:1019,0
DA:1020,0
DA:1021,0
DA:1022,0
DA:1024,0
DA:1028,0
DA:1031,0
DA:1037,0
DA:1053,0
DA:1060,0
DA:1065,0
DA:1066,0
DA:1081,23
DA:1082,2
DA:1086,2
DA:1087,2
DA:1088,2
DA:1090,0
DA:1097,23
DA:1098,0
DA:1099,0
DA:1100,0
DA:1102,0
DA:1105,0
DA:1112,23
DA:1113,1
DA:1117,1
DA:1118,1
DA:1121,23
DA:1122,0
DA:1123,0
DA:1124,0
DA:1127,23
DA:1128,0
DA:1129,0
DA:1130,0
DA:1131,0
DA:1135,23
DA:1136,0
DA:1139,0
DA:1142,23
DA:1143,0
DA:1146,0
DA:1149,23
LF:352
LH:90
BRDA:90,0,0,6
BRDA:90,0,1,2
BRDA:111,1,0,2
BRDA:111,1,1,0
BRDA:114,2,0,0
BRDA:114,2,1,2
BRDA:124,3,0,2
BRDA:124,3,1,0
BRDA:129,4,0,2
BRDA:129,4,1,0
BRDA:130,5,0,2
BRDA:130,5,1,2
BRDA:130,5,2,2
BRDA:130,5,3,0
BRDA:130,5,4,0
BRDA:130,5,5,0
BRDA:139,6,0,2
BRDA:139,6,1,0
BRDA:144,7,0,0
BRDA:144,7,1,0
BRDA:155,8,0,0
BRDA:155,8,1,2
BRDA:155,9,0,2
BRDA:155,9,1,0
BRDA:164,10,0,0
BRDA:164,10,1,2
BRDA:174,11,0,0
BRDA:174,11,1,2
BRDA:182,12,0,0
BRDA:182,12,1,2
BRDA:194,13,0,2
BRDA:194,13,1,0
BRDA:214,14,0,0
BRDA:214,14,1,0
BRDA:214,15,0,0
BRDA:214,15,1,0
BRDA:232,16,0,0
BRDA:232,16,1,0
BRDA:233,17,0,0
BRDA:233,17,1,0
BRDA:249,18,0,0
BRDA:249,18,1,0
BRDA:257,19,0,2
BRDA:257,19,1,0
BRDA:274,20,0,4
BRDA:274,20,1,0
BRDA:275,21,0,0
BRDA:275,21,1,4
BRDA:276,22,0,0
BRDA:276,22,1,0
BRDA:280,23,0,4
BRDA:280,23,1,0
BRDA:282,24,0,0
BRDA:282,24,1,0
BRDA:296,25,0,0
BRDA:296,25,1,4
BRDA:297,26,0,0
BRDA:297,26,1,0
BRDA:302,27,0,4
BRDA:302,27,1,0
BRDA:313,28,0,0
BRDA:313,28,1,4
BRDA:325,29,0,15
BRDA:325,29,1,0
BRDA:326,30,0,15
BRDA:326,30,1,0
BRDA:326,30,2,0
BRDA:345,31,0,0
BRDA:345,31,1,0
BRDA:345,31,2,0
BRDA:352,32,0,0
BRDA:352,32,1,0
BRDA:353,33,0,0
BRDA:353,33,1,0
BRDA:353,33,2,0
BRDA:353,33,3,0
BRDA:353,33,4,0
BRDA:353,33,5,0
BRDA:365,34,0,0
BRDA:365,34,1,0
BRDA:366,35,0,0
BRDA:366,35,1,0
BRDA:366,35,2,0
BRDA:366,35,3,0
BRDA:372,36,0,0
BRDA:372,36,1,0
BRDA:372,37,0,0
BRDA:372,37,1,0
BRDA:375,38,0,0
BRDA:375,38,1,0
BRDA:375,39,0,0
BRDA:375,39,1,0
BRDA:381,40,0,0
BRDA:381,40,1,0
BRDA:381,41,0,0
BRDA:381,41,1,0
BRDA:384,42,0,0
BRDA:384,42,1,0
BRDA:384,43,0,0
BRDA:384,43,1,0
BRDA:410,44,0,2
BRDA:410,44,1,0
BRDA:411,45,0,2
BRDA:411,45,1,0
BRDA:411,45,2,0
BRDA:425,46,0,0
BRDA:425,46,1,0
BRDA:439,47,0,0
BRDA:439,47,1,0
BRDA:439,47,2,0
BRDA:440,48,0,0
BRDA:440,48,1,0
BRDA:447,49,0,0
BRDA:447,49,1,0
BRDA:448,50,0,0
BRDA:448,50,1,0
BRDA:448,50,2,0
BRDA:448,50,3,0
BRDA:448,50,4,0
BRDA:448,50,5,0
BRDA:455,51,0,0
BRDA:455,51,1,0
BRDA:467,52,0,0
BRDA:467,52,1,0
BRDA:468,53,0,0
BRDA:468,53,1,0
BRDA:468,53,2,0
BRDA:468,53,3,0
BRDA:474,54,0,0
BRDA:474,54,1,0
BRDA:474,55,0,0
BRDA:474,55,1,0
BRDA:477,56,0,0
BRDA:477,56,1,0
BRDA:477,57,0,0
BRDA:477,57,1,0
BRDA:479,58,0,0
BRDA:479,58,1,0
BRDA:484,59,0,0
BRDA:484,59,1,0
BRDA:484,60,0,0
BRDA:484,60,1,0
BRDA:487,61,0,0
BRDA:487,61,1,0
BRDA:487,62,0,0
BRDA:487,62,1,0
BRDA:489,63,0,0
BRDA:489,63,1,0
BRDA:497,64,0,0
BRDA:497,64,1,0
BRDA:503,65,0,0
BRDA:503,65,1,0
BRDA:511,66,0,0
BRDA:511,66,1,0
BRDA:532,67,0,0
BRDA:532,67,1,0
BRDA:538,68,0,0
BRDA:538,68,1,0
BRDA:546,69,0,0
BRDA:546,69,1,0
BRDA:547,70,0,0
BRDA:547,70,1,0
BRDA:547,70,2,0
BRDA:547,70,3,0
BRDA:547,70,4,0
BRDA:547,70,5,0
BRDA:553,71,0,0
BRDA:553,71,1,0
BRDA:561,72,0,0
BRDA:561,72,1,0
BRDA:562,73,0,0
BRDA:562,73,1,0
BRDA:562,73,2,0
BRDA:562,73,3,0
BRDA:568,74,0,0
BRDA:568,74,1,0
BRDA:568,75,0,0
BRDA:568,75,1,0
BRDA:571,76,0,0
BRDA:571,76,1,0
BRDA:571,77,0,0
BRDA:571,77,1,0
BRDA:572,78,0,0
BRDA:572,78,1,0
BRDA:576,79,0,0
BRDA:576,79,1,0
BRDA:581,80,0,0
BRDA:581,80,1,0
BRDA:581,81,0,0
BRDA:581,81,1,0
BRDA:584,82,0,0
BRDA:584,82,1,0
BRDA:584,83,0,0
BRDA:584,83,1,0
BRDA:585,84,0,0
BRDA:585,84,1,0
BRDA:589,85,0,0
BRDA:589,85,1,0
BRDA:600,86,0,0
BRDA:600,86,1,0
BRDA:623,87,0,0
BRDA:623,87,1,0
BRDA:632,88,0,0
BRDA:632,88,1,0
BRDA:632,89,0,0
BRDA:632,89,1,0
BRDA:676,90,0,0
BRDA:676,90,1,0
BRDA:677,91,0,0
BRDA:677,91,1,0
BRDA:677,91,2,0
BRDA:677,91,3,0
BRDA:677,91,4,0
BRDA:694,92,0,0
BRDA:694,92,1,0
BRDA:695,93,0,0
BRDA:695,93,1,0
BRDA:696,94,0,0
BRDA:696,94,1,0
BRDA:702,95,0,0
BRDA:702,95,1,0
BRDA:708,96,0,0
BRDA:708,96,1,0
BRDA:711,97,0,0
BRDA:711,97,1,0
BRDA:742,98,0,0
BRDA:742,98,1,0
BRDA:745,99,0,0
BRDA:745,99,1,0
BRDA:800,100,0,0
BRDA:800,100,1,0
BRDA:804,101,0,0
BRDA:804,101,1,0
BRDA:844,102,0,0
BRDA:844,102,1,0
BRDA:847,103,0,0
BRDA:847,103,1,0
BRDA:902,104,0,0
BRDA:902,104,1,0
BRDA:906,105,0,0
BRDA:906,105,1,0
BRDA:918,106,0,0
BRDA:918,106,1,0
BRDA:919,107,0,0
BRDA:919,107,1,0
BRDA:923,108,0,0
BRDA:923,108,1,0
BRDA:938,109,0,0
BRDA:938,109,1,0
BRDA:951,110,0,0
BRDA:951,110,1,0
BRDA:951,111,0,0
BRDA:951,111,1,0
BRDA:958,112,0,0
BRDA:958,112,1,0
BRDA:961,113,0,0
BRDA:961,113,1,0
BRDA:980,114,0,0
BRDA:980,114,1,0
BRDA:1011,115,0,0
BRDA:1011,115,1,0
BRDA:1019,116,0,0
BRDA:1019,116,1,0
BRDA:1054,117,0,0
BRDA:1054,117,1,0
BRDA:1055,118,0,0
BRDA:1055,118,1,0
BRDA:1062,119,0,0
BRDA:1062,119,1,0
BRDA:1086,120,0,2
BRDA:1086,120,1,0
BRDA:1098,121,0,0
BRDA:1098,121,1,0
BRDA:1099,122,0,0
BRDA:1099,122,1,0
BRDA:1130,123,0,0
BRDA:1130,123,1,0
BRF:277
BRH:28
end_of_record
TN:
SF:src/hooks/useTaskAnswerList.ts
FN:13,(anonymous_0)
FN:17,(anonymous_1)
FN:18,(anonymous_2)
FN:29,(anonymous_3)
FN:36,(anonymous_4)
FN:45,(anonymous_5)
FNF:6
FNH:6
FNDA:8,(anonymous_0)
FNDA:4,(anonymous_1)
FNDA:3,(anonymous_2)
FNDA:4,(anonymous_3)
FNDA:1,(anonymous_4)
FNDA:1,(anonymous_5)
DA:13,1
DA:14,8
DA:15,8
DA:16,8
DA:17,8
DA:18,4
DA:19,3
DA:20,3
DA:21,3
DA:29,4
DA:30,4
DA:31,4
DA:36,8
DA:37,1
DA:38,1
DA:40,0
DA:41,0
DA:45,8
DA:46,1
DA:47,1
DA:48,1
DA:49,1
DA:50,1
DA:52,0
DA:53,0
DA:54,0
DA:58,8
LF:27
LH:22
BRDA:30,0,0,4
BRDA:30,0,1,0
BRF:2
BRH:1
end_of_record
TN:
SF:src/hooks/useTaskFilters.ts
FN:14,(anonymous_0)
FN:21,(anonymous_1)
FN:47,(anonymous_2)
FN:52,(anonymous_3)
FN:60,(anonymous_4)
FNF:5
FNH:5
FNDA:18,(anonymous_0)
FNDA:18,(anonymous_1)
FNDA:2,(anonymous_2)
FNDA:1,(anonymous_3)
FNDA:18,(anonymous_4)
DA:14,1
DA:15,18
DA:16,18
DA:17,18
DA:18,18
DA:19,18
DA:21,18
DA:22,18
DA:24,18
DA:25,3
DA:28,18
DA:29,3
DA:32,18
DA:33,2
DA:36,18
DA:37,2
DA:40,18
DA:41,4
DA:44,18
DA:47,18
DA:48,2
DA:49,2
DA:52,18
DA:53,1
DA:54,1
DA:55,1
DA:56,1
DA:57,1
DA:60,18
DA:61,18
DA:70,18
LF:31
LH:31
BRDA:24,0,0,3
BRDA:24,0,1,15
BRDA:28,1,0,3
BRDA:28,1,1,15
BRDA:32,2,0,2
BRDA:32,2,1,16
BRDA:36,3,0,2
BRDA:36,3,1,16
BRDA:40,4,0,4
BRDA:40,4,1,14
BRDA:62,5,0,18
BRDA:62,5,1,15
BRDA:62,5,2,14
BRDA:62,5,3,13
BRDA:62,5,4,13
BRF:15
BRH:15
end_of_record
TN:
SF:src/hooks/useTaskForm.ts
FN:35,(anonymous_0)
FN:45,(anonymous_1)
FN:56,(anonymous_2)
FN:63,(anonymous_3)
FN:88,(anonymous_4)
FN:144,(anonymous_5)
FNF:6
FNH:6
FNDA:19,(anonymous_0)
FNDA:19,(anonymous_1)
FNDA:2,(anonymous_2)
FNDA:17,(anonymous_3)
FNDA:3,(anonymous_4)
FNDA:2,(anonymous_5)
DA:35,1
DA:36,19
DA:37,18
DA:38,18
DA:39,18
DA:41,1
DA:45,1
DA:46,19
DA:47,18
DA:49,1
DA:50,1
DA:51,1
DA:52,1
DA:56,1
DA:57,2
DA:58,2
DA:59,2
DA:60,2
DA:63,1
DA:67,17
DA:68,17
DA:71,17
DA:74,17
DA:77,17
DA:78,17
DA:79,17
DA:82,17
DA:85,17
DA:86,17
DA:88,17
DA:89,3
DA:90,1
DA:91,1
DA:94,2
DA:95,0
DA:96,0
DA:99,2
DA:100,0
DA:101,0
DA:104,2
DA:105,2
DA:107,2
DA:109,2
DA:111,2
DA:123,2
DA:125,1
DA:126,1
DA:130,1
DA:132,1
DA:135,1
DA:136,1
DA:137,1
DA:138,1
DA:140,2
DA:144,17
DA:145,2
DA:146,2
DA:147,2
DA:148,2
DA:149,2
DA:150,2
DA:151,2
DA:152,2
DA:153,2
DA:156,17
LF:65
LH:61
BRDA:36,0,0,18
BRDA:36,0,1,1
BRDA:46,1,0,18
BRDA:46,1,1,1
BRDA:63,2,0,13
BRDA:67,3,0,17
BRDA:67,3,1,16
BRDA:69,4,0,17
BRDA:69,4,1,16
BRDA:72,5,0,17
BRDA:72,5,1,16
BRDA:75,6,0,17
BRDA:75,6,1,16
BRDA:77,7,0,17
BRDA:77,7,1,16
BRDA:78,8,0,17
BRDA:78,8,1,16
BRDA:89,9,0,1
BRDA:89,9,1,2
BRDA:94,10,0,0
BRDA:94,10,1,2
BRDA:99,11,0,0
BRDA:99,11,1,2
BRDA:115,12,0,2
BRDA:115,12,1,2
BRDA:119,13,0,2
BRDA:119,13,1,2
BRDA:125,14,0,1
BRDA:125,14,1,0
BRDA:135,15,0,1
BRDA:135,15,1,0
BRF:31
BRH:27
end_of_record
TN:
SF:src/hooks/useTaskHistoryList.ts
FN:13,(anonymous_0)
FN:17,(anonymous_1)
FN:18,(anonymous_2)
FN:29,(anonymous_3)
FN:36,(anonymous_4)
FN:45,(anonymous_5)
FNF:6
FNH:6
FNDA:8,(anonymous_0)
FNDA:4,(anonymous_1)
FNDA:3,(anonymous_2)
FNDA:4,(anonymous_3)
FNDA:1,(anonymous_4)
FNDA:1,(anonymous_5)
DA:13,1
DA:14,8
DA:15,8
DA:16,8
DA:17,8
DA:18,4
DA:19,3
DA:20,3
DA:21,3
DA:29,4
DA:30,4
DA:31,4
DA:36,8
DA:37,1
DA:38,1
DA:40,0
DA:41,0
DA:45,8
DA:46,1
DA:47,1
DA:48,1
DA:49,1
DA:50,1
DA:52,0
DA:53,0
DA:54,0
DA:58,8
LF:27
LH:22
BRDA:30,0,0,4
BRDA:30,0,1,0
BRF:2
BRH:1
end_of_record
TN:
SF:src/hooks/useTaskList.ts
FN:19,(anonymous_0)
FN:30,(anonymous_1)
FN:36,(anonymous_2)
FN:41,(anonymous_3)
FN:48,(anonymous_4)
FN:54,(anonymous_5)
FN:61,(anonymous_6)
FN:68,(anonymous_7)
FN:100,(anonymous_8)
FN:104,(anonymous_9)
FN:113,(anonymous_10)
FN:123,(anonymous_11)
FN:132,(anonymous_12)
FN:146,(anonymous_13)
FNF:14
FNH:0
FNDA:0,(anonymous_0)
FNDA:0,(anonymous_1)
FNDA:0,(anonymous_2)
FNDA:0,(anonymous_3)
FNDA:0,(anonymous_4)
FNDA:0,(anonymous_5)
FNDA:0,(anonymous_6)
FNDA:0,(anonymous_7)
FNDA:0,(anonymous_8)
FNDA:0,(anonymous_9)
FNDA:0,(anonymous_10)
FNDA:0,(anonymous_11)
FNDA:0,(anonymous_12)
FNDA:0,(anonymous_13)
DA:19,1
DA:20,0
DA:21,0
DA:22,0
DA:23,0
DA:24,0
DA:25,0
DA:26,0
DA:30,0
DA:31,0
DA:32,0
DA:33,0
DA:36,0
DA:37,0
DA:38,0
DA:39,0
DA:40,0
DA:41,0
DA:42,0
DA:44,0
DA:46,0
DA:47,0
DA:48,0
DA:49,0
DA:53,0
DA:54,0
DA:55,0
DA:59,0
DA:60,0
DA:61,0
DA:62,0
DA:67,0
DA:68,0
DA:69,0
DA:71,0
DA:73,0
DA:74,0
DA:77,0
DA:78,0
DA:81,0
DA:86,0
DA:87,0
DA:88,0
DA:89,0
DA:92,0
DA:94,0
DA:95,0
DA:96,0
DA:100,0
DA:101,0
DA:104,0
DA:105,0
DA:106,0
DA:113,0
DA:114,0
DA:115,0
DA:118,0
DA:119,0
DA:123,0
DA:124,0
DA:125,0
DA:126,0
DA:127,0
DA:129,0
DA:132,0
DA:133,0
DA:134,0
DA:135,0
DA:136,0
DA:137,0
DA:138,0
DA:140,0
DA:141,0
DA:142,0
DA:146,0
DA:147,0
DA:148,0
DA:149,0
DA:151,0
DA:152,0
DA:155,0
DA:157,0
DA:159,0
DA:160,0
DA:161,0
DA:165,0
LF:86
LH:1
BRDA:46,0,0,0
BRDA:46,0,1,0
BRDA:47,1,0,0
BRDA:47,1,1,0
BRDA:47,2,0,0
BRDA:47,2,1,0
BRDA:53,3,0,0
BRDA:53,3,1,0
BRDA:53,4,0,0
BRDA:53,4,1,0
BRDA:59,5,0,0
BRDA:59,5,1,0
BRDA:62,6,0,0
BRDA:62,6,1,0
BRDA:62,6,2,0
BRDA:67,7,0,0
BRDA:67,7,1,0
BRDA:67,8,0,0
BRDA:67,8,1,0
BRDA:69,9,0,0
BRDA:69,9,1,0
BRDA:73,10,0,0
BRDA:73,10,1,0
BRDA:73,11,0,0
BRDA:73,11,1,0
BRDA:77,12,0,0
BRDA:77,12,1,0
BRDA:77,13,0,0
BRDA:77,13,1,0
BRDA:105,14,0,0
BRDA:105,14,1,0
BRDA:126,15,0,0
BRDA:126,15,1,0
BRDA:151,16,0,0
BRDA:151,16,1,0
BRF:35
BRH:0
end_of_record
TN:
SF:src/hooks/useTaskResultList.ts
FN:13,(anonymous_0)
FN:17,(anonymous_1)
FN:18,(anonymous_2)
FN:29,(anonymous_3)
FN:36,(anonymous_4)
FN:45,(anonymous_5)
FNF:6
FNH:6
FNDA:8,(anonymous_0)
FNDA:4,(anonymous_1)
FNDA:3,(anonymous_2)
FNDA:4,(anonymous_3)
FNDA:1,(anonymous_4)
FNDA:1,(anonymous_5)
DA:13,1
DA:14,8
DA:15,8
DA:16,8
DA:17,8
DA:18,4
DA:19,3
DA:20,3
DA:21,3
DA:29,4
DA:30,4
DA:31,4
DA:36,8
DA:37,1
DA:38,1
DA:40,0
DA:41,0
DA:45,8
DA:46,1
DA:47,1
DA:48,1
DA:49,1
DA:50,1
DA:52,0
DA:53,0
DA:54,0
DA:58,8
LF:27
LH:22
BRDA:30,0,0,4
BRDA:30,0,1,0
BRF:2
BRH:1
end_of_record
TN:
SF:src/services/ActivityService.ts
FN:12,(anonymous_0)
FN:14,(anonymous_1)
FN:37,(anonymous_2)
FN:57,(anonymous_3)
FN:66,(anonymous_4)
FN:75,(anonymous_5)
FN:86,(anonymous_6)
FN:98,(anonymous_7)
FN:112,(anonymous_8)
FN:122,(anonymous_9)
FN:128,(anonymous_10)
FN:136,(anonymous_11)
FN:143,(anonymous_12)
FNF:13
FNH:9
FNDA:0,(anonymous_0)
FNDA:0,(anonymous_1)
FNDA:2,(anonymous_2)
FNDA:1,(anonymous_3)
FNDA:2,(anonymous_4)
FNDA:2,(anonymous_5)
FNDA:1,(anonymous_6)
FNDA:2,(anonymous_7)
FNDA:1,(anonymous_8)
FNDA:1,(anonymous_9)
FNDA:1,(anonymous_10)
FNDA:0,(anonymous_11)
FNDA:0,(anonymous_12)
DA:13,0
DA:21,0
DA:22,0
DA:23,0
DA:24,0
DA:26,0
DA:27,0
DA:29,0
DA:32,0
DA:38,2
DA:39,2
DA:40,2
DA:46,1
DA:50,1
DA:52,1
DA:53,1
DA:58,1
DA:59,1
DA:61,0
DA:62,0
DA:67,2
DA:68,2
DA:70,0
DA:71,0
DA:79,2
DA:80,2
DA:81,2
DA:82,1
DA:85,1
DA:87,1
DA:91,1
DA:93,1
DA:94,1
DA:99,2
DA:100,2
DA:101,2
DA:102,1
DA:105,1
DA:107,1
DA:108,1
DA:117,1
DA:121,1
DA:123,1
DA:125,1
DA:128,1
DA:131,1
DA:135,1
DA:137,0
DA:138,0
DA:144,0
DA:145,0
DA:147,0
DA:148,0
LF:53
LH:34
BRDA:21,0,0,0
BRDA:21,0,1,0
BRDA:22,1,0,0
BRDA:22,1,1,0
BRDA:23,2,0,0
BRDA:23,2,1,0
BRDA:26,3,0,0
BRDA:26,3,1,0
BRDA:26,4,0,0
BRDA:26,4,1,0
BRDA:81,5,0,1
BRDA:81,5,1,1
BRDA:101,6,0,1
BRDA:101,6,1,1
BRF:14
BRH:4
end_of_record
TN:
SF:src/services/ConflictResolution.ts
FN:9,(anonymous_0)
FN:11,(anonymous_1)
FNF:2
FNH:0
FNDA:0,(anonymous_0)
FNDA:0,(anonymous_1)
DA:10,0
DA:18,0
DA:19,0
DA:22,0
DA:23,0
DA:25,0
DA:36,0
DA:41,0
DA:43,0
DA:44,0
DA:49,0
DA:51,0
DA:52,0
DA:53,0
DA:54,0
DA:55,0
DA:56,0
DA:60,0
DA:63,0
DA:64,0
DA:68,0
DA:72,0
LF:22
LH:0
BRDA:22,0,0,0
BRDA:22,0,1,0
BRDA:23,1,0,0
BRDA:23,1,1,0
BRDA:27,2,0,0
BRDA:27,2,1,0
BRDA:29,3,0,0
BRDA:29,3,1,0
BRDA:30,4,0,0
BRDA:30,4,1,0
BRDA:31,5,0,0
BRDA:31,5,1,0
BRDA:33,6,0,0
BRDA:33,6,1,0
BRDA:34,7,0,0
BRDA:34,7,1,0
BRDA:41,8,0,0
BRDA:41,8,1,0
BRDA:43,9,0,0
BRDA:43,9,1,0
BRDA:51,10,0,0
BRDA:51,10,1,0
BRDA:52,11,0,0
BRDA:52,11,1,0
BRDA:53,12,0,0
BRDA:53,12,1,0
BRDA:54,13,0,0
BRDA:54,13,1,0
BRDA:55,14,0,0
BRDA:55,14,1,0
BRDA:56,15,0,0
BRDA:56,15,1,0
BRDA:60,16,0,0
BRDA:60,16,1,0
BRDA:63,17,0,0
BRDA:63,17,1,0
BRF:36
BRH:0
end_of_record
TN:
SF:src/services/DataPointService.ts
FN:18,(anonymous_0)
FN:20,(anonymous_1)
FN:45,(anonymous_2)
FN:70,(anonymous_3)
FN:79,(anonymous_4)
FN:88,(anonymous_5)
FN:99,(anonymous_6)
FN:111,(anonymous_7)
FN:125,(anonymous_8)
FN:135,(anonymous_9)
FN:141,(anonymous_10)
FN:149,(anonymous_11)
FN:157,(anonymous_12)
FN:182,(anonymous_13)
FN:191,(anonymous_14)
FN:202,(anonymous_15)
FN:213,(anonymous_16)
FN:225,(anonymous_17)
FN:239,(anonymous_18)
FN:250,(anonymous_19)
FN:256,(anonymous_20)
FN:263,(anonymous_21)
FN:270,(anonymous_22)
FNF:23
FNH:4
FNDA:0,(anonymous_0)
FNDA:0,(anonymous_1)
FNDA:1,(anonymous_2)
FNDA:1,(anonymous_3)
FNDA:0,(anonymous_4)
FNDA:0,(anonymous_5)
FNDA:0,(anonymous_6)
FNDA:0,(anonymous_7)
FNDA:0,(anonymous_8)
FNDA:0,(anonymous_9)
FNDA:0,(anonymous_10)
FNDA:0,(anonymous_11)
FNDA:1,(anonymous_12)
FNDA:1,(anonymous_13)
FNDA:0,(anonymous_14)
FNDA:0,(anonymous_15)
FNDA:0,(anonymous_16)
FNDA:0,(anonymous_17)
FNDA:0,(anonymous_18)
FNDA:0,(anonymous_19)
FNDA:0,(anonymous_20)
FNDA:0,(anonymous_21)
FNDA:0,(anonymous_22)
DA:19,0
DA:27,0
DA:28,0
DA:29,0
DA:30,0
DA:31,0
DA:33,0
DA:34,0
DA:36,0
DA:39,0
DA:48,1
DA:49,1
DA:53,1
DA:59,1
DA:63,1
DA:65,0
DA:66,0
DA:71,1
DA:72,1
DA:74,0
DA:75,0
DA:80,0
DA:81,0
DA:83,0
DA:84,0
DA:92,0
DA:93,0
DA:94,0
DA:95,0
DA:98,0
DA:100,0
DA:104,0
DA:106,0
DA:107,0
DA:112,0
DA:113,0
DA:114,0
DA:115,0
DA:118,0
DA:120,0
DA:121,0
DA:130,0
DA:134,0
DA:136,0
DA:138,0
DA:141,0
DA:144,0
DA:148,0
DA:150,0
DA:151,0
DA:160,1
DA:161,1
DA:165,1
DA:171,1
DA:175,1
DA:177,0
DA:178,0
DA:183,1
DA:184,1
DA:186,0
DA:187,0
DA:194,0
DA:195,0
DA:197,0
DA:198,0
DA:206,0
DA:207,0
DA:208,0
DA:209,0
DA:212,0
DA:214,0
DA:218,0
DA:220,0
DA:221,0
DA:226,0
DA:227,0
DA:228,0
DA:229,0
DA:232,0
DA:234,0
DA:235,0
DA:244,0
DA:248,0
DA:251,0
DA:253,0
DA:256,0
DA:259,0
DA:262,0
DA:264,0
DA:265,0
DA:271,0
DA:272,0
DA:274,0
DA:275,0
LF:94
LH:14
BRDA:28,0,0,0
BRDA:28,0,1,0
BRDA:28,1,0,0
BRDA:28,1,1,0
BRDA:29,2,0,0
BRDA:29,2,1,0
BRDA:30,3,0,0
BRDA:30,3,1,0
BRDA:33,4,0,0
BRDA:33,4,1,0
BRDA:33,5,0,0
BRDA:33,5,1,0
BRDA:94,6,0,0
BRDA:94,6,1,0
BRDA:114,7,0,0
BRDA:114,7,1,0
BRDA:208,8,0,0
BRDA:208,8,1,0
BRDA:228,9,0,0
BRDA:228,9,1,0
BRF:20
BRH:0
end_of_record
TN:
SF:src/services/QuestionService.ts
FN:12,(anonymous_0)
FN:14,(anonymous_1)
FN:43,(anonymous_2)
FN:66,(anonymous_3)
FN:78,(anonymous_4)
FN:90,(anonymous_5)
FN:101,(anonymous_6)
FN:116,(anonymous_7)
FN:133,(anonymous_8)
FN:143,(anonymous_9)
FN:149,(anonymous_10)
FN:157,(anonymous_11)
FN:167,(anonymous_12)
FNF:13
FNH:6
FNDA:0,(anonymous_0)
FNDA:0,(anonymous_1)
FNDA:1,(anonymous_2)
FNDA:1,(anonymous_3)
FNDA:1,(anonymous_4)
FNDA:1,(anonymous_5)
FNDA:1,(anonymous_6)
FNDA:1,(anonymous_7)
FNDA:0,(anonymous_8)
FNDA:0,(anonymous_9)
FNDA:0,(anonymous_10)
FNDA:0,(anonymous_11)
FNDA:0,(anonymous_12)
DA:13,0
DA:22,0
DA:24,0
DA:25,0
DA:26,0
DA:28,0
DA:29,0
DA:31,0
DA:35,0
DA:44,1
DA:45,1
DA:46,1
DA:52,1
DA:56,1
DA:58,0
DA:59,0
DA:67,1
DA:68,1
DA:70,0
DA:71,0
DA:79,1
DA:80,1
DA:82,0
DA:83,0
DA:94,1
DA:95,1
DA:96,1
DA:97,0
DA:100,1
DA:102,1
DA:106,1
DA:108,0
DA:109,0
DA:117,1
DA:118,1
DA:119,1
DA:120,0
DA:123,1
DA:125,0
DA:126,0
DA:138,0
DA:142,0
DA:144,0
DA:146,0
DA:149,0
DA:152,0
DA:156,0
DA:158,0
DA:159,0
DA:168,0
DA:169,0
DA:171,0
DA:172,0
LF:53
LH:19
BRDA:22,0,0,0
BRDA:22,0,1,0
BRDA:24,1,0,0
BRDA:24,1,1,0
BRDA:25,2,0,0
BRDA:25,2,1,0
BRDA:28,3,0,0
BRDA:28,3,1,0
BRDA:28,4,0,0
BRDA:28,4,1,0
BRDA:96,5,0,0
BRDA:96,5,1,1
BRDA:119,6,0,0
BRDA:119,6,1,1
BRF:14
BRH:2
end_of_record
TN:
SF:src/services/TaskAnswerService.ts
FN:12,(anonymous_0)
FN:14,(anonymous_1)
FN:37,(anonymous_2)
FN:82,(anonymous_3)
FN:91,(anonymous_4)
FN:100,(anonymous_5)
FN:121,(anonymous_6)
FN:144,(anonymous_7)
FN:158,(anonymous_8)
FN:168,(anonymous_9)
FN:174,(anonymous_10)
FN:182,(anonymous_11)
FN:189,(anonymous_12)
FNF:13
FNH:6
FNDA:0,(anonymous_0)
FNDA:0,(anonymous_1)
FNDA:1,(anonymous_2)
FNDA:2,(anonymous_3)
FNDA:1,(anonymous_4)
FNDA:1,(anonymous_5)
FNDA:1,(anonymous_6)
FNDA:1,(anonymous_7)
FNDA:0,(anonymous_8)
FNDA:0,(anonymous_9)
FNDA:0,(anonymous_10)
FNDA:0,(anonymous_11)
FNDA:0,(anonymous_12)
DA:13,0
DA:21,0
DA:22,0
DA:23,0
DA:24,0
DA:26,0
DA:27,0
DA:29,0
DA:32,0
DA:40,1
DA:41,1
DA:54,1
DA:60,1
DA:67,1
DA:69,0
DA:78,0
DA:83,2
DA:84,2
DA:86,0
DA:87,0
DA:92,1
DA:93,1
DA:95,0
DA:96,0
DA:104,1
DA:105,1
DA:111,1
DA:112,1
DA:113,0
DA:117,0
DA:120,1
DA:122,1
DA:126,1
DA:133,1
DA:135,0
DA:140,0
DA:145,1
DA:146,1
DA:147,1
DA:148,0
DA:151,1
DA:153,0
DA:154,0
DA:163,0
DA:167,0
DA:169,0
DA:171,0
DA:174,0
DA:177,0
DA:181,0
DA:183,0
DA:184,0
DA:190,0
DA:191,0
DA:193,0
DA:194,0
LF:56
LH:21
BRDA:21,0,0,0
BRDA:21,0,1,0
BRDA:22,1,0,0
BRDA:22,1,1,0
BRDA:23,2,0,0
BRDA:23,2,1,0
BRDA:26,3,0,0
BRDA:26,3,1,0
BRDA:26,4,0,0
BRDA:26,4,1,0
BRDA:49,5,0,1
BRDA:49,5,1,0
BRDA:50,6,0,1
BRDA:50,6,1,0
BRDA:70,7,0,0
BRDA:70,7,1,0
BRDA:71,8,0,0
BRDA:71,8,1,0
BRDA:107,9,0,1
BRDA:107,9,1,0
BRDA:108,10,0,1
BRDA:108,10,1,0
BRDA:112,11,0,0
BRDA:112,11,1,1
BRDA:136,12,0,0
BRDA:136,12,1,0
BRDA:137,13,0,0
BRDA:137,13,1,0
BRDA:147,14,0,0
BRDA:147,14,1,1
BRF:30
BRH:6
end_of_record
TN:
SF:src/services/TaskHistoryService.ts
FN:12,(anonymous_0)
FN:14,(anonymous_1)
FN:37,(anonymous_2)
FN:62,(anonymous_3)
FN:71,(anonymous_4)
FN:80,(anonymous_5)
FN:91,(anonymous_6)
FN:103,(anonymous_7)
FN:117,(anonymous_8)
FN:127,(anonymous_9)
FN:133,(anonymous_10)
FN:141,(anonymous_11)
FN:148,(anonymous_12)
FNF:13
FNH:0
FNDA:0,(anonymous_0)
FNDA:0,(anonymous_1)
FNDA:0,(anonymous_2)
FNDA:0,(anonymous_3)
FNDA:0,(anonymous_4)
FNDA:0,(anonymous_5)
FNDA:0,(anonymous_6)
FNDA:0,(anonymous_7)
FNDA:0,(anonymous_8)
FNDA:0,(anonymous_9)
FNDA:0,(anonymous_10)
FNDA:0,(anonymous_11)
FNDA:0,(anonymous_12)
DA:13,0
DA:21,0
DA:22,0
DA:23,0
DA:24,0
DA:26,0
DA:27,0
DA:29,0
DA:32,0
DA:40,0
DA:41,0
DA:45,0
DA:51,0
DA:55,0
DA:57,0
DA:58,0
DA:63,0
DA:64,0
DA:66,0
DA:67,0
DA:72,0
DA:73,0
DA:75,0
DA:76,0
DA:84,0
DA:85,0
DA:86,0
DA:87,0
DA:90,0
DA:92,0
DA:96,0
DA:98,0
DA:99,0
DA:104,0
DA:105,0
DA:106,0
DA:107,0
DA:110,0
DA:112,0
DA:113,0
DA:122,0
DA:126,0
DA:128,0
DA:130,0
DA:133,0
DA:136,0
DA:140,0
DA:142,0
DA:143,0
DA:149,0
DA:150,0
DA:152,0
DA:153,0
LF:53
LH:0
BRDA:21,0,0,0
BRDA:21,0,1,0
BRDA:22,1,0,0
BRDA:22,1,1,0
BRDA:23,2,0,0
BRDA:23,2,1,0
BRDA:26,3,0,0
BRDA:26,3,1,0
BRDA:26,4,0,0
BRDA:26,4,1,0
BRDA:86,5,0,0
BRDA:86,5,1,0
BRDA:106,6,0,0
BRDA:106,6,1,0
BRF:14
BRH:0
end_of_record
TN:
SF:src/services/TaskResultService.ts
FN:12,(anonymous_0)
FN:14,(anonymous_1)
FN:37,(anonymous_2)
FN:62,(anonymous_3)
FN:71,(anonymous_4)
FN:80,(anonymous_5)
FN:91,(anonymous_6)
FN:103,(anonymous_7)
FN:117,(anonymous_8)
FN:127,(anonymous_9)
FN:133,(anonymous_10)
FN:141,(anonymous_11)
FN:148,(anonymous_12)
FNF:13
FNH:0
FNDA:0,(anonymous_0)
FNDA:0,(anonymous_1)
FNDA:0,(anonymous_2)
FNDA:0,(anonymous_3)
FNDA:0,(anonymous_4)
FNDA:0,(anonymous_5)
FNDA:0,(anonymous_6)
FNDA:0,(anonymous_7)
FNDA:0,(anonymous_8)
FNDA:0,(anonymous_9)
FNDA:0,(anonymous_10)
FNDA:0,(anonymous_11)
FNDA:0,(anonymous_12)
DA:13,0
DA:21,0
DA:22,0
DA:23,0
DA:24,0
DA:26,0
DA:27,0
DA:29,0
DA:32,0
DA:40,0
DA:41,0
DA:45,0
DA:51,0
DA:55,0
DA:57,0
DA:58,0
DA:63,0
DA:64,0
DA:66,0
DA:67,0
DA:72,0
DA:73,0
DA:75,0
DA:76,0
DA:84,0
DA:85,0
DA:86,0
DA:87,0
DA:90,0
DA:92,0
DA:96,0
DA:98,0
DA:99,0
DA:104,0
DA:105,0
DA:106,0
DA:107,0
DA:110,0
DA:112,0
DA:113,0
DA:122,0
DA:126,0
DA:128,0
DA:130,0
DA:133,0
DA:136,0
DA:140,0
DA:142,0
DA:143,0
DA:149,0
DA:150,0
DA:152,0
DA:153,0
LF:53
LH:0
BRDA:21,0,0,0
BRDA:21,0,1,0
BRDA:22,1,0,0
BRDA:22,1,1,0
BRDA:23,2,0,0
BRDA:23,2,1,0
BRDA:26,3,0,0
BRDA:26,3,1,0
BRDA:26,4,0,0
BRDA:26,4,1,0
BRDA:86,5,0,0
BRDA:86,5,1,0
BRDA:106,6,0,0
BRDA:106,6,1,0
BRF:14
BRH:0
end_of_record
TN:
SF:src/services/TaskService.ts
FN:17,(anonymous_0)
FN:19,(anonymous_1)
FN:80,(anonymous_2)
FN:102,(anonymous_3)
FN:109,(anonymous_4)
FN:115,(anonymous_5)
FN:123,(anonymous_6)
FN:131,(anonymous_7)
FN:153,(anonymous_8)
FN:169,(anonymous_9)
FN:177,(anonymous_10)
FN:194,(anonymous_11)
FN:213,(anonymous_12)
FN:219,(anonymous_13)
FN:225,(anonymous_14)
FN:233,(anonymous_15)
FN:244,(anonymous_16)
FN:273,(anonymous_17)
FNF:18
FNH:14
FNDA:0,(anonymous_0)
FNDA:0,(anonymous_1)
FNDA:2,(anonymous_2)
FNDA:5,(anonymous_3)
FNDA:3,(anonymous_4)
FNDA:3,(anonymous_5)
FNDA:3,(anonymous_6)
FNDA:3,(anonymous_7)
FNDA:2,(anonymous_8)
FNDA:2,(anonymous_9)
FNDA:1,(anonymous_10)
FNDA:2,(anonymous_11)
FNDA:1,(anonymous_12)
FNDA:1,(anonymous_13)
FNDA:1,(anonymous_14)
FNDA:0,(anonymous_15)
FNDA:1,(anonymous_16)
FNDA:0,(anonymous_17)
DA:18,0
DA:27,0
DA:29,0
DA:31,0
DA:49,0
DA:53,0
DA:55,0
DA:56,0
DA:60,0
DA:61,0
DA:65,0
DA:70,0
DA:81,2
DA:82,2
DA:83,2
DA:89,1
DA:90,1
DA:92,1
DA:93,1
DA:103,5
DA:104,5
DA:107,5
DA:108,4
DA:109,1
DA:110,3
DA:114,4
DA:115,1
DA:116,3
DA:120,4
DA:121,1
DA:122,1
DA:124,3
DA:130,4
DA:131,1
DA:132,3
DA:133,3
DA:134,3
DA:135,2
DA:136,1
DA:141,5
DA:143,0
DA:144,0
DA:154,2
DA:155,2
DA:156,2
DA:158,0
DA:159,0
DA:170,2
DA:171,2
DA:172,2
DA:173,1
DA:176,1
DA:178,1
DA:182,1
DA:184,1
DA:185,1
DA:195,2
DA:196,2
DA:197,2
DA:198,1
DA:201,1
DA:203,1
DA:204,1
DA:216,1
DA:218,1
DA:220,1
DA:222,1
DA:225,1
DA:228,1
DA:232,1
DA:234,0
DA:235,0
DA:245,1
DA:246,1
DA:247,1
DA:248,1
DA:250,1
DA:251,1
DA:252,3
DA:253,3
DA:254,3
DA:256,0
DA:260,1
DA:261,1
DA:263,0
DA:264,0
DA:274,0
DA:275,0
DA:277,0
DA:278,0
LF:90
LH:65
BRDA:27,0,0,0
BRDA:27,0,1,0
BRDA:29,1,0,0
BRDA:29,1,1,0
BRDA:33,2,0,0
BRDA:33,2,1,0
BRDA:36,3,0,0
BRDA:36,3,1,0
BRDA:38,4,0,0
BRDA:38,4,1,0
BRDA:41,5,0,0
BRDA:41,5,1,0
BRDA:44,6,0,0
BRDA:44,6,1,0
BRDA:46,7,0,0
BRDA:46,7,1,0
BRDA:53,8,0,0
BRDA:53,8,1,0
BRDA:55,9,0,0
BRDA:55,9,1,0
BRDA:60,10,0,0
BRDA:60,10,1,0
BRDA:60,11,0,0
BRDA:60,11,1,0
BRDA:107,12,0,4
BRDA:107,12,1,1
BRDA:108,13,0,1
BRDA:108,13,1,3
BRDA:108,14,0,4
BRDA:108,14,1,1
BRDA:114,15,0,1
BRDA:114,15,1,3
BRDA:114,16,0,4
BRDA:114,16,1,1
BRDA:120,17,0,1
BRDA:120,17,1,3
BRDA:124,18,0,3
BRDA:124,18,1,2
BRDA:124,18,2,2
BRDA:130,19,0,1
BRDA:130,19,1,3
BRDA:130,20,0,4
BRDA:130,20,1,3
BRDA:132,21,0,0
BRDA:132,21,1,3
BRDA:134,22,0,1
BRDA:134,22,1,2
BRDA:134,23,0,3
BRDA:134,23,1,3
BRDA:135,24,0,1
BRDA:135,24,1,1
BRDA:135,25,0,2
BRDA:135,25,1,2
BRDA:156,26,0,2
BRDA:156,26,1,1
BRDA:172,27,0,1
BRDA:172,27,1,1
BRDA:197,28,0,1
BRDA:197,28,1,1
BRF:59
BRH:34
end_of_record
TN:
SF:src/types/Activity.ts
FNF:0
FNH:0
LF:0
LH:0
BRF:0
BRH:0
end_of_record
TN:
SF:src/types/ActivityConfig.ts
FNF:0
FNH:0
LF:0
LH:0
BRF:0
BRH:0
end_of_record
TN:
SF:src/types/DataPoint.ts
FNF:0
FNH:0
LF:0
LH:0
BRF:0
BRH:0
end_of_record
TN:
SF:src/types/Question.ts
FNF:0
FNH:0
LF:0
LH:0
BRF:0
BRH:0
end_of_record
TN:
SF:src/types/Task.ts
FNF:0
FNH:0
LF:0
LH:0
BRF:0
BRH:0
end_of_record
TN:
SF:src/types/TaskAnswer.ts
FNF:0
FNH:0
LF:0
LH:0
BRF:0
BRH:0
end_of_record
TN:
SF:src/types/TaskHistory.ts
FNF:0
FNH:0
LF:0
LH:0
BRF:0
BRH:0
end_of_record
TN:
SF:src/types/TaskResult.ts
FNF:0
FNH:0
LF:0
LH:0
BRF:0
BRH:0
end_of_record
TN:
SF:src/utils/activityParser.ts
FN:21,parseActivityConfig
FN:31,(anonymous_1)
FN:33,(anonymous_2)
FN:43,(anonymous_3)
FN:46,(anonymous_4)
FN:52,(anonymous_5)
FN:55,(anonymous_6)
FN:67,(anonymous_7)
FN:98,(anonymous_8)
FN:124,(anonymous_9)
FN:129,(anonymous_10)
FN:132,(anonymous_11)
FN:142,(anonymous_12)
FN:170,(anonymous_13)
FN:193,(anonymous_14)
FN:204,getDisplayProperty
FNF:16
FNH:0
FNDA:0,parseActivityConfig
FNDA:0,(anonymous_1)
FNDA:0,(anonymous_2)
FNDA:0,(anonymous_3)
FNDA:0,(anonymous_4)
FNDA:0,(anonymous_5)
FNDA:0,(anonymous_6)
FNDA:0,(anonymous_7)
FNDA:0,(anonymous_8)
FNDA:0,(anonymous_9)
FNDA:0,(anonymous_10)
FNDA:0,(anonymous_11)
FNDA:0,(anonymous_12)
FNDA:0,(anonymous_13)
FNDA:0,(anonymous_14)
FNDA:0,getDisplayProperty
DA:25,0
DA:26,0
DA:29,0
DA:30,0
DA:31,0
DA:32,0
DA:33,0
DA:34,0
DA:36,0
DA:42,0
DA:43,0
DA:45,0
DA:46,0
DA:47,0
DA:49,0
DA:51,0
DA:52,0
DA:55,0
DA:57,0
DA:59,0
DA:60,0
DA:63,0
DA:65,0
DA:66,0
DA:67,0
DA:69,0
DA:70,0
DA:71,0
DA:75,0
DA:81,0
DA:83,0
DA:94,0
DA:96,0
DA:97,0
DA:98,0
DA:99,0
DA:100,0
DA:101,0
DA:104,0
DA:109,0
DA:123,0
DA:124,0
DA:125,0
DA:127,0
DA:128,0
DA:129,0
DA:132,0
DA:133,0
DA:135,0
DA:136,0
DA:139,0
DA:140,0
DA:141,0
DA:142,0
DA:143,0
DA:144,0
DA:145,0
DA:148,0
DA:153,0
DA:155,0
DA:166,0
DA:168,0
DA:169,0
DA:170,0
DA:171,0
DA:172,0
DA:173,0
DA:176,0
DA:181,0
DA:193,0
DA:195,0
DA:209,0
LF:72
LH:0
BRDA:23,0,0,0
BRDA:30,1,0,0
BRDA:30,1,1,0
BRDA:32,2,0,0
BRDA:32,2,1,0
BRDA:42,3,0,0
BRDA:42,3,1,0
BRDA:45,4,0,0
BRDA:45,4,1,0
BRDA:45,5,0,0
BRDA:45,5,1,0
BRDA:49,6,0,0
BRDA:49,6,1,0
BRDA:52,7,0,0
BRDA:52,7,1,0
BRDA:52,8,0,0
BRDA:52,8,1,0
BRDA:59,9,0,0
BRDA:59,9,1,0
BRDA:59,10,0,0
BRDA:59,10,1,0
BRDA:63,11,0,0
BRDA:63,11,1,0
BRDA:66,12,0,0
BRDA:66,12,1,0
BRDA:72,13,0,0
BRDA:72,13,1,0
BRDA:81,14,0,0
BRDA:81,14,1,0
BRDA:85,15,0,0
BRDA:85,15,1,0
BRDA:94,16,0,0
BRDA:94,16,1,0
BRDA:97,17,0,0
BRDA:97,17,1,0
BRDA:102,18,0,0
BRDA:102,18,1,0
BRDA:110,19,0,0
BRDA:110,19,1,0
BRDA:111,20,0,0
BRDA:111,20,1,0
BRDA:111,20,2,0
BRDA:111,21,0,0
BRDA:111,21,1,0
BRDA:112,22,0,0
BRDA:112,22,1,0
BRDA:123,23,0,0
BRDA:123,23,1,0
BRDA:123,24,0,0
BRDA:123,24,1,0
BRDA:127,25,0,0
BRDA:127,25,1,0
BRDA:129,26,0,0
BRDA:129,26,1,0
BRDA:129,27,0,0
BRDA:129,27,1,0
BRDA:135,28,0,0
BRDA:135,28,1,0
BRDA:135,29,0,0
BRDA:135,29,1,0
BRDA:139,30,0,0
BRDA:139,30,1,0
BRDA:141,31,0,0
BRDA:141,31,1,0
BRDA:146,32,0,0
BRDA:146,32,1,0
BRDA:153,33,0,0
BRDA:153,33,1,0
BRDA:157,34,0,0
BRDA:157,34,1,0
BRDA:166,35,0,0
BRDA:166,35,1,0
BRDA:169,36,0,0
BRDA:169,36,1,0
BRDA:174,37,0,0
BRDA:174,37,1,0
BRDA:182,38,0,0
BRDA:182,38,1,0
BRDA:183,39,0,0
BRDA:183,39,1,0
BRDA:183,39,2,0
BRDA:183,40,0,0
BRDA:183,40,1,0
BRDA:184,41,0,0
BRDA:184,41,1,0
BRDA:207,42,0,0
BRDA:209,43,0,0
BRDA:209,43,1,0
BRF:88
BRH:0
end_of_record
TN:
SF:src/utils/logger.ts
FN:45,(anonymous_0)
FN:49,(anonymous_1)
FN:53,(anonymous_2)
FN:57,(anonymous_3)
FN:61,(anonymous_4)
FN:65,(anonymous_5)
FN:69,(anonymous_6)
FN:73,(anonymous_7)
FN:77,(anonymous_8)
FN:81,(anonymous_9)
FN:85,(anonymous_10)
FN:89,(anonymous_11)
FN:93,(anonymous_12)
FN:97,(anonymous_13)
FN:101,(anonymous_14)
FN:106,log
FN:128,logSection
FN:138,logSubsection
FNF:18
FNH:0
FNDA:0,(anonymous_0)
FNDA:0,(anonymous_1)
FNDA:0,(anonymous_2)
FNDA:0,(anonymous_3)
FNDA:0,(anonymous_4)
FNDA:0,(anonymous_5)
FNDA:0,(anonymous_6)
FNDA:0,(anonymous_7)
FNDA:0,(anonymous_8)
FNDA:0,(anonymous_9)
FNDA:0,(anonymous_10)
FNDA:0,(anonymous_11)
FNDA:0,(anonymous_12)
FNDA:0,(anonymous_13)
FNDA:0,(anonymous_14)
FNDA:0,log
FNDA:0,logSection
FNDA:0,logSubsection
DA:14,0
DA:32,0
DA:44,0
DA:46,0
DA:50,0
DA:54,0
DA:58,0
DA:62,0
DA:66,0
DA:70,0
DA:74,0
DA:78,0
DA:82,0
DA:86,0
DA:90,0
DA:94,0
DA:98,0
DA:102,0
DA:107,0
DA:108,0
DA:109,0
DA:112,0
DA:115,0
DA:118,0
DA:119,0
DA:121,0
DA:129,0
DA:130,0
DA:131,0
DA:132,0
DA:139,0
DA:140,0
DA:141,0
DA:142,0
LF:34
LH:0
BRDA:106,0,0,0
BRDA:107,1,0,0
BRDA:107,2,0,0
BRDA:108,3,0,0
BRDA:108,3,1,0
BRDA:118,4,0,0
BRDA:118,4,1,0
BRF:7
BRH:0
end_of_record
